
*** Running vivado
    with args -log design_1_wrapper.vdi -applog -m64 -product Vivado -messageDb vivado.pb -mode batch -source design_1_wrapper.tcl -notrace



****** Vivado v2022.1 (64-bit)
  **** SW Build 3526262 on Mon Apr 18 15:48:16 MDT 2022
  **** IP Build 3524634 on Mon Apr 18 20:55:01 MDT 2022
    ** Copyright 1986-2022 Xilinx, Inc. All Rights Reserved.

source design_1_wrapper.tcl -notrace
INFO: [IP_Flow 19-234] Refreshing IP repositories
INFO: [IP_Flow 19-1704] No user IP repositories specified
INFO: [IP_Flow 19-2313] Loaded Vivado IP repository 'C:/Xilinx/Vivado/2022.1/data/ip'.
add_files: Time (s): cpu = 00:00:07 ; elapsed = 00:00:09 . Memory (MB): peak = 1294.348 ; gain = 0.000
Command: link_design -top design_1_wrapper -part xc7s50csga324-1
Design is defaulting to srcset: sources_1
Design is defaulting to constrset: constrs_1
INFO: [Device 21-403] Loading part xc7s50csga324-1
INFO: [Project 1-454] Reading design checkpoint 'c:/Users/Chick/MicrocontrollerFPGA/MicrocontrollerFPGA.gen/sources_1/bd/design_1/ip/design_1_axi_gpio_0_0/design_1_axi_gpio_0_0.dcp' for cell 'design_1_i/axi_gpio_0'
INFO: [Project 1-454] Reading design checkpoint 'c:/Users/Chick/MicrocontrollerFPGA/MicrocontrollerFPGA.gen/sources_1/bd/design_1/ip/design_1_axi_smc_0/design_1_axi_smc_0.dcp' for cell 'design_1_i/axi_smc'
INFO: [Project 1-454] Reading design checkpoint 'c:/Users/Chick/MicrocontrollerFPGA/MicrocontrollerFPGA.gen/sources_1/bd/design_1/ip/design_1_axi_uartlite_0_0/design_1_axi_uartlite_0_0.dcp' for cell 'design_1_i/axi_uartlite_0'
INFO: [Project 1-454] Reading design checkpoint 'c:/Users/Chick/MicrocontrollerFPGA/MicrocontrollerFPGA.gen/sources_1/bd/design_1/ip/design_1_clk_wiz_0_0/design_1_clk_wiz_0_0.dcp' for cell 'design_1_i/clk_wiz_0'
INFO: [Project 1-454] Reading design checkpoint 'c:/Users/Chick/MicrocontrollerFPGA/MicrocontrollerFPGA.gen/sources_1/bd/design_1/ip/design_1_ila_0_0/design_1_ila_0_0.dcp' for cell 'design_1_i/ila_0'
INFO: [Project 1-454] Reading design checkpoint 'c:/Users/Chick/MicrocontrollerFPGA/MicrocontrollerFPGA.gen/sources_1/bd/design_1/ip/design_1_led_fsm_0_0/design_1_led_fsm_0_0.dcp' for cell 'design_1_i/led_fsm_0'
INFO: [Project 1-454] Reading design checkpoint 'c:/Users/Chick/MicrocontrollerFPGA/MicrocontrollerFPGA.gen/sources_1/bd/design_1/ip/design_1_mdm_1_0/design_1_mdm_1_0.dcp' for cell 'design_1_i/mdm_1'
INFO: [Project 1-454] Reading design checkpoint 'c:/Users/Chick/MicrocontrollerFPGA/MicrocontrollerFPGA.gen/sources_1/bd/design_1/ip/design_1_microblaze_0_0/design_1_microblaze_0_0.dcp' for cell 'design_1_i/microblaze_0'
INFO: [Project 1-454] Reading design checkpoint 'c:/Users/Chick/MicrocontrollerFPGA/MicrocontrollerFPGA.gen/sources_1/bd/design_1/ip/design_1_mig_7series_0_0/design_1_mig_7series_0_0.dcp' for cell 'design_1_i/mig_7series_0'
INFO: [Project 1-454] Reading design checkpoint 'c:/Users/Chick/MicrocontrollerFPGA/MicrocontrollerFPGA.gen/sources_1/bd/design_1/ip/design_1_rst_mig_7series_0_81M_0/design_1_rst_mig_7series_0_81M_0.dcp' for cell 'design_1_i/rst_mig_7series_0_81M'
INFO: [Project 1-454] Reading design checkpoint 'c:/Users/Chick/MicrocontrollerFPGA/MicrocontrollerFPGA.gen/sources_1/bd/design_1/ip/design_1_dlmb_bram_if_cntlr_0/design_1_dlmb_bram_if_cntlr_0.dcp' for cell 'design_1_i/microblaze_0_local_memory/dlmb_bram_if_cntlr'
INFO: [Project 1-454] Reading design checkpoint 'c:/Users/Chick/MicrocontrollerFPGA/MicrocontrollerFPGA.gen/sources_1/bd/design_1/ip/design_1_dlmb_v10_0/design_1_dlmb_v10_0.dcp' for cell 'design_1_i/microblaze_0_local_memory/dlmb_v10'
INFO: [Project 1-454] Reading design checkpoint 'c:/Users/Chick/MicrocontrollerFPGA/MicrocontrollerFPGA.gen/sources_1/bd/design_1/ip/design_1_ilmb_bram_if_cntlr_0/design_1_ilmb_bram_if_cntlr_0.dcp' for cell 'design_1_i/microblaze_0_local_memory/ilmb_bram_if_cntlr'
INFO: [Project 1-454] Reading design checkpoint 'c:/Users/Chick/MicrocontrollerFPGA/MicrocontrollerFPGA.gen/sources_1/bd/design_1/ip/design_1_ilmb_v10_0/design_1_ilmb_v10_0.dcp' for cell 'design_1_i/microblaze_0_local_memory/ilmb_v10'
INFO: [Project 1-454] Reading design checkpoint 'c:/Users/Chick/MicrocontrollerFPGA/MicrocontrollerFPGA.gen/sources_1/bd/design_1/ip/design_1_lmb_bram_0/design_1_lmb_bram_0.dcp' for cell 'design_1_i/microblaze_0_local_memory/lmb_bram'
Netlist sorting complete. Time (s): cpu = 00:00:02 ; elapsed = 00:00:01 . Memory (MB): peak = 1294.348 ; gain = 0.000
INFO: [Netlist 29-17] Analyzing 979 Unisim elements for replacement
INFO: [Netlist 29-28] Unisim Transformation completed in 0 CPU seconds
INFO: [Project 1-479] Netlist was created with Vivado 2022.1
INFO: [Project 1-570] Preparing netlist for logic optimization
INFO: [Opt 31-140] Inserted 1 IBUFs to IO ports without IO buffers.
WARNING: [Opt 31-35] Removing redundant IBUF, design_1_i/clk_wiz_0/inst/clkin1_ibufg, from the path connected to top-level port: sys_clock 
Resolution: The tool has removed redundant IBUF. To resolve this warning, check for redundant IBUF in the input design.
WARNING: [Constraints 18-550] Could not create 'IBUF_LOW_PWR' constraint because net 'design_1_i/clk_wiz_0/clk_in1' is not directly connected to top level port. Synthesis is ignored for IBUF_LOW_PWR but preserved for implementation.
INFO: [Chipscope 16-324] Core: design_1_i/ila_0 UUID: be177176-557e-59fe-ace2-fe04795a2b22 
Parsing XDC File [c:/Users/Chick/MicrocontrollerFPGA/MicrocontrollerFPGA.gen/sources_1/bd/design_1/ip/design_1_clk_wiz_0_0/design_1_clk_wiz_0_0_board.xdc] for cell 'design_1_i/clk_wiz_0/inst'
Finished Parsing XDC File [c:/Users/Chick/MicrocontrollerFPGA/MicrocontrollerFPGA.gen/sources_1/bd/design_1/ip/design_1_clk_wiz_0_0/design_1_clk_wiz_0_0_board.xdc] for cell 'design_1_i/clk_wiz_0/inst'
Parsing XDC File [c:/Users/Chick/MicrocontrollerFPGA/MicrocontrollerFPGA.gen/sources_1/bd/design_1/ip/design_1_clk_wiz_0_0/design_1_clk_wiz_0_0.xdc] for cell 'design_1_i/clk_wiz_0/inst'
INFO: [Timing 38-35] Done setting XDC timing constraints. [c:/Users/Chick/MicrocontrollerFPGA/MicrocontrollerFPGA.gen/sources_1/bd/design_1/ip/design_1_clk_wiz_0_0/design_1_clk_wiz_0_0.xdc:57]
INFO: [Timing 38-2] Deriving generated clocks [c:/Users/Chick/MicrocontrollerFPGA/MicrocontrollerFPGA.gen/sources_1/bd/design_1/ip/design_1_clk_wiz_0_0/design_1_clk_wiz_0_0.xdc:57]
get_clocks: Time (s): cpu = 00:00:10 ; elapsed = 00:00:09 . Memory (MB): peak = 1686.031 ; gain = 391.684
Finished Parsing XDC File [c:/Users/Chick/MicrocontrollerFPGA/MicrocontrollerFPGA.gen/sources_1/bd/design_1/ip/design_1_clk_wiz_0_0/design_1_clk_wiz_0_0.xdc] for cell 'design_1_i/clk_wiz_0/inst'
Parsing XDC File [c:/Users/Chick/MicrocontrollerFPGA/MicrocontrollerFPGA.gen/sources_1/bd/design_1/ip/design_1_mig_7series_0_0/design_1_mig_7series_0_0/user_design/constraints/design_1_mig_7series_0_0.xdc] for cell 'design_1_i/mig_7series_0'
Finished Parsing XDC File [c:/Users/Chick/MicrocontrollerFPGA/MicrocontrollerFPGA.gen/sources_1/bd/design_1/ip/design_1_mig_7series_0_0/design_1_mig_7series_0_0/user_design/constraints/design_1_mig_7series_0_0.xdc] for cell 'design_1_i/mig_7series_0'
Parsing XDC File [c:/Users/Chick/MicrocontrollerFPGA/MicrocontrollerFPGA.gen/sources_1/bd/design_1/ip/design_1_microblaze_0_0/design_1_microblaze_0_0.xdc] for cell 'design_1_i/microblaze_0/U0'
Finished Parsing XDC File [c:/Users/Chick/MicrocontrollerFPGA/MicrocontrollerFPGA.gen/sources_1/bd/design_1/ip/design_1_microblaze_0_0/design_1_microblaze_0_0.xdc] for cell 'design_1_i/microblaze_0/U0'
Parsing XDC File [c:/Users/Chick/MicrocontrollerFPGA/MicrocontrollerFPGA.gen/sources_1/bd/design_1/ip/design_1_rst_mig_7series_0_81M_0/design_1_rst_mig_7series_0_81M_0_board.xdc] for cell 'design_1_i/rst_mig_7series_0_81M/U0'
Finished Parsing XDC File [c:/Users/Chick/MicrocontrollerFPGA/MicrocontrollerFPGA.gen/sources_1/bd/design_1/ip/design_1_rst_mig_7series_0_81M_0/design_1_rst_mig_7series_0_81M_0_board.xdc] for cell 'design_1_i/rst_mig_7series_0_81M/U0'
Parsing XDC File [c:/Users/Chick/MicrocontrollerFPGA/MicrocontrollerFPGA.gen/sources_1/bd/design_1/ip/design_1_rst_mig_7series_0_81M_0/design_1_rst_mig_7series_0_81M_0.xdc] for cell 'design_1_i/rst_mig_7series_0_81M/U0'
Finished Parsing XDC File [c:/Users/Chick/MicrocontrollerFPGA/MicrocontrollerFPGA.gen/sources_1/bd/design_1/ip/design_1_rst_mig_7series_0_81M_0/design_1_rst_mig_7series_0_81M_0.xdc] for cell 'design_1_i/rst_mig_7series_0_81M/U0'
Parsing XDC File [c:/Users/Chick/MicrocontrollerFPGA/MicrocontrollerFPGA.gen/sources_1/bd/design_1/ip/design_1_axi_smc_0/bd_0/ip/ip_1/bd_afc3_psr_aclk_0_board.xdc] for cell 'design_1_i/axi_smc/inst/clk_map/psr_aclk/U0'
Finished Parsing XDC File [c:/Users/Chick/MicrocontrollerFPGA/MicrocontrollerFPGA.gen/sources_1/bd/design_1/ip/design_1_axi_smc_0/bd_0/ip/ip_1/bd_afc3_psr_aclk_0_board.xdc] for cell 'design_1_i/axi_smc/inst/clk_map/psr_aclk/U0'
Parsing XDC File [c:/Users/Chick/MicrocontrollerFPGA/MicrocontrollerFPGA.gen/sources_1/bd/design_1/ip/design_1_axi_smc_0/bd_0/ip/ip_1/bd_afc3_psr_aclk_0.xdc] for cell 'design_1_i/axi_smc/inst/clk_map/psr_aclk/U0'
Finished Parsing XDC File [c:/Users/Chick/MicrocontrollerFPGA/MicrocontrollerFPGA.gen/sources_1/bd/design_1/ip/design_1_axi_smc_0/bd_0/ip/ip_1/bd_afc3_psr_aclk_0.xdc] for cell 'design_1_i/axi_smc/inst/clk_map/psr_aclk/U0'
Parsing XDC File [c:/Users/Chick/MicrocontrollerFPGA/MicrocontrollerFPGA.gen/sources_1/bd/design_1/ip/design_1_axi_uartlite_0_0/design_1_axi_uartlite_0_0_board.xdc] for cell 'design_1_i/axi_uartlite_0/U0'
Finished Parsing XDC File [c:/Users/Chick/MicrocontrollerFPGA/MicrocontrollerFPGA.gen/sources_1/bd/design_1/ip/design_1_axi_uartlite_0_0/design_1_axi_uartlite_0_0_board.xdc] for cell 'design_1_i/axi_uartlite_0/U0'
Parsing XDC File [c:/Users/Chick/MicrocontrollerFPGA/MicrocontrollerFPGA.gen/sources_1/bd/design_1/ip/design_1_axi_uartlite_0_0/design_1_axi_uartlite_0_0.xdc] for cell 'design_1_i/axi_uartlite_0/U0'
Finished Parsing XDC File [c:/Users/Chick/MicrocontrollerFPGA/MicrocontrollerFPGA.gen/sources_1/bd/design_1/ip/design_1_axi_uartlite_0_0/design_1_axi_uartlite_0_0.xdc] for cell 'design_1_i/axi_uartlite_0/U0'
Parsing XDC File [c:/Users/Chick/MicrocontrollerFPGA/MicrocontrollerFPGA.gen/sources_1/bd/design_1/ip/design_1_ila_0_0/ila_v6_2/constraints/ila_impl.xdc] for cell 'design_1_i/ila_0/inst'
Finished Parsing XDC File [c:/Users/Chick/MicrocontrollerFPGA/MicrocontrollerFPGA.gen/sources_1/bd/design_1/ip/design_1_ila_0_0/ila_v6_2/constraints/ila_impl.xdc] for cell 'design_1_i/ila_0/inst'
Parsing XDC File [c:/Users/Chick/MicrocontrollerFPGA/MicrocontrollerFPGA.gen/sources_1/bd/design_1/ip/design_1_ila_0_0/ila_v6_2/constraints/ila.xdc] for cell 'design_1_i/ila_0/inst'
Finished Parsing XDC File [c:/Users/Chick/MicrocontrollerFPGA/MicrocontrollerFPGA.gen/sources_1/bd/design_1/ip/design_1_ila_0_0/ila_v6_2/constraints/ila.xdc] for cell 'design_1_i/ila_0/inst'
Parsing XDC File [c:/Users/Chick/MicrocontrollerFPGA/MicrocontrollerFPGA.gen/sources_1/bd/design_1/ip/design_1_axi_gpio_0_0/design_1_axi_gpio_0_0_board.xdc] for cell 'design_1_i/axi_gpio_0/U0'
Finished Parsing XDC File [c:/Users/Chick/MicrocontrollerFPGA/MicrocontrollerFPGA.gen/sources_1/bd/design_1/ip/design_1_axi_gpio_0_0/design_1_axi_gpio_0_0_board.xdc] for cell 'design_1_i/axi_gpio_0/U0'
Parsing XDC File [c:/Users/Chick/MicrocontrollerFPGA/MicrocontrollerFPGA.gen/sources_1/bd/design_1/ip/design_1_axi_gpio_0_0/design_1_axi_gpio_0_0.xdc] for cell 'design_1_i/axi_gpio_0/U0'
Finished Parsing XDC File [c:/Users/Chick/MicrocontrollerFPGA/MicrocontrollerFPGA.gen/sources_1/bd/design_1/ip/design_1_axi_gpio_0_0/design_1_axi_gpio_0_0.xdc] for cell 'design_1_i/axi_gpio_0/U0'
Parsing XDC File [C:/Users/Chick/Downloads/fedevel-master/fedevel-master/youtube_live.xpr/youtube_live/youtube_live.srcs/constrs_1/new/io.xdc]
Finished Parsing XDC File [C:/Users/Chick/Downloads/fedevel-master/fedevel-master/youtube_live.xpr/youtube_live/youtube_live.srcs/constrs_1/new/io.xdc]
Parsing XDC File [c:/Users/Chick/MicrocontrollerFPGA/MicrocontrollerFPGA.gen/sources_1/bd/design_1/ip/design_1_mdm_1_0/design_1_mdm_1_0.xdc] for cell 'design_1_i/mdm_1/U0'
Finished Parsing XDC File [c:/Users/Chick/MicrocontrollerFPGA/MicrocontrollerFPGA.gen/sources_1/bd/design_1/ip/design_1_mdm_1_0/design_1_mdm_1_0.xdc] for cell 'design_1_i/mdm_1/U0'
INFO: [Project 1-1714] 88 XPM XDC files have been applied to the design.
INFO: [Opt 31-138] Pushed 0 inverter(s) to 0 load pin(s).
Generating merged BMM file for the design top 'design_1_wrapper'...
INFO: [Memdata 28-144] Successfully populated the BRAM INIT strings from the following elf files: c:/Users/Chick/MicrocontrollerFPGA/MicrocontrollerFPGA.gen/sources_1/bd/design_1/ip/design_1_microblaze_0_0/data/mb_bootloop_le.elf 
Netlist sorting complete. Time (s): cpu = 00:00:00 ; elapsed = 00:00:00.025 . Memory (MB): peak = 1711.207 ; gain = 0.000
INFO: [Project 1-111] Unisim Transformation Summary:
  A total of 605 instances were transformed.
  CFGLUT5 => CFGLUT5 (SRL16E, SRLC32E): 44 instances
  IOBUFDS_INTERMDISABLE => IOBUFDS_INTERMDISABLE (IBUFDS_INTERMDISABLE_INT(x2), INV, OBUFTDS(x2)): 2 instances
  IOBUF_INTERMDISABLE => IOBUF_INTERMDISABLE (IBUF_INTERMDISABLE, OBUFT): 16 instances
  LUT6_2 => LUT6_2 (LUT5, LUT6): 64 instances
  OBUFDS => OBUFDS_DUAL_BUF (INV, OBUFDS(x2)): 1 instance 
  RAM16X1D => RAM32X1D (RAMD32(x2)): 3 instances
  RAM32M => RAM32M (RAMD32(x6), RAMS32(x2)): 470 instances
  RAM32X1D => RAM32X1D (RAMD32(x2)): 5 instances

31 Infos, 2 Warnings, 0 Critical Warnings and 0 Errors encountered.
link_design completed successfully
link_design: Time (s): cpu = 00:00:30 ; elapsed = 00:00:35 . Memory (MB): peak = 1711.207 ; gain = 416.859
Command: opt_design
Attempting to get a license for feature 'Implementation' and/or device 'xc7s50'
INFO: [Common 17-349] Got license for feature 'Implementation' and/or device 'xc7s50'
Running DRC as a precondition to command opt_design

Starting DRC Task
INFO: [DRC 23-27] Running DRC with 2 threads
INFO: [Project 1-461] DRC finished with 0 Errors
INFO: [Project 1-462] Please refer to the DRC report (report_drc) for more information.

Time (s): cpu = 00:00:03 ; elapsed = 00:00:01 . Memory (MB): peak = 1711.207 ; gain = 0.000

Starting Cache Timing Information Task
INFO: [Timing 38-35] Done setting XDC timing constraints.
Ending Cache Timing Information Task | Checksum: b5b6bdab

Time (s): cpu = 00:00:02 ; elapsed = 00:00:01 . Memory (MB): peak = 1729.172 ; gain = 17.965

Starting Logic Optimization Task

Phase 1 Generate And Synthesize Debug Cores
INFO: [Chipscope 16-329] Generating Script for core instance : dbg_hub 
INFO: [IP_Flow 19-3806] Processing IP xilinx.com:ip:xsdbm:3.0 for cell dbg_hub_CV.
CRITICAL WARNING: [Common 17-55] 'get_property' expects at least one object. [c:/Users/Chick/MicrocontrollerFPGA/MicrocontrollerFPGA.runs/impl_1/.Xil/Vivado-20824-OrionsPC/dbg_hub_CV.0/out/xsdbm_cc_late_late.xdc:10]
Resolution: If [get_<value>] was used to populate the object, check to make sure this command returns at least one valid object.
CRITICAL WARNING: [Common 17-1548] Command failed: can't read "wr_clk_period": no such variable
 [c:/Users/Chick/MicrocontrollerFPGA/MicrocontrollerFPGA.runs/impl_1/.Xil/Vivado-20824-OrionsPC/dbg_hub_CV.0/out/xsdbm_cc_late_late.xdc:12]
CRITICAL WARNING: [Common 17-1548] Command failed: can't read "skew_value": no such variable
 [c:/Users/Chick/MicrocontrollerFPGA/MicrocontrollerFPGA.runs/impl_1/.Xil/Vivado-20824-OrionsPC/dbg_hub_CV.0/out/xsdbm_cc_late_late.xdc:17]
CRITICAL WARNING: [Common 17-55] 'get_property' expects at least one object. [c:/Users/Chick/MicrocontrollerFPGA/MicrocontrollerFPGA.runs/impl_1/.Xil/Vivado-20824-OrionsPC/dbg_hub_CV.0/out/xsdbm_cc_late_late.xdc:19]
Resolution: If [get_<value>] was used to populate the object, check to make sure this command returns at least one valid object.
CRITICAL WARNING: [Common 17-1548] Command failed: can't read "skew_value": no such variable
 [c:/Users/Chick/MicrocontrollerFPGA/MicrocontrollerFPGA.runs/impl_1/.Xil/Vivado-20824-OrionsPC/dbg_hub_CV.0/out/xsdbm_cc_late_late.xdc:20]
CRITICAL WARNING: [Common 17-55] 'get_property' expects at least one object. [c:/Users/Chick/MicrocontrollerFPGA/MicrocontrollerFPGA.runs/impl_1/.Xil/Vivado-20824-OrionsPC/dbg_hub_CV.0/out/xsdbm_cc_late_late.xdc:24]
Resolution: If [get_<value>] was used to populate the object, check to make sure this command returns at least one valid object.
CRITICAL WARNING: [Common 17-1548] Command failed: can't read "rd_clk_period_2": no such variable
 [c:/Users/Chick/MicrocontrollerFPGA/MicrocontrollerFPGA.runs/impl_1/.Xil/Vivado-20824-OrionsPC/dbg_hub_CV.0/out/xsdbm_cc_late_late.xdc:25]
CRITICAL WARNING: [Common 17-55] 'get_property' expects at least one object. [c:/Users/Chick/MicrocontrollerFPGA/MicrocontrollerFPGA.runs/impl_1/.Xil/Vivado-20824-OrionsPC/dbg_hub_CV.0/out/xsdbm_cc_late_late.xdc:32]
Resolution: If [get_<value>] was used to populate the object, check to make sure this command returns at least one valid object.
CRITICAL WARNING: [Common 17-1548] Command failed: can't read "skew_value_2": no such variable
 [c:/Users/Chick/MicrocontrollerFPGA/MicrocontrollerFPGA.runs/impl_1/.Xil/Vivado-20824-OrionsPC/dbg_hub_CV.0/out/xsdbm_cc_late_late.xdc:33]
CRITICAL WARNING: [Common 17-1548] Command failed: can't read "skew_value_2": no such variable
 [c:/Users/Chick/MicrocontrollerFPGA/MicrocontrollerFPGA.runs/impl_1/.Xil/Vivado-20824-OrionsPC/dbg_hub_CV.0/out/xsdbm_cc_late_late.xdc:36]
Netlist sorting complete. Time (s): cpu = 00:00:00 ; elapsed = 00:00:00.065 . Memory (MB): peak = 2081.980 ; gain = 0.000
Phase 1 Generate And Synthesize Debug Cores | Checksum: 190a39fcf

Time (s): cpu = 00:00:03 ; elapsed = 00:01:19 . Memory (MB): peak = 2081.980 ; gain = 44.727

Phase 2 Retarget
INFO: [Opt 31-1287] Pulled Inverter design_1_i/axi_smc/inst/m01_exit_pipeline/m01_exit/inst/splitter_inst/gen_axi4lite.axilite_conv/s_axi_rlast_INST_0 into driver instance design_1_i/axi_smc/inst/m01_exit_pipeline/m01_exit/inst/splitter_inst/gen_axi4lite.axilite_conv/s_axi_rlast_INST_0_i_1, which resulted in an inversion of 12 pins
INFO: [Opt 31-1287] Pulled Inverter design_1_i/axi_smc/inst/m02_exit_pipeline/m02_exit/inst/splitter_inst/gen_axi4lite.axilite_conv/s_axi_rlast_INST_0 into driver instance design_1_i/axi_smc/inst/m02_exit_pipeline/m02_exit/inst/splitter_inst/gen_axi4lite.axilite_conv/s_axi_rlast_INST_0_i_1, which resulted in an inversion of 12 pins
INFO: [Opt 31-1287] Pulled Inverter design_1_i/mdm_1/U0/MDM_Core_I1/JTAG_CONTROL_I/Use_BSCAN.FDC_I/Use_Serial_Unified_Completion.Completion_Status_Register.sample_1[15]_i_1 into driver instance design_1_i/mdm_1/U0/MDM_Core_I1/JTAG_CONTROL_I/Use_BSCAN.FDC_I/Use_Serial_Unified_Completion.Completion_Status_Register.sample_1[15]_i_2, which resulted in an inversion of 14 pins
INFO: [Opt 31-1287] Pulled Inverter design_1_i/mig_7series_0/u_design_1_mig_7series_0_0_mig/u_memc_ui_top_axi/mem_intfc0/ddr_phy_top0/u_ddr_calib_top/ddr_phy_tempmon_0/tempmon_state[0]_i_1 into driver instance design_1_i/mig_7series_0/u_design_1_mig_7series_0_0_mig/u_memc_ui_top_axi/mem_intfc0/ddr_phy_top0/u_ddr_calib_top/ddr_phy_tempmon_0/tempmon_state[10]_i_6, which resulted in an inversion of 14 pins
INFO: [Opt 31-1287] Pulled Inverter design_1_i/mig_7series_0/u_design_1_mig_7series_0_0_mig/u_memc_ui_top_axi/mem_intfc0/ddr_phy_top0/u_ddr_calib_top/u_ddr_phy_init/gen_no_mirror.div_clk_loop[0].phy_address[10]_i_1 into driver instance design_1_i/mig_7series_0/u_design_1_mig_7series_0_0_mig/u_memc_ui_top_axi/mem_intfc0/ddr_phy_top0/u_ddr_calib_top/u_ddr_phy_init/gen_no_mirror.div_clk_loop[0].phy_address[10]_i_2, which resulted in an inversion of 3 pins
INFO: [Opt 31-1287] Pulled Inverter design_1_i/mig_7series_0/u_design_1_mig_7series_0_0_mig/u_memc_ui_top_axi/mem_intfc0/ddr_phy_top0/u_ddr_calib_top/u_ddr_phy_init/my_full[5]_i_3 into driver instance design_1_i/mig_7series_0/u_design_1_mig_7series_0_0_mig/u_memc_ui_top_axi/mem_intfc0/ddr_phy_top0/u_ddr_calib_top/u_ddr_phy_init/my_empty[7]_i_2__1, which resulted in an inversion of 9 pins
INFO: [Opt 31-1287] Pulled Inverter design_1_i/mig_7series_0/u_design_1_mig_7series_0_0_mig/u_memc_ui_top_axi/mem_intfc0/mc0/bank_mach0/arb_mux0/arb_row_col0/col_arb0/col_mux.col_rd_wr_r_i_1 into driver instance design_1_i/mig_7series_0/u_design_1_mig_7series_0_0_mig/u_memc_ui_top_axi/mem_intfc0/mc0/bank_mach0/arb_mux0/arb_row_col0/col_arb0/col_mux.col_rd_wr_r_i_2, which resulted in an inversion of 6 pins
INFO: [Opt 31-1287] Pulled Inverter design_1_i/mig_7series_0/u_design_1_mig_7series_0_0_mig/u_memc_ui_top_axi/mem_intfc0/mc0/bank_mach0/bank_cntrl[0].bank0/bank_queue0/idle_r_lcl_i_1 into driver instance design_1_i/mig_7series_0/u_design_1_mig_7series_0_0_mig/u_memc_ui_top_axi/mem_intfc0/mc0/bank_mach0/bank_cntrl[0].bank0/bank_queue0/idle_r_lcl_i_2, which resulted in an inversion of 9 pins
INFO: [Opt 31-1287] Pulled Inverter design_1_i/mig_7series_0/u_design_1_mig_7series_0_0_mig/u_memc_ui_top_axi/mem_intfc0/mc0/bank_mach0/bank_cntrl[1].bank0/bank_queue0/idle_r_lcl_i_1__2 into driver instance design_1_i/mig_7series_0/u_design_1_mig_7series_0_0_mig/u_memc_ui_top_axi/mem_intfc0/mc0/bank_mach0/bank_cntrl[1].bank0/bank_queue0/idle_r_lcl_i_2__2, which resulted in an inversion of 9 pins
INFO: [Opt 31-1287] Pulled Inverter design_1_i/mig_7series_0/u_design_1_mig_7series_0_0_mig/u_memc_ui_top_axi/mem_intfc0/mc0/bank_mach0/bank_cntrl[2].bank0/bank_queue0/idle_r_lcl_i_1__1 into driver instance design_1_i/mig_7series_0/u_design_1_mig_7series_0_0_mig/u_memc_ui_top_axi/mem_intfc0/mc0/bank_mach0/bank_cntrl[2].bank0/bank_queue0/idle_r_lcl_i_2__1, which resulted in an inversion of 9 pins
INFO: [Opt 31-1287] Pulled Inverter design_1_i/mig_7series_0/u_design_1_mig_7series_0_0_mig/u_memc_ui_top_axi/mem_intfc0/mc0/bank_mach0/bank_cntrl[3].bank0/bank_queue0/idle_r_lcl_i_1__0 into driver instance design_1_i/mig_7series_0/u_design_1_mig_7series_0_0_mig/u_memc_ui_top_axi/mem_intfc0/mc0/bank_mach0/bank_cntrl[3].bank0/bank_queue0/idle_r_lcl_i_2__0, which resulted in an inversion of 9 pins
INFO: [Opt 31-1287] Pulled Inverter design_1_i/mig_7series_0/u_design_1_mig_7series_0_0_mig/u_memc_ui_top_axi/mem_intfc0/mc0/rank_mach0/rank_common0/zq_cntrl.zq_timer.zq_timer_r[0]_i_1 into driver instance design_1_i/mig_7series_0/u_design_1_mig_7series_0_0_mig/u_memc_ui_top_axi/mem_intfc0/mc0/rank_mach0/rank_common0/zq_cntrl.zq_timer.zq_timer_r[0]_i_4, which resulted in an inversion of 2 pins
INFO: [Opt 31-138] Pushed 32 inverter(s) to 156 load pin(s).
In IDDR TRANSFORM
INFO: [Opt 31-49] Retargeted 0 cell(s).
Phase 2 Retarget | Checksum: beac5283

Time (s): cpu = 00:00:05 ; elapsed = 00:01:20 . Memory (MB): peak = 2081.980 ; gain = 44.727
INFO: [Opt 31-389] Phase Retarget created 131 cells and removed 290 cells
INFO: [Opt 31-1021] In phase Retarget, 156 netlist objects are constrained preventing optimization. Please run opt_design with -debug_log to get more detail. 

Phase 3 Constant propagation
INFO: [Opt 31-138] Pushed 0 inverter(s) to 0 load pin(s).
Phase 3 Constant propagation | Checksum: efb03255

Time (s): cpu = 00:00:06 ; elapsed = 00:01:21 . Memory (MB): peak = 2081.980 ; gain = 44.727
INFO: [Opt 31-389] Phase Constant propagation created 132 cells and removed 570 cells
INFO: [Opt 31-1021] In phase Constant propagation, 138 netlist objects are constrained preventing optimization. Please run opt_design with -debug_log to get more detail. 

Phase 4 Sweep
Phase 4 Sweep | Checksum: 178fee29c

Time (s): cpu = 00:00:08 ; elapsed = 00:01:23 . Memory (MB): peak = 2081.980 ; gain = 44.727
INFO: [Opt 31-389] Phase Sweep created 0 cells and removed 1776 cells
INFO: [Opt 31-1021] In phase Sweep, 980 netlist objects are constrained preventing optimization. Please run opt_design with -debug_log to get more detail. 

Phase 5 BUFG optimization
INFO: [Opt 31-194] Inserted BUFG sys_clock_IBUF_BUFG_inst to drive 1550 load(s) on clock net sys_clock_IBUF_BUFG
INFO: [Opt 31-194] Inserted BUFG design_1_i/mdm_1/U0/Use_E2.BSCAN_I/Dbg_Update_0_BUFG_inst to drive 39 load(s) on clock net design_1_i/mdm_1/U0/Use_E2.BSCAN_I/Dbg_Update_0_BUFG
INFO: [Opt 31-193] Inserted 2 BUFG(s) on clock nets
Phase 5 BUFG optimization | Checksum: 11fe71552

Time (s): cpu = 00:00:09 ; elapsed = 00:01:23 . Memory (MB): peak = 2081.980 ; gain = 44.727
INFO: [Opt 31-662] Phase BUFG optimization created 2 cells of which 2 are BUFGs and removed 0 cells.

Phase 6 Shift Register Optimization
INFO: [Opt 31-1064] SRL Remap converted 0 SRLs to 0 registers and converted 0 registers of register chains to 0 SRLs
Phase 6 Shift Register Optimization | Checksum: 11fe71552

Time (s): cpu = 00:00:09 ; elapsed = 00:01:24 . Memory (MB): peak = 2081.980 ; gain = 44.727
INFO: [Opt 31-389] Phase Shift Register Optimization created 0 cells and removed 0 cells

Phase 7 Post Processing Netlist
Phase 7 Post Processing Netlist | Checksum: f6a91a70

Time (s): cpu = 00:00:09 ; elapsed = 00:01:24 . Memory (MB): peak = 2081.980 ; gain = 44.727
INFO: [Opt 31-389] Phase Post Processing Netlist created 0 cells and removed 0 cells
INFO: [Opt 31-1021] In phase Post Processing Netlist, 124 netlist objects are constrained preventing optimization. Please run opt_design with -debug_log to get more detail. 
Opt_design Change Summary
=========================


-------------------------------------------------------------------------------------------------------------------------
|  Phase                        |  #Cells created  |  #Cells Removed  |  #Constrained objects preventing optimizations  |
-------------------------------------------------------------------------------------------------------------------------
|  Retarget                     |             131  |             290  |                                            156  |
|  Constant propagation         |             132  |             570  |                                            138  |
|  Sweep                        |               0  |            1776  |                                            980  |
|  BUFG optimization            |               2  |               0  |                                              0  |
|  Shift Register Optimization  |               0  |               0  |                                              0  |
|  Post Processing Netlist      |               0  |               0  |                                            124  |
-------------------------------------------------------------------------------------------------------------------------



Starting Connectivity Check Task

Time (s): cpu = 00:00:00 ; elapsed = 00:00:00.049 . Memory (MB): peak = 2081.980 ; gain = 0.000
Ending Logic Optimization Task | Checksum: b95a5aad

Time (s): cpu = 00:00:10 ; elapsed = 00:01:25 . Memory (MB): peak = 2081.980 ; gain = 44.727

Starting Power Optimization Task
INFO: [Pwropt 34-132] Skipping clock gating for clocks with a period < 2.00 ns.
INFO: [Pwropt 34-9] Applying IDT optimizations ...
INFO: [Pwropt 34-10] Applying ODC optimizations ...
INFO: [Timing 38-35] Done setting XDC timing constraints.
Running Vector-less Activity Propagation...

Finished Running Vector-less Activity Propagation


Starting PowerOpt Patch Enables Task
INFO: [Pwropt 34-162] WRITE_MODE attribute of 0 BRAM(s) out of a total of 9 has been updated to save power. Run report_power_opt to get a complete listing of the BRAMs updated.
INFO: [Pwropt 34-201] Structural ODC has moved 0 WE to EN ports
Number of BRAM Ports augmented: 9 newly gated: 0 Total Ports: 18
Ending PowerOpt Patch Enables Task | Checksum: 176ae64b0

Time (s): cpu = 00:00:00 ; elapsed = 00:00:00.177 . Memory (MB): peak = 2254.152 ; gain = 0.000
Ending Power Optimization Task | Checksum: 176ae64b0

Time (s): cpu = 00:00:10 ; elapsed = 00:00:06 . Memory (MB): peak = 2254.152 ; gain = 172.172

Starting Final Cleanup Task
Ending Final Cleanup Task | Checksum: 176ae64b0

Time (s): cpu = 00:00:00 ; elapsed = 00:00:00.006 . Memory (MB): peak = 2254.152 ; gain = 0.000

Starting Netlist Obfuscation Task
Netlist sorting complete. Time (s): cpu = 00:00:00 ; elapsed = 00:00:00.068 . Memory (MB): peak = 2254.152 ; gain = 0.000
Ending Netlist Obfuscation Task | Checksum: 128d7b8a3

Time (s): cpu = 00:00:00 ; elapsed = 00:00:00.073 . Memory (MB): peak = 2254.152 ; gain = 0.000
INFO: [Common 17-83] Releasing license: Implementation
80 Infos, 4 Warnings, 10 Critical Warnings and 0 Errors encountered.
opt_design completed successfully
opt_design: Time (s): cpu = 00:00:28 ; elapsed = 00:01:36 . Memory (MB): peak = 2254.152 ; gain = 542.945
INFO: [Timing 38-35] Done setting XDC timing constraints.
INFO: [Timing 38-480] Writing timing data to binary archive.
Writing XDEF routing.
Writing XDEF routing logical nets.
Writing XDEF routing special nets.
Write XDEF Complete: Time (s): cpu = 00:00:00 ; elapsed = 00:00:00.047 . Memory (MB): peak = 2254.152 ; gain = 0.000
INFO: [Common 17-1381] The checkpoint 'C:/Users/Chick/MicrocontrollerFPGA/MicrocontrollerFPGA.runs/impl_1/design_1_wrapper_opt.dcp' has been generated.
write_checkpoint: Time (s): cpu = 00:00:08 ; elapsed = 00:00:06 . Memory (MB): peak = 2254.152 ; gain = 0.000
INFO: [runtcl-4] Executing : report_drc -file design_1_wrapper_drc_opted.rpt -pb design_1_wrapper_drc_opted.pb -rpx design_1_wrapper_drc_opted.rpx
Command: report_drc -file design_1_wrapper_drc_opted.rpt -pb design_1_wrapper_drc_opted.pb -rpx design_1_wrapper_drc_opted.rpx
INFO: [IP_Flow 19-1839] IP Catalog is up to date.
INFO: [DRC 23-27] Running DRC with 2 threads
INFO: [Vivado_Tcl 2-168] The results of DRC are in file C:/Users/Chick/MicrocontrollerFPGA/MicrocontrollerFPGA.runs/impl_1/design_1_wrapper_drc_opted.rpt.
report_drc completed successfully
report_drc: Time (s): cpu = 00:00:09 ; elapsed = 00:00:05 . Memory (MB): peak = 2254.152 ; gain = 0.000
INFO: [Chipscope 16-240] Debug cores have already been implemented
Command: place_design
Attempting to get a license for feature 'Implementation' and/or device 'xc7s50'
INFO: [Common 17-349] Got license for feature 'Implementation' and/or device 'xc7s50'
INFO: [DRC 23-27] Running DRC with 2 threads
INFO: [Vivado_Tcl 4-198] DRC finished with 0 Errors
INFO: [Vivado_Tcl 4-199] Please refer to the DRC report (report_drc) for more information.
Running DRC as a precondition to command place_design
INFO: [DRC 23-27] Running DRC with 2 threads
INFO: [Vivado_Tcl 4-198] DRC finished with 0 Errors
INFO: [Vivado_Tcl 4-199] Please refer to the DRC report (report_drc) for more information.

Starting Placer Task
INFO: [Place 30-611] Multithreading enabled for place_design using a maximum of 2 CPUs

Phase 1 Placer Initialization

Phase 1.1 Placer Initialization Netlist Sorting
Netlist sorting complete. Time (s): cpu = 00:00:00 ; elapsed = 00:00:00.024 . Memory (MB): peak = 2254.152 ; gain = 0.000
Phase 1.1 Placer Initialization Netlist Sorting | Checksum: b42c32a1

Time (s): cpu = 00:00:00 ; elapsed = 00:00:00.036 . Memory (MB): peak = 2254.152 ; gain = 0.000
Netlist sorting complete. Time (s): cpu = 00:00:00 ; elapsed = 00:00:00.024 . Memory (MB): peak = 2254.152 ; gain = 0.000

Phase 1.2 IO Placement/ Clock Placement/ Build Placer Device
Phase 1.2 IO Placement/ Clock Placement/ Build Placer Device | Checksum: c1a81d1b

Time (s): cpu = 00:00:04 ; elapsed = 00:00:03 . Memory (MB): peak = 2254.152 ; gain = 0.000

Phase 1.3 Build Placer Netlist Model
Phase 1.3 Build Placer Netlist Model | Checksum: c7b89cd2

Time (s): cpu = 00:00:12 ; elapsed = 00:00:09 . Memory (MB): peak = 2254.152 ; gain = 0.000

Phase 1.4 Constrain Clocks/Macros
Phase 1.4 Constrain Clocks/Macros | Checksum: c7b89cd2

Time (s): cpu = 00:00:12 ; elapsed = 00:00:09 . Memory (MB): peak = 2254.152 ; gain = 0.000
Phase 1 Placer Initialization | Checksum: c7b89cd2

Time (s): cpu = 00:00:12 ; elapsed = 00:00:09 . Memory (MB): peak = 2254.152 ; gain = 0.000

Phase 2 Global Placement

Phase 2.1 Floorplanning
Phase 2.1 Floorplanning | Checksum: 1300ef9be

Time (s): cpu = 00:00:15 ; elapsed = 00:00:10 . Memory (MB): peak = 2254.152 ; gain = 0.000

Phase 2.2 Update Timing before SLR Path Opt
Phase 2.2 Update Timing before SLR Path Opt | Checksum: ebe6607a

Time (s): cpu = 00:00:17 ; elapsed = 00:00:11 . Memory (MB): peak = 2254.152 ; gain = 0.000

Phase 2.3 Post-Processing in Floorplanning
Phase 2.3 Post-Processing in Floorplanning | Checksum: ebe6607a

Time (s): cpu = 00:00:17 ; elapsed = 00:00:11 . Memory (MB): peak = 2254.152 ; gain = 0.000

Phase 2.4 Global Placement Core

Phase 2.4.1 Physical Synthesis In Placer
INFO: [Physopt 32-1035] Found 0 LUTNM shape to break, 1305 LUT instances to create LUTNM shape
INFO: [Physopt 32-1044] Break lutnm for timing: one critical 0, two critical 0, total 0, new lutff created 0
INFO: [Physopt 32-1138] End 1 Pass. Optimized 564 nets or LUTs. Breaked 0 LUT, combined 564 existing LUTs and moved 0 existing LUT
INFO: [Physopt 32-65] No nets found for high-fanout optimization.
INFO: [Physopt 32-232] Optimized 0 net. Created 0 new instance.
INFO: [Physopt 32-775] End 1 Pass. Optimized 0 net or cell. Created 0 new cell, deleted 0 existing cell and moved 0 existing cell
INFO: [Physopt 32-670] No setup violation found.  DSP Register Optimization was not performed.
INFO: [Physopt 32-670] No setup violation found.  Shift Register to Pipeline Optimization was not performed.
INFO: [Physopt 32-670] No setup violation found.  Shift Register Optimization was not performed.
INFO: [Physopt 32-670] No setup violation found.  BRAM Register Optimization was not performed.
INFO: [Physopt 32-670] No setup violation found.  URAM Register Optimization was not performed.
INFO: [Physopt 32-949] No candidate nets found for dynamic/static region interface net replication
INFO: [Physopt 32-775] End 1 Pass. Optimized 0 net or cell. Created 0 new cell, deleted 0 existing cell and moved 0 existing cell
Netlist sorting complete. Time (s): cpu = 00:00:00 ; elapsed = 00:00:00.024 . Memory (MB): peak = 2254.152 ; gain = 0.000

Summary of Physical Synthesis Optimizations
============================================


-----------------------------------------------------------------------------------------------------------------------------------------------------------
|  Optimization                                     |  Added Cells  |  Removed Cells  |  Optimized Cells/Nets  |  Dont Touch  |  Iterations  |  Elapsed   |
-----------------------------------------------------------------------------------------------------------------------------------------------------------
|  LUT Combining                                    |            0  |            564  |                   564  |           0  |           1  |  00:00:01  |
|  Retime                                           |            0  |              0  |                     0  |           0  |           1  |  00:00:00  |
|  Very High Fanout                                 |            0  |              0  |                     0  |           0  |           1  |  00:00:00  |
|  DSP Register                                     |            0  |              0  |                     0  |           0  |           0  |  00:00:00  |
|  Shift Register to Pipeline                       |            0  |              0  |                     0  |           0  |           0  |  00:00:00  |
|  Shift Register                                   |            0  |              0  |                     0  |           0  |           0  |  00:00:00  |
|  BRAM Register                                    |            0  |              0  |                     0  |           0  |           0  |  00:00:00  |
|  URAM Register                                    |            0  |              0  |                     0  |           0  |           0  |  00:00:00  |
|  Dynamic/Static Region Interface Net Replication  |            0  |              0  |                     0  |           0  |           1  |  00:00:00  |
|  Total                                            |            0  |            564  |                   564  |           0  |           4  |  00:00:01  |
-----------------------------------------------------------------------------------------------------------------------------------------------------------


Phase 2.4.1 Physical Synthesis In Placer | Checksum: 1304c6650

Time (s): cpu = 00:00:42 ; elapsed = 00:00:25 . Memory (MB): peak = 2254.152 ; gain = 0.000
Phase 2.4 Global Placement Core | Checksum: 15973d079

Time (s): cpu = 00:00:43 ; elapsed = 00:00:26 . Memory (MB): peak = 2254.152 ; gain = 0.000
Phase 2 Global Placement | Checksum: 15973d079

Time (s): cpu = 00:00:44 ; elapsed = 00:00:26 . Memory (MB): peak = 2254.152 ; gain = 0.000

Phase 3 Detail Placement

Phase 3.1 Commit Multi Column Macros
Phase 3.1 Commit Multi Column Macros | Checksum: 13d6b885b

Time (s): cpu = 00:00:46 ; elapsed = 00:00:28 . Memory (MB): peak = 2254.152 ; gain = 0.000

Phase 3.2 Commit Most Macros & LUTRAMs
Phase 3.2 Commit Most Macros & LUTRAMs | Checksum: 15c03f9a7

Time (s): cpu = 00:00:51 ; elapsed = 00:00:31 . Memory (MB): peak = 2254.152 ; gain = 0.000

Phase 3.3 Area Swap Optimization
Phase 3.3 Area Swap Optimization | Checksum: 105f9beb3

Time (s): cpu = 00:00:52 ; elapsed = 00:00:31 . Memory (MB): peak = 2254.152 ; gain = 0.000

Phase 3.4 Pipeline Register Optimization
Phase 3.4 Pipeline Register Optimization | Checksum: ee1e09ae

Time (s): cpu = 00:00:52 ; elapsed = 00:00:31 . Memory (MB): peak = 2254.152 ; gain = 0.000

Phase 3.5 Small Shape Detail Placement
Phase 3.5 Small Shape Detail Placement | Checksum: ffb1fc81

Time (s): cpu = 00:01:00 ; elapsed = 00:00:39 . Memory (MB): peak = 2254.152 ; gain = 0.000

Phase 3.6 Re-assign LUT pins
Phase 3.6 Re-assign LUT pins | Checksum: 1ca886e56

Time (s): cpu = 00:01:01 ; elapsed = 00:00:40 . Memory (MB): peak = 2254.152 ; gain = 0.000

Phase 3.7 Pipeline Register Optimization
Phase 3.7 Pipeline Register Optimization | Checksum: 1c52b17dc

Time (s): cpu = 00:01:01 ; elapsed = 00:00:40 . Memory (MB): peak = 2254.152 ; gain = 0.000
Phase 3 Detail Placement | Checksum: 1c52b17dc

Time (s): cpu = 00:01:01 ; elapsed = 00:00:41 . Memory (MB): peak = 2254.152 ; gain = 0.000

Phase 4 Post Placement Optimization and Clean-Up

Phase 4.1 Post Commit Optimization
INFO: [Timing 38-35] Done setting XDC timing constraints.

Phase 4.1.1 Post Placement Optimization
Post Placement Optimization Initialization | Checksum: 22099fe33

Phase 4.1.1.1 BUFG Insertion

Starting Physical Synthesis Task

Phase 1 Physical Synthesis Initialization
INFO: [Physopt 32-721] Multithreading enabled for phys_opt_design using a maximum of 2 CPUs
INFO: [Physopt 32-619] Estimated Timing Summary | WNS=1.124 | TNS=0.000 |
Phase 1 Physical Synthesis Initialization | Checksum: 1bfe16d6b

Time (s): cpu = 00:00:02 ; elapsed = 00:00:01 . Memory (MB): peak = 2254.152 ; gain = 0.000
INFO: [Place 46-56] BUFG insertion identified 0 candidate nets. Inserted BUFG: 0, Replicated BUFG Driver: 0, Skipped due to Placement/Routing Conflicts: 0, Skipped due to Timing Degradation: 0, Skipped due to Illegal Netlist: 0.
Ending Physical Synthesis Task | Checksum: 20b4cf31b

Time (s): cpu = 00:00:02 ; elapsed = 00:00:01 . Memory (MB): peak = 2254.152 ; gain = 0.000
Phase 4.1.1.1 BUFG Insertion | Checksum: 22099fe33

Time (s): cpu = 00:01:12 ; elapsed = 00:00:48 . Memory (MB): peak = 2254.152 ; gain = 0.000

Phase 4.1.1.2 Post Placement Timing Optimization
INFO: [Place 30-746] Post Placement Timing Summary WNS=1.124. For the most accurate timing information please run report_timing.
Phase 4.1.1.2 Post Placement Timing Optimization | Checksum: 1f013dba0

Time (s): cpu = 00:01:12 ; elapsed = 00:00:48 . Memory (MB): peak = 2254.152 ; gain = 0.000

Time (s): cpu = 00:01:12 ; elapsed = 00:00:48 . Memory (MB): peak = 2254.152 ; gain = 0.000
Phase 4.1 Post Commit Optimization | Checksum: 1f013dba0

Time (s): cpu = 00:01:12 ; elapsed = 00:00:48 . Memory (MB): peak = 2254.152 ; gain = 0.000

Phase 4.2 Post Placement Cleanup
Phase 4.2 Post Placement Cleanup | Checksum: 1f013dba0

Time (s): cpu = 00:01:13 ; elapsed = 00:00:48 . Memory (MB): peak = 2254.152 ; gain = 0.000

Phase 4.3 Placer Reporting

Phase 4.3.1 Print Estimated Congestion
INFO: [Place 30-612] Post-Placement Estimated Congestion 
 ____________________________________________________
|           | Global Congestion | Short Congestion  |
| Direction | Region Size       | Region Size       |
|___________|___________________|___________________|
|      North|                1x1|                2x2|
|___________|___________________|___________________|
|      South|                1x1|                4x4|
|___________|___________________|___________________|
|       East|                1x1|                1x1|
|___________|___________________|___________________|
|       West|                1x1|                1x1|
|___________|___________________|___________________|

Phase 4.3.1 Print Estimated Congestion | Checksum: 1f013dba0

Time (s): cpu = 00:01:13 ; elapsed = 00:00:48 . Memory (MB): peak = 2254.152 ; gain = 0.000
Phase 4.3 Placer Reporting | Checksum: 1f013dba0

Time (s): cpu = 00:01:13 ; elapsed = 00:00:49 . Memory (MB): peak = 2254.152 ; gain = 0.000

Phase 4.4 Final Placement Cleanup
Netlist sorting complete. Time (s): cpu = 00:00:00 ; elapsed = 00:00:00.024 . Memory (MB): peak = 2254.152 ; gain = 0.000

Time (s): cpu = 00:01:13 ; elapsed = 00:00:49 . Memory (MB): peak = 2254.152 ; gain = 0.000
Phase 4 Post Placement Optimization and Clean-Up | Checksum: 15b85c8ba

Time (s): cpu = 00:01:13 ; elapsed = 00:00:49 . Memory (MB): peak = 2254.152 ; gain = 0.000
Ending Placer Task | Checksum: 102135a33

Time (s): cpu = 00:01:13 ; elapsed = 00:00:49 . Memory (MB): peak = 2254.152 ; gain = 0.000
INFO: [Common 17-83] Releasing license: Implementation
116 Infos, 4 Warnings, 10 Critical Warnings and 0 Errors encountered.
place_design completed successfully
place_design: Time (s): cpu = 00:01:16 ; elapsed = 00:00:50 . Memory (MB): peak = 2254.152 ; gain = 0.000
INFO: [Timing 38-480] Writing timing data to binary archive.
Writing XDEF routing.
Writing XDEF routing logical nets.
Writing XDEF routing special nets.
Write XDEF Complete: Time (s): cpu = 00:00:06 ; elapsed = 00:00:02 . Memory (MB): peak = 2254.152 ; gain = 0.000
INFO: [Common 17-1381] The checkpoint 'C:/Users/Chick/MicrocontrollerFPGA/MicrocontrollerFPGA.runs/impl_1/design_1_wrapper_placed.dcp' has been generated.
write_checkpoint: Time (s): cpu = 00:00:11 ; elapsed = 00:00:07 . Memory (MB): peak = 2254.152 ; gain = 0.000
INFO: [runtcl-4] Executing : report_io -file design_1_wrapper_io_placed.rpt
report_io: Time (s): cpu = 00:00:00 ; elapsed = 00:00:00.057 . Memory (MB): peak = 2254.152 ; gain = 0.000
INFO: [runtcl-4] Executing : report_utilization -file design_1_wrapper_utilization_placed.rpt -pb design_1_wrapper_utilization_placed.pb
INFO: [runtcl-4] Executing : report_control_sets -verbose -file design_1_wrapper_control_sets_placed.rpt
report_control_sets: Time (s): cpu = 00:00:00 ; elapsed = 00:00:00.120 . Memory (MB): peak = 2254.152 ; gain = 0.000
Command: phys_opt_design
Attempting to get a license for feature 'Implementation' and/or device 'xc7s50'
INFO: [Common 17-349] Got license for feature 'Implementation' and/or device 'xc7s50'
INFO: [Vivado_Tcl 4-383] Design worst setup slack (WNS) is greater than or equal to 0.000 ns. Skipping all physical synthesis optimizations.
INFO: [Vivado_Tcl 4-232] No setup violation found. The netlist was not modified.
INFO: [Common 17-83] Releasing license: Implementation
125 Infos, 4 Warnings, 10 Critical Warnings and 0 Errors encountered.
phys_opt_design completed successfully
INFO: [Timing 38-480] Writing timing data to binary archive.
Writing XDEF routing.
Writing XDEF routing logical nets.
Writing XDEF routing special nets.
Write XDEF Complete: Time (s): cpu = 00:00:05 ; elapsed = 00:00:02 . Memory (MB): peak = 2254.152 ; gain = 0.000
INFO: [Common 17-1381] The checkpoint 'C:/Users/Chick/MicrocontrollerFPGA/MicrocontrollerFPGA.runs/impl_1/design_1_wrapper_physopt.dcp' has been generated.
Command: route_design
Attempting to get a license for feature 'Implementation' and/or device 'xc7s50'
INFO: [Common 17-349] Got license for feature 'Implementation' and/or device 'xc7s50'
Running DRC as a precondition to command route_design
INFO: [DRC 23-27] Running DRC with 2 threads
INFO: [Vivado_Tcl 4-198] DRC finished with 0 Errors
INFO: [Vivado_Tcl 4-199] Please refer to the DRC report (report_drc) for more information.


Starting Routing Task
INFO: [Route 35-254] Multithreading enabled for route_design using a maximum of 2 CPUs

Phase 1 Build RT Design
Checksum: PlaceDB: d56416ca ConstDB: 0 ShapeSum: 2caf4369 RouteDB: 0
Post Restoration Checksum: NetGraph: b55338d7 NumContArr: c07d4045 Constraints: 0 Timing: 0
Phase 1 Build RT Design | Checksum: 175d0791c

Time (s): cpu = 00:00:43 ; elapsed = 00:00:37 . Memory (MB): peak = 2291.453 ; gain = 37.301

Phase 2 Router Initialization

Phase 2.1 Fix Topology Constraints
Phase 2.1 Fix Topology Constraints | Checksum: 175d0791c

Time (s): cpu = 00:00:43 ; elapsed = 00:00:37 . Memory (MB): peak = 2296.289 ; gain = 42.137

Phase 2.2 Pre Route Cleanup
Phase 2.2 Pre Route Cleanup | Checksum: 175d0791c

Time (s): cpu = 00:00:43 ; elapsed = 00:00:37 . Memory (MB): peak = 2296.289 ; gain = 42.137
 Number of Nodes with overlaps = 0

Phase 2.3 Update Timing
Phase 2.3 Update Timing | Checksum: 27714d5f6

Time (s): cpu = 00:00:53 ; elapsed = 00:00:44 . Memory (MB): peak = 2334.852 ; gain = 80.699
INFO: [Route 35-416] Intermediate Timing Summary | WNS=1.123  | TNS=0.000  | WHS=-1.807 | THS=-537.870|


Router Utilization Summary
  Global Vertical Routing Utilization    = 0.00677669 %
  Global Horizontal Routing Utilization  = 0.00130141 %
  Routable Net Status*
  *Does not include unroutable nets such as driverless and loadless.
  Run report_route_status for detailed report.
  Number of Failed Nets               = 21013
    (Failed Nets is the sum of unrouted and partially routed nets)
  Number of Unrouted Nets             = 21013
  Number of Partially Routed Nets     = 0
  Number of Node Overlaps             = 0

Phase 2 Router Initialization | Checksum: 2230cb061

Time (s): cpu = 00:00:59 ; elapsed = 00:00:47 . Memory (MB): peak = 2358.426 ; gain = 104.273

Phase 3 Initial Routing

Phase 3.1 Global Routing
Phase 3.1 Global Routing | Checksum: 2230cb061

Time (s): cpu = 00:00:59 ; elapsed = 00:00:47 . Memory (MB): peak = 2358.426 ; gain = 104.273
Phase 3 Initial Routing | Checksum: d0389431

Time (s): cpu = 00:01:04 ; elapsed = 00:00:50 . Memory (MB): peak = 2358.426 ; gain = 104.273

Phase 4 Rip-up And Reroute

Phase 4.1 Global Iteration 0
 Number of Nodes with overlaps = 1775
 Number of Nodes with overlaps = 63
 Number of Nodes with overlaps = 7
 Number of Nodes with overlaps = 0
INFO: [Route 35-416] Intermediate Timing Summary | WNS=1.123  | TNS=0.000  | WHS=N/A    | THS=N/A    |

Phase 4.1 Global Iteration 0 | Checksum: 1c5d22a2b

Time (s): cpu = 00:01:16 ; elapsed = 00:00:59 . Memory (MB): peak = 2358.426 ; gain = 104.273

Phase 4.2 Global Iteration 1
 Number of Nodes with overlaps = 10
 Number of Nodes with overlaps = 0
INFO: [Route 35-416] Intermediate Timing Summary | WNS=1.123  | TNS=0.000  | WHS=N/A    | THS=N/A    |

Phase 4.2 Global Iteration 1 | Checksum: 1cbdfea92

Time (s): cpu = 00:01:17 ; elapsed = 00:00:59 . Memory (MB): peak = 2358.426 ; gain = 104.273

Phase 4.3 Global Iteration 2
 Number of Nodes with overlaps = 0
INFO: [Route 35-416] Intermediate Timing Summary | WNS=1.123  | TNS=0.000  | WHS=N/A    | THS=N/A    |

Phase 4.3 Global Iteration 2 | Checksum: 24536d08b

Time (s): cpu = 00:01:18 ; elapsed = 00:01:00 . Memory (MB): peak = 2358.426 ; gain = 104.273
Phase 4 Rip-up And Reroute | Checksum: 24536d08b

Time (s): cpu = 00:01:18 ; elapsed = 00:01:00 . Memory (MB): peak = 2358.426 ; gain = 104.273

Phase 5 Delay and Skew Optimization

Phase 5.1 Delay CleanUp
Phase 5.1 Delay CleanUp | Checksum: 24536d08b

Time (s): cpu = 00:01:18 ; elapsed = 00:01:00 . Memory (MB): peak = 2358.426 ; gain = 104.273

Phase 5.2 Clock Skew Optimization
Phase 5.2 Clock Skew Optimization | Checksum: 24536d08b

Time (s): cpu = 00:01:18 ; elapsed = 00:01:00 . Memory (MB): peak = 2358.426 ; gain = 104.273
Phase 5 Delay and Skew Optimization | Checksum: 24536d08b

Time (s): cpu = 00:01:18 ; elapsed = 00:01:00 . Memory (MB): peak = 2358.426 ; gain = 104.273

Phase 6 Post Hold Fix

Phase 6.1 Hold Fix Iter

Phase 6.1.1 Update Timing
Phase 6.1.1 Update Timing | Checksum: 25e8a00be

Time (s): cpu = 00:01:21 ; elapsed = 00:01:02 . Memory (MB): peak = 2358.426 ; gain = 104.273
INFO: [Route 35-416] Intermediate Timing Summary | WNS=1.123  | TNS=0.000  | WHS=0.022  | THS=0.000  |

Phase 6.1 Hold Fix Iter | Checksum: 273ed4f0e

Time (s): cpu = 00:01:21 ; elapsed = 00:01:02 . Memory (MB): peak = 2358.426 ; gain = 104.273
Phase 6 Post Hold Fix | Checksum: 273ed4f0e

Time (s): cpu = 00:01:21 ; elapsed = 00:01:02 . Memory (MB): peak = 2358.426 ; gain = 104.273

Phase 7 Route finalize

Router Utilization Summary
  Global Vertical Routing Utilization    = 7.26812 %
  Global Horizontal Routing Utilization  = 8.01978 %
  Routable Net Status*
  *Does not include unroutable nets such as driverless and loadless.
  Run report_route_status for detailed report.
  Number of Failed Nets               = 0
    (Failed Nets is the sum of unrouted and partially routed nets)
  Number of Unrouted Nets             = 0
  Number of Partially Routed Nets     = 0
  Number of Node Overlaps             = 0

Phase 7 Route finalize | Checksum: 206e87c6a

Time (s): cpu = 00:01:21 ; elapsed = 00:01:02 . Memory (MB): peak = 2358.426 ; gain = 104.273

Phase 8 Verifying routed nets

 Verification completed successfully
Phase 8 Verifying routed nets | Checksum: 206e87c6a

Time (s): cpu = 00:01:21 ; elapsed = 00:01:02 . Memory (MB): peak = 2358.426 ; gain = 104.273

Phase 9 Depositing Routes
Phase 9 Depositing Routes | Checksum: 14a8d623e

Time (s): cpu = 00:01:23 ; elapsed = 00:01:05 . Memory (MB): peak = 2358.426 ; gain = 104.273

Phase 10 Post Router Timing
INFO: [Route 35-57] Estimated Timing Summary | WNS=1.123  | TNS=0.000  | WHS=0.022  | THS=0.000  |

INFO: [Route 35-327] The final timing numbers are based on the router estimated timing analysis. For a complete and accurate timing signoff, please run report_timing_summary.
Phase 10 Post Router Timing | Checksum: 14a8d623e

Time (s): cpu = 00:01:26 ; elapsed = 00:01:06 . Memory (MB): peak = 2358.426 ; gain = 104.273
INFO: [Route 35-16] Router Completed Successfully

Time (s): cpu = 00:01:26 ; elapsed = 00:01:06 . Memory (MB): peak = 2358.426 ; gain = 104.273

Routing Is Done.
INFO: [Common 17-83] Releasing license: Implementation
141 Infos, 4 Warnings, 10 Critical Warnings and 0 Errors encountered.
route_design completed successfully
route_design: Time (s): cpu = 00:01:37 ; elapsed = 00:01:12 . Memory (MB): peak = 2358.426 ; gain = 104.273
INFO: [Timing 38-480] Writing timing data to binary archive.
Writing XDEF routing.
Writing XDEF routing logical nets.
Writing XDEF routing special nets.
Write XDEF Complete: Time (s): cpu = 00:00:06 ; elapsed = 00:00:02 . Memory (MB): peak = 2370.531 ; gain = 12.105
INFO: [Common 17-1381] The checkpoint 'C:/Users/Chick/MicrocontrollerFPGA/MicrocontrollerFPGA.runs/impl_1/design_1_wrapper_routed.dcp' has been generated.
write_checkpoint: Time (s): cpu = 00:00:11 ; elapsed = 00:00:07 . Memory (MB): peak = 2370.531 ; gain = 12.105
INFO: [runtcl-4] Executing : report_drc -file design_1_wrapper_drc_routed.rpt -pb design_1_wrapper_drc_routed.pb -rpx design_1_wrapper_drc_routed.rpx
Command: report_drc -file design_1_wrapper_drc_routed.rpt -pb design_1_wrapper_drc_routed.pb -rpx design_1_wrapper_drc_routed.rpx
INFO: [IP_Flow 19-1839] IP Catalog is up to date.
INFO: [DRC 23-27] Running DRC with 2 threads
INFO: [Vivado_Tcl 2-168] The results of DRC are in file C:/Users/Chick/MicrocontrollerFPGA/MicrocontrollerFPGA.runs/impl_1/design_1_wrapper_drc_routed.rpt.
report_drc completed successfully
report_drc: Time (s): cpu = 00:00:14 ; elapsed = 00:00:08 . Memory (MB): peak = 2396.688 ; gain = 26.156
INFO: [runtcl-4] Executing : report_methodology -file design_1_wrapper_methodology_drc_routed.rpt -pb design_1_wrapper_methodology_drc_routed.pb -rpx design_1_wrapper_methodology_drc_routed.rpx
Command: report_methodology -file design_1_wrapper_methodology_drc_routed.rpt -pb design_1_wrapper_methodology_drc_routed.pb -rpx design_1_wrapper_methodology_drc_routed.rpx
INFO: [Timing 38-35] Done setting XDC timing constraints.
INFO: [DRC 23-133] Running Methodology with 2 threads
INFO: [Vivado_Tcl 2-1520] The results of Report Methodology are in file C:/Users/Chick/MicrocontrollerFPGA/MicrocontrollerFPGA.runs/impl_1/design_1_wrapper_methodology_drc_routed.rpt.
report_methodology completed successfully
report_methodology: Time (s): cpu = 00:00:14 ; elapsed = 00:00:09 . Memory (MB): peak = 2400.168 ; gain = 3.480
INFO: [runtcl-4] Executing : report_power -file design_1_wrapper_power_routed.rpt -pb design_1_wrapper_power_summary_routed.pb -rpx design_1_wrapper_power_routed.rpx
Command: report_power -file design_1_wrapper_power_routed.rpt -pb design_1_wrapper_power_summary_routed.pb -rpx design_1_wrapper_power_routed.rpx
INFO: [Timing 38-35] Done setting XDC timing constraints.
Running Vector-less Activity Propagation...

Finished Running Vector-less Activity Propagation
WARNING: [Power 33-332] Found switching activity that implies high-fanout reset nets being asserted for excessive periods of time which may result in inaccurate power analysis.
Resolution: To review and fix problems, please run Power Constraints Advisor in the GUI from Tools > Power Constraints Advisor or run report_power with the -advisory option to generate a text report.
153 Infos, 5 Warnings, 10 Critical Warnings and 0 Errors encountered.
report_power completed successfully
report_power: Time (s): cpu = 00:00:16 ; elapsed = 00:00:10 . Memory (MB): peak = 2432.547 ; gain = 32.379
INFO: [runtcl-4] Executing : report_route_status -file design_1_wrapper_route_status.rpt -pb design_1_wrapper_route_status.pb
INFO: [runtcl-4] Executing : report_timing_summary -max_paths 10 -report_unconstrained -file design_1_wrapper_timing_summary_routed.rpt -pb design_1_wrapper_timing_summary_routed.pb -rpx design_1_wrapper_timing_summary_routed.rpx -warn_on_violation 
INFO: [Timing 38-91] UpdateTimingParams: Speed grade: -1, Delay Type: min_max.
INFO: [Timing 38-191] Multithreading enabled for timing update using a maximum of 2 CPUs
INFO: [runtcl-4] Executing : report_incremental_reuse -file design_1_wrapper_incremental_reuse_routed.rpt
INFO: [Vivado_Tcl 4-1062] Incremental flow is disabled. No incremental reuse Info to report.
INFO: [runtcl-4] Executing : report_clock_utilization -file design_1_wrapper_clock_utilization_routed.rpt
INFO: [runtcl-4] Executing : report_bus_skew -warn_on_violation -file design_1_wrapper_bus_skew_routed.rpt -pb design_1_wrapper_bus_skew_routed.pb -rpx design_1_wrapper_bus_skew_routed.rpx
INFO: [Timing 38-91] UpdateTimingParams: Speed grade: -1, Delay Type: min_max.
INFO: [Timing 38-191] Multithreading enabled for timing update using a maximum of 2 CPUs
INFO: [Memdata 28-167] Found XPM memory block design_1_i/axi_smc/inst/s01_nodes/s01_r_node/inst/inst_mi_handler/gen_normal_area.inst_fifo_node_payld/gen_xpm_memory_fifo.inst_fifo/gen_mem_rep[0].inst_xpm_memory/xpm_memory_base_inst with a P_MEMORY_PRIMITIVE property set to distributed. A value of block is required. You will not be able to use the updatemem program to update the bitstream with new data for the design_1_i/axi_smc/inst/s01_nodes/s01_r_node/inst/inst_mi_handler/gen_normal_area.inst_fifo_node_payld/gen_xpm_memory_fifo.inst_fifo/gen_mem_rep[0].inst_xpm_memory/xpm_memory_base_inst block.
INFO: [Memdata 28-167] Found XPM memory block design_1_i/axi_smc/inst/s01_nodes/s01_ar_node/inst/inst_mi_handler/gen_normal_area.inst_fifo_node_payld/gen_xpm_memory_fifo.inst_fifo/gen_mem_rep[0].inst_xpm_memory/xpm_memory_base_inst with a P_MEMORY_PRIMITIVE property set to distributed. A value of block is required. You will not be able to use the updatemem program to update the bitstream with new data for the design_1_i/axi_smc/inst/s01_nodes/s01_ar_node/inst/inst_mi_handler/gen_normal_area.inst_fifo_node_payld/gen_xpm_memory_fifo.inst_fifo/gen_mem_rep[0].inst_xpm_memory/xpm_memory_base_inst block.
INFO: [Memdata 28-167] Found XPM memory block design_1_i/axi_smc/inst/s01_nodes/s01_ar_node/inst/inst_mi_handler/gen_normal_area.gen_fifo_req.inst_fifo_req/gen_xpm_memory_fifo.inst_fifo/gen_mem_rep[0].inst_xpm_memory/xpm_memory_base_inst with a P_MEMORY_PRIMITIVE property set to distributed. A value of block is required. You will not be able to use the updatemem program to update the bitstream with new data for the design_1_i/axi_smc/inst/s01_nodes/s01_ar_node/inst/inst_mi_handler/gen_normal_area.gen_fifo_req.inst_fifo_req/gen_xpm_memory_fifo.inst_fifo/gen_mem_rep[0].inst_xpm_memory/xpm_memory_base_inst block.
INFO: [Memdata 28-167] Found XPM memory block design_1_i/axi_smc/inst/s00_nodes/s00_w_node/inst/inst_mi_handler/gen_normal_area.inst_fifo_node_payld/gen_xpm_memory_fifo.inst_fifo/gen_mem_rep[0].inst_xpm_memory/xpm_memory_base_inst with a P_MEMORY_PRIMITIVE property set to distributed. A value of block is required. You will not be able to use the updatemem program to update the bitstream with new data for the design_1_i/axi_smc/inst/s00_nodes/s00_w_node/inst/inst_mi_handler/gen_normal_area.inst_fifo_node_payld/gen_xpm_memory_fifo.inst_fifo/gen_mem_rep[0].inst_xpm_memory/xpm_memory_base_inst block.
INFO: [Memdata 28-167] Found XPM memory block design_1_i/axi_smc/inst/s00_nodes/s00_w_node/inst/inst_mi_handler/gen_normal_area.gen_fifo_req.inst_fifo_req/gen_xpm_memory_fifo.inst_fifo/gen_mem_rep[0].inst_xpm_memory/xpm_memory_base_inst with a P_MEMORY_PRIMITIVE property set to distributed. A value of block is required. You will not be able to use the updatemem program to update the bitstream with new data for the design_1_i/axi_smc/inst/s00_nodes/s00_w_node/inst/inst_mi_handler/gen_normal_area.gen_fifo_req.inst_fifo_req/gen_xpm_memory_fifo.inst_fifo/gen_mem_rep[0].inst_xpm_memory/xpm_memory_base_inst block.
INFO: [Memdata 28-167] Found XPM memory block design_1_i/axi_smc/inst/s00_nodes/s00_r_node/inst/inst_mi_handler/gen_normal_area.inst_fifo_node_payld/gen_xpm_memory_fifo.inst_fifo/gen_mem_rep[0].inst_xpm_memory/xpm_memory_base_inst with a P_MEMORY_PRIMITIVE property set to distributed. A value of block is required. You will not be able to use the updatemem program to update the bitstream with new data for the design_1_i/axi_smc/inst/s00_nodes/s00_r_node/inst/inst_mi_handler/gen_normal_area.inst_fifo_node_payld/gen_xpm_memory_fifo.inst_fifo/gen_mem_rep[0].inst_xpm_memory/xpm_memory_base_inst block.
INFO: [Memdata 28-167] Found XPM memory block design_1_i/axi_smc/inst/s00_nodes/s00_aw_node/inst/inst_mi_handler/gen_normal_area.inst_fifo_node_payld/gen_xpm_memory_fifo.inst_fifo/gen_mem_rep[0].inst_xpm_memory/xpm_memory_base_inst with a P_MEMORY_PRIMITIVE property set to distributed. A value of block is required. You will not be able to use the updatemem program to update the bitstream with new data for the design_1_i/axi_smc/inst/s00_nodes/s00_aw_node/inst/inst_mi_handler/gen_normal_area.inst_fifo_node_payld/gen_xpm_memory_fifo.inst_fifo/gen_mem_rep[0].inst_xpm_memory/xpm_memory_base_inst block.
INFO: [Memdata 28-167] Found XPM memory block design_1_i/axi_smc/inst/s00_nodes/s00_aw_node/inst/inst_mi_handler/gen_normal_area.gen_fifo_req.inst_fifo_req/gen_xpm_memory_fifo.inst_fifo/gen_mem_rep[0].inst_xpm_memory/xpm_memory_base_inst with a P_MEMORY_PRIMITIVE property set to distributed. A value of block is required. You will not be able to use the updatemem program to update the bitstream with new data for the design_1_i/axi_smc/inst/s00_nodes/s00_aw_node/inst/inst_mi_handler/gen_normal_area.gen_fifo_req.inst_fifo_req/gen_xpm_memory_fifo.inst_fifo/gen_mem_rep[0].inst_xpm_memory/xpm_memory_base_inst block.
INFO: [Memdata 28-167] Found XPM memory block design_1_i/axi_smc/inst/s00_nodes/s00_ar_node/inst/inst_mi_handler/gen_normal_area.inst_fifo_node_payld/gen_xpm_memory_fifo.inst_fifo/gen_mem_rep[0].inst_xpm_memory/xpm_memory_base_inst with a P_MEMORY_PRIMITIVE property set to distributed. A value of block is required. You will not be able to use the updatemem program to update the bitstream with new data for the design_1_i/axi_smc/inst/s00_nodes/s00_ar_node/inst/inst_mi_handler/gen_normal_area.inst_fifo_node_payld/gen_xpm_memory_fifo.inst_fifo/gen_mem_rep[0].inst_xpm_memory/xpm_memory_base_inst block.
INFO: [Memdata 28-167] Found XPM memory block design_1_i/axi_smc/inst/s00_nodes/s00_ar_node/inst/inst_mi_handler/gen_normal_area.gen_fifo_req.inst_fifo_req/gen_xpm_memory_fifo.inst_fifo/gen_mem_rep[0].inst_xpm_memory/xpm_memory_base_inst with a P_MEMORY_PRIMITIVE property set to distributed. A value of block is required. You will not be able to use the updatemem program to update the bitstream with new data for the design_1_i/axi_smc/inst/s00_nodes/s00_ar_node/inst/inst_mi_handler/gen_normal_area.gen_fifo_req.inst_fifo_req/gen_xpm_memory_fifo.inst_fifo/gen_mem_rep[0].inst_xpm_memory/xpm_memory_base_inst block.
INFO: [Memdata 28-167] Found XPM memory block design_1_i/axi_smc/inst/m02_nodes/m02_w_node/inst/inst_si_handler/gen_si_handler.gen_request_fifos.gen_req_fifo[0].inst_req_fifo/gen_xpm_memory_fifo.inst_fifo/gen_mem_rep[0].inst_xpm_memory/xpm_memory_base_inst with a P_MEMORY_PRIMITIVE property set to distributed. A value of block is required. You will not be able to use the updatemem program to update the bitstream with new data for the design_1_i/axi_smc/inst/m02_nodes/m02_w_node/inst/inst_si_handler/gen_si_handler.gen_request_fifos.gen_req_fifo[0].inst_req_fifo/gen_xpm_memory_fifo.inst_fifo/gen_mem_rep[0].inst_xpm_memory/xpm_memory_base_inst block.
INFO: [Memdata 28-167] Found XPM memory block design_1_i/axi_smc/inst/m02_nodes/m02_w_node/inst/inst_mi_handler/gen_normal_area.inst_fifo_node_payld/gen_xpm_memory_fifo.inst_fifo/gen_mem_rep[0].inst_xpm_memory/xpm_memory_base_inst with a P_MEMORY_PRIMITIVE property set to distributed. A value of block is required. You will not be able to use the updatemem program to update the bitstream with new data for the design_1_i/axi_smc/inst/m02_nodes/m02_w_node/inst/inst_mi_handler/gen_normal_area.inst_fifo_node_payld/gen_xpm_memory_fifo.inst_fifo/gen_mem_rep[0].inst_xpm_memory/xpm_memory_base_inst block.
INFO: [Memdata 28-167] Found XPM memory block design_1_i/axi_smc/inst/m02_nodes/m02_r_node/inst/inst_mi_handler/gen_normal_area.inst_fifo_node_payld/gen_xpm_memory_fifo.inst_fifo/gen_mem_rep[0].inst_xpm_memory/xpm_memory_base_inst with a P_MEMORY_PRIMITIVE property set to distributed. A value of block is required. You will not be able to use the updatemem program to update the bitstream with new data for the design_1_i/axi_smc/inst/m02_nodes/m02_r_node/inst/inst_mi_handler/gen_normal_area.inst_fifo_node_payld/gen_xpm_memory_fifo.inst_fifo/gen_mem_rep[0].inst_xpm_memory/xpm_memory_base_inst block.
INFO: [Memdata 28-167] Found XPM memory block design_1_i/axi_smc/inst/m02_nodes/m02_r_node/inst/inst_mi_handler/gen_normal_area.gen_fifo_req.inst_fifo_req/gen_xpm_memory_fifo.inst_fifo/gen_mem_rep[0].inst_xpm_memory/xpm_memory_base_inst with a P_MEMORY_PRIMITIVE property set to distributed. A value of block is required. You will not be able to use the updatemem program to update the bitstream with new data for the design_1_i/axi_smc/inst/m02_nodes/m02_r_node/inst/inst_mi_handler/gen_normal_area.gen_fifo_req.inst_fifo_req/gen_xpm_memory_fifo.inst_fifo/gen_mem_rep[0].inst_xpm_memory/xpm_memory_base_inst block.
INFO: [Memdata 28-167] Found XPM memory block design_1_i/axi_smc/inst/m02_nodes/m02_b_node/inst/inst_mi_handler/gen_normal_area.gen_fifo_req.inst_fifo_req/gen_xpm_memory_fifo.inst_fifo/gen_mem_rep[0].inst_xpm_memory/xpm_memory_base_inst with a P_MEMORY_PRIMITIVE property set to distributed. A value of block is required. You will not be able to use the updatemem program to update the bitstream with new data for the design_1_i/axi_smc/inst/m02_nodes/m02_b_node/inst/inst_mi_handler/gen_normal_area.gen_fifo_req.inst_fifo_req/gen_xpm_memory_fifo.inst_fifo/gen_mem_rep[0].inst_xpm_memory/xpm_memory_base_inst block.
INFO: [Memdata 28-167] Found XPM memory block design_1_i/axi_smc/inst/m02_nodes/m02_aw_node/inst/inst_mi_handler/gen_normal_area.inst_fifo_node_payld/gen_xpm_memory_fifo.inst_fifo/gen_mem_rep[0].inst_xpm_memory/xpm_memory_base_inst with a P_MEMORY_PRIMITIVE property set to distributed. A value of block is required. You will not be able to use the updatemem program to update the bitstream with new data for the design_1_i/axi_smc/inst/m02_nodes/m02_aw_node/inst/inst_mi_handler/gen_normal_area.inst_fifo_node_payld/gen_xpm_memory_fifo.inst_fifo/gen_mem_rep[0].inst_xpm_memory/xpm_memory_base_inst block.
INFO: [Memdata 28-167] Found XPM memory block design_1_i/axi_smc/inst/m02_nodes/m02_ar_node/inst/inst_mi_handler/gen_normal_area.inst_fifo_node_payld/gen_xpm_memory_fifo.inst_fifo/gen_mem_rep[0].inst_xpm_memory/xpm_memory_base_inst with a P_MEMORY_PRIMITIVE property set to distributed. A value of block is required. You will not be able to use the updatemem program to update the bitstream with new data for the design_1_i/axi_smc/inst/m02_nodes/m02_ar_node/inst/inst_mi_handler/gen_normal_area.inst_fifo_node_payld/gen_xpm_memory_fifo.inst_fifo/gen_mem_rep[0].inst_xpm_memory/xpm_memory_base_inst block.
INFO: [Memdata 28-167] Found XPM memory block design_1_i/axi_smc/inst/m01_nodes/m01_w_node/inst/inst_si_handler/gen_si_handler.gen_request_fifos.gen_req_fifo[0].inst_req_fifo/gen_xpm_memory_fifo.inst_fifo/gen_mem_rep[0].inst_xpm_memory/xpm_memory_base_inst with a P_MEMORY_PRIMITIVE property set to distributed. A value of block is required. You will not be able to use the updatemem program to update the bitstream with new data for the design_1_i/axi_smc/inst/m01_nodes/m01_w_node/inst/inst_si_handler/gen_si_handler.gen_request_fifos.gen_req_fifo[0].inst_req_fifo/gen_xpm_memory_fifo.inst_fifo/gen_mem_rep[0].inst_xpm_memory/xpm_memory_base_inst block.
INFO: [Memdata 28-167] Found XPM memory block design_1_i/axi_smc/inst/m01_nodes/m01_w_node/inst/inst_mi_handler/gen_normal_area.inst_fifo_node_payld/gen_xpm_memory_fifo.inst_fifo/gen_mem_rep[0].inst_xpm_memory/xpm_memory_base_inst with a P_MEMORY_PRIMITIVE property set to distributed. A value of block is required. You will not be able to use the updatemem program to update the bitstream with new data for the design_1_i/axi_smc/inst/m01_nodes/m01_w_node/inst/inst_mi_handler/gen_normal_area.inst_fifo_node_payld/gen_xpm_memory_fifo.inst_fifo/gen_mem_rep[0].inst_xpm_memory/xpm_memory_base_inst block.
INFO: [Memdata 28-167] Found XPM memory block design_1_i/axi_smc/inst/m01_nodes/m01_r_node/inst/inst_mi_handler/gen_normal_area.inst_fifo_node_payld/gen_xpm_memory_fifo.inst_fifo/gen_mem_rep[0].inst_xpm_memory/xpm_memory_base_inst with a P_MEMORY_PRIMITIVE property set to distributed. A value of block is required. You will not be able to use the updatemem program to update the bitstream with new data for the design_1_i/axi_smc/inst/m01_nodes/m01_r_node/inst/inst_mi_handler/gen_normal_area.inst_fifo_node_payld/gen_xpm_memory_fifo.inst_fifo/gen_mem_rep[0].inst_xpm_memory/xpm_memory_base_inst block.
INFO: [Memdata 28-167] Found XPM memory block design_1_i/axi_smc/inst/m01_nodes/m01_r_node/inst/inst_mi_handler/gen_normal_area.gen_fifo_req.inst_fifo_req/gen_xpm_memory_fifo.inst_fifo/gen_mem_rep[0].inst_xpm_memory/xpm_memory_base_inst with a P_MEMORY_PRIMITIVE property set to distributed. A value of block is required. You will not be able to use the updatemem program to update the bitstream with new data for the design_1_i/axi_smc/inst/m01_nodes/m01_r_node/inst/inst_mi_handler/gen_normal_area.gen_fifo_req.inst_fifo_req/gen_xpm_memory_fifo.inst_fifo/gen_mem_rep[0].inst_xpm_memory/xpm_memory_base_inst block.
INFO: [Memdata 28-167] Found XPM memory block design_1_i/axi_smc/inst/m01_nodes/m01_b_node/inst/inst_mi_handler/gen_normal_area.gen_fifo_req.inst_fifo_req/gen_xpm_memory_fifo.inst_fifo/gen_mem_rep[0].inst_xpm_memory/xpm_memory_base_inst with a P_MEMORY_PRIMITIVE property set to distributed. A value of block is required. You will not be able to use the updatemem program to update the bitstream with new data for the design_1_i/axi_smc/inst/m01_nodes/m01_b_node/inst/inst_mi_handler/gen_normal_area.gen_fifo_req.inst_fifo_req/gen_xpm_memory_fifo.inst_fifo/gen_mem_rep[0].inst_xpm_memory/xpm_memory_base_inst block.
INFO: [Memdata 28-167] Found XPM memory block design_1_i/axi_smc/inst/m01_nodes/m01_aw_node/inst/inst_mi_handler/gen_normal_area.inst_fifo_node_payld/gen_xpm_memory_fifo.inst_fifo/gen_mem_rep[0].inst_xpm_memory/xpm_memory_base_inst with a P_MEMORY_PRIMITIVE property set to distributed. A value of block is required. You will not be able to use the updatemem program to update the bitstream with new data for the design_1_i/axi_smc/inst/m01_nodes/m01_aw_node/inst/inst_mi_handler/gen_normal_area.inst_fifo_node_payld/gen_xpm_memory_fifo.inst_fifo/gen_mem_rep[0].inst_xpm_memory/xpm_memory_base_inst block.
INFO: [Memdata 28-167] Found XPM memory block design_1_i/axi_smc/inst/m01_nodes/m01_ar_node/inst/inst_mi_handler/gen_normal_area.inst_fifo_node_payld/gen_xpm_memory_fifo.inst_fifo/gen_mem_rep[0].inst_xpm_memory/xpm_memory_base_inst with a P_MEMORY_PRIMITIVE property set to distributed. A value of block is required. You will not be able to use the updatemem program to update the bitstream with new data for the design_1_i/axi_smc/inst/m01_nodes/m01_ar_node/inst/inst_mi_handler/gen_normal_area.inst_fifo_node_payld/gen_xpm_memory_fifo.inst_fifo/gen_mem_rep[0].inst_xpm_memory/xpm_memory_base_inst block.
INFO: [Memdata 28-167] Found XPM memory block design_1_i/axi_smc/inst/m00_nodes/m00_w_node/inst/inst_si_handler/gen_si_handler.gen_request_fifos.gen_req_fifo[0].inst_req_fifo/gen_xpm_memory_fifo.inst_fifo/gen_mem_rep[0].inst_xpm_memory/xpm_memory_base_inst with a P_MEMORY_PRIMITIVE property set to distributed. A value of block is required. You will not be able to use the updatemem program to update the bitstream with new data for the design_1_i/axi_smc/inst/m00_nodes/m00_w_node/inst/inst_si_handler/gen_si_handler.gen_request_fifos.gen_req_fifo[0].inst_req_fifo/gen_xpm_memory_fifo.inst_fifo/gen_mem_rep[0].inst_xpm_memory/xpm_memory_base_inst block.
INFO: [Memdata 28-167] Found XPM memory block design_1_i/axi_smc/inst/m00_nodes/m00_w_node/inst/inst_mi_handler/gen_normal_area.inst_fifo_node_payld/gen_xpm_memory_fifo.inst_fifo/gen_mem_rep[0].inst_xpm_memory/xpm_memory_base_inst with a P_MEMORY_PRIMITIVE property set to distributed. A value of block is required. You will not be able to use the updatemem program to update the bitstream with new data for the design_1_i/axi_smc/inst/m00_nodes/m00_w_node/inst/inst_mi_handler/gen_normal_area.inst_fifo_node_payld/gen_xpm_memory_fifo.inst_fifo/gen_mem_rep[0].inst_xpm_memory/xpm_memory_base_inst block.
INFO: [Memdata 28-167] Found XPM memory block design_1_i/axi_smc/inst/m00_nodes/m00_r_node/inst/inst_mi_handler/gen_normal_area.inst_fifo_node_payld/gen_xpm_memory_fifo.inst_fifo/gen_mem_rep[0].inst_xpm_memory/xpm_memory_base_inst with a P_MEMORY_PRIMITIVE property set to distributed. A value of block is required. You will not be able to use the updatemem program to update the bitstream with new data for the design_1_i/axi_smc/inst/m00_nodes/m00_r_node/inst/inst_mi_handler/gen_normal_area.inst_fifo_node_payld/gen_xpm_memory_fifo.inst_fifo/gen_mem_rep[0].inst_xpm_memory/xpm_memory_base_inst block.
INFO: [Memdata 28-167] Found XPM memory block design_1_i/axi_smc/inst/m00_nodes/m00_r_node/inst/inst_mi_handler/gen_normal_area.gen_fifo_req.inst_fifo_req/gen_xpm_memory_fifo.inst_fifo/gen_mem_rep[0].inst_xpm_memory/xpm_memory_base_inst with a P_MEMORY_PRIMITIVE property set to distributed. A value of block is required. You will not be able to use the updatemem program to update the bitstream with new data for the design_1_i/axi_smc/inst/m00_nodes/m00_r_node/inst/inst_mi_handler/gen_normal_area.gen_fifo_req.inst_fifo_req/gen_xpm_memory_fifo.inst_fifo/gen_mem_rep[0].inst_xpm_memory/xpm_memory_base_inst block.
INFO: [Memdata 28-167] Found XPM memory block design_1_i/axi_smc/inst/m00_nodes/m00_b_node/inst/inst_mi_handler/gen_normal_area.gen_fifo_req.inst_fifo_req/gen_xpm_memory_fifo.inst_fifo/gen_mem_rep[0].inst_xpm_memory/xpm_memory_base_inst with a P_MEMORY_PRIMITIVE property set to distributed. A value of block is required. You will not be able to use the updatemem program to update the bitstream with new data for the design_1_i/axi_smc/inst/m00_nodes/m00_b_node/inst/inst_mi_handler/gen_normal_area.gen_fifo_req.inst_fifo_req/gen_xpm_memory_fifo.inst_fifo/gen_mem_rep[0].inst_xpm_memory/xpm_memory_base_inst block.
INFO: [Memdata 28-167] Found XPM memory block design_1_i/axi_smc/inst/m00_nodes/m00_aw_node/inst/inst_mi_handler/gen_normal_area.inst_fifo_node_payld/gen_xpm_memory_fifo.inst_fifo/gen_mem_rep[0].inst_xpm_memory/xpm_memory_base_inst with a P_MEMORY_PRIMITIVE property set to distributed. A value of block is required. You will not be able to use the updatemem program to update the bitstream with new data for the design_1_i/axi_smc/inst/m00_nodes/m00_aw_node/inst/inst_mi_handler/gen_normal_area.inst_fifo_node_payld/gen_xpm_memory_fifo.inst_fifo/gen_mem_rep[0].inst_xpm_memory/xpm_memory_base_inst block.
INFO: [Memdata 28-167] Found XPM memory block design_1_i/axi_smc/inst/m00_nodes/m00_ar_node/inst/inst_mi_handler/gen_normal_area.inst_fifo_node_payld/gen_xpm_memory_fifo.inst_fifo/gen_mem_rep[0].inst_xpm_memory/xpm_memory_base_inst with a P_MEMORY_PRIMITIVE property set to distributed. A value of block is required. You will not be able to use the updatemem program to update the bitstream with new data for the design_1_i/axi_smc/inst/m00_nodes/m00_ar_node/inst/inst_mi_handler/gen_normal_area.inst_fifo_node_payld/gen_xpm_memory_fifo.inst_fifo/gen_mem_rep[0].inst_xpm_memory/xpm_memory_base_inst block.
Command: write_bitstream -force design_1_wrapper.bit
Attempting to get a license for feature 'Implementation' and/or device 'xc7s50'
INFO: [Common 17-349] Got license for feature 'Implementation' and/or device 'xc7s50'
Running DRC as a precondition to command write_bitstream
INFO: [IP_Flow 19-1839] IP Catalog is up to date.
INFO: [DRC 23-27] Running DRC with 2 threads
WARNING: [DRC CFGBVS-1] Missing CFGBVS and CONFIG_VOLTAGE Design Properties: Neither the CFGBVS nor CONFIG_VOLTAGE voltage property is set in the current_design.  Configuration bank voltage select (CFGBVS) must be set to VCCO or GND, and CONFIG_VOLTAGE must be set to the correct configuration voltage, in order to determine the I/O voltage support for the pins in bank 0.  It is suggested to specify these either using the 'Edit Device Properties' function in the GUI or directly in the XDC file using the following syntax:

 set_property CFGBVS value1 [current_design]
 #where value1 is either VCCO or GND

 set_property CONFIG_VOLTAGE value2 [current_design]
 #where value2 is the voltage provided to configuration bank 0

Refer to the device configuration user guide for more information.
WARNING: [DRC PDCN-1569] LUT equation term check: Used physical LUT pin 'A1' of cell dbg_hub/inst/BSCANID.u_xsdbm_id/SWITCH_N_EXT_BSCAN.bscan_switch/temp_curid[31]_i_1 (pin dbg_hub/inst/BSCANID.u_xsdbm_id/SWITCH_N_EXT_BSCAN.bscan_switch/temp_curid[31]_i_1/I0) is not included in the LUT equation: 'O5=(A3*A2)+(A3*(~A2)*(~A5))+((~A3))'. If this cell is a user instantiated LUT in the design, please remove connectivity to the pin or change the equation and/or INIT string of the LUT to prevent this issue. If the cell is inferred or IP created LUT, please regenerate the IP and/or resynthesize the design to attempt to correct the issue.
WARNING: [DRC PDCN-1569] LUT equation term check: Used physical LUT pin 'A1' of cell dbg_hub/inst/BSCANID.u_xsdbm_id/SWITCH_N_EXT_BSCAN.id_state[0]_i_1 (pin dbg_hub/inst/BSCANID.u_xsdbm_id/SWITCH_N_EXT_BSCAN.id_state[0]_i_1/I0) is not included in the LUT equation: 'O6=(A6+~A6)*((A4))'. If this cell is a user instantiated LUT in the design, please remove connectivity to the pin or change the equation and/or INIT string of the LUT to prevent this issue. If the cell is inferred or IP created LUT, please regenerate the IP and/or resynthesize the design to attempt to correct the issue.
WARNING: [DRC PDCN-1569] LUT equation term check: Used physical LUT pin 'A4' of cell dbg_hub/inst/BSCANID.u_xsdbm_id/SWITCH_N_EXT_BSCAN.bscan_switch/temp_curid[31]_i_1 (pin dbg_hub/inst/BSCANID.u_xsdbm_id/SWITCH_N_EXT_BSCAN.bscan_switch/temp_curid[31]_i_1/I1) is not included in the LUT equation: 'O5=(A3*A2)+(A3*(~A2)*(~A5))+((~A3))'. If this cell is a user instantiated LUT in the design, please remove connectivity to the pin or change the equation and/or INIT string of the LUT to prevent this issue. If the cell is inferred or IP created LUT, please regenerate the IP and/or resynthesize the design to attempt to correct the issue.
WARNING: [DRC REQP-1709] Clock output buffering: PLLE2_ADV connectivity violation. The signal design_1_i/mig_7series_0/u_design_1_mig_7series_0_0_mig/u_ddr3_infrastructure/pll_clk3_out on the design_1_i/mig_7series_0/u_design_1_mig_7series_0_0_mig/u_ddr3_infrastructure/plle2_i/CLKOUT3 pin of design_1_i/mig_7series_0/u_design_1_mig_7series_0_0_mig/u_ddr3_infrastructure/plle2_i does not drive the same kind of BUFFER load as the other CLKOUT pins. Routing from the different buffer types will not be phase aligned.
WARNING: [DRC RTSTAT-10] No routable loads: 25 net(s) have no routable loads. The problem bus(es) and/or net(s) are dbg_hub/inst/BSCANID.u_xsdbm_id/SWITCH_N_EXT_BSCAN.bscan_inst/TMS, dbg_hub/inst/BSCANID.u_xsdbm_id/CORE_XSDB.UUT_MASTER/U_ICON_INTERFACE/U_CMD6_RD/U_RD_FIFO/SUBCORE_FIFO.xsdbm_v3_0_0_rdfifo_inst/inst_fifo_gen/gconvfifo.rf/grf.rf/gntv_or_sync_fifo.gl0.rd/gr1.gr1_int.rfwft/aempty_fwft_i, dbg_hub/inst/BSCANID.u_xsdbm_id/CORE_XSDB.UUT_MASTER/U_ICON_INTERFACE/U_CMD7_CTL/ctl_reg[2:0], dbg_hub/inst/BSCANID.u_xsdbm_id/CORE_XSDB.UUT_MASTER/U_ICON_INTERFACE/U_CMD1/ctl_reg_en_2[1], dbg_hub/inst/BSCANID.u_xsdbm_id/CORE_XSDB.UUT_MASTER/U_ICON_INTERFACE/U_CMD7_CTL/ctl_reg_en_2[1], dbg_hub/inst/BSCANID.u_xsdbm_id/SWITCH_N_EXT_BSCAN.bscan_switch/m_bscan_capture[0], dbg_hub/inst/BSCANID.u_xsdbm_id/SWITCH_N_EXT_BSCAN.bscan_switch/m_bscan_drck[0], dbg_hub/inst/BSCANID.u_xsdbm_id/SWITCH_N_EXT_BSCAN.bscan_switch/m_bscan_runtest[0], dbg_hub/inst/BSCANID.u_xsdbm_id/CORE_XSDB.UUT_MASTER/U_ICON_INTERFACE/U_CMD6_WR/U_WR_FIFO/SUBCORE_FIFO.xsdbm_v3_0_0_wrfifo_inst/inst_fifo_gen/gconvfifo.rf/grf.rf/rstblk/ngwrdrst.grst.rd_rst_reg[0], dbg_hub/inst/BSCANID.u_xsdbm_id/CORE_XSDB.UUT_MASTER/U_ICON_INTERFACE/U_CMD6_RD/U_RD_FIFO/SUBCORE_FIFO.xsdbm_v3_0_0_rdfifo_inst/inst_fifo_gen/gconvfifo.rf/grf.rf/rstblk/ngwrdrst.grst.wr_rst_reg[2], dbg_hub/inst/BSCANID.u_xsdbm_id/CORE_XSDB.UUT_MASTER/U_ICON_INTERFACE/U_CMD6_WR/U_WR_FIFO/SUBCORE_FIFO.xsdbm_v3_0_0_wrfifo_inst/inst_fifo_gen/gconvfifo.rf/grf.rf/rstblk/ngwrdrst.grst.wr_rst_reg[2], dbg_hub/inst/BSCANID.u_xsdbm_id/CORE_XSDB.UUT_MASTER/U_ICON_INTERFACE/U_CMD6_WR/U_WR_FIFO/SUBCORE_FIFO.xsdbm_v3_0_0_wrfifo_inst/inst_fifo_gen/gconvfifo.rf/grf.rf/gntv_or_sync_fifo.gl0.wr/gwhf.whf/overflow, dbg_hub/inst/BSCANID.u_xsdbm_id/CORE_XSDB.UUT_MASTER/U_ICON_INTERFACE/U_CMD6_RD/U_RD_FIFO/SUBCORE_FIFO.xsdbm_v3_0_0_rdfifo_inst/inst_fifo_gen/gconvfifo.rf/grf.rf/gntv_or_sync_fifo.gl0.wr/gwhf.whf/overflow, dbg_hub/inst/BSCANID.u_xsdbm_id/CORE_XSDB.UUT_MASTER/U_ICON_INTERFACE/U_CMD6_RD/U_RD_FIFO/SUBCORE_FIFO.xsdbm_v3_0_0_rdfifo_inst/inst_fifo_gen/gconvfifo.rf/grf.rf/gntv_or_sync_fifo.gl0.rd/gras.rsts/ram_empty_i, dbg_hub/inst/BSCANID.u_xsdbm_id/CORE_XSDB.UUT_MASTER/U_ICON_INTERFACE/U_CMD6_WR/U_WR_FIFO/SUBCORE_FIFO.xsdbm_v3_0_0_wrfifo_inst/inst_fifo_gen/gconvfifo.rf/grf.rf/gntv_or_sync_fifo.gl0.wr/gwas.wsts/ram_full_i... and (the first 15 of 23 listed).
INFO: [Vivado 12-3199] DRC finished with 0 Errors, 6 Warnings
INFO: [Vivado 12-3200] Please refer to the DRC report (report_drc) for more information.
INFO: [Designutils 20-2272] Running write_bitstream with 2 threads.
Loading data files...
Loading site data...
Loading route data...
Processing options...
Creating bitmap...
Creating bitstream...
Writing bitstream ./design_1_wrapper.bit...
INFO: [Vivado 12-1842] Bitgen Completed Successfully.
INFO: [Project 1-1876] WebTalk data collection is mandatory when using a ULT device. To see the specific WebTalk data collected for your design, open the usage_statistics_webtalk.html or usage_statistics_webtalk.xml file in the implementation directory.
INFO: [Common 17-83] Releasing license: Implementation
43 Infos, 6 Warnings, 0 Critical Warnings and 0 Errors encountered.
write_bitstream completed successfully
write_bitstream: Time (s): cpu = 00:00:27 ; elapsed = 00:00:20 . Memory (MB): peak = 2920.453 ; gain = 479.480
INFO: [Common 17-206] Exiting Vivado at Sun Aug 14 23:36:54 2022...
