TRACE::2022-08-15.22:02:46::SCWPlatform::Trying to open the hw design at C:/Users/Chick/MicrocontrollerFPGA/wksp/design_1_wrapper/hw/design_1_wrapper.xsa
TRACE::2022-08-15.22:02:46::SCWPlatform::DSA given C:/Users/Chick/MicrocontrollerFPGA/wksp/design_1_wrapper/hw/design_1_wrapper.xsa
TRACE::2022-08-15.22:02:46::SCWPlatform::DSA absoulate path C:/Users/Chick/MicrocontrollerFPGA/wksp/design_1_wrapper/hw/design_1_wrapper.xsa
TRACE::2022-08-15.22:02:46::SCWPlatform::DSA directory C:/Users/Chick/MicrocontrollerFPGA/wksp/design_1_wrapper/hw
TRACE::2022-08-15.22:02:46::SCWPlatform:: Platform Path C:/Users/Chick/MicrocontrollerFPGA/wksp/design_1_wrapper/hw/design_1_wrapper.xsa
TRACE::2022-08-15.22:02:46::SCWPlatform:: Unique name xilinx:arty-s7-50::0.0
TRACE::2022-08-15.22:02:46::SCWPlatform::Do not have an existing db opened. 
TRACE::2022-08-15.22:02:49::SCWPlatform::Opened new HwDB with name design_1_wrapper_0
TRACE::2022-08-15.22:02:49::SCWWriter::formatted JSON is {
	"platformName":	"design_1_wrapper",
	"sprVersion":	"2.0",
	"mode":	"gui",
	"dsaType":	"Fixed",
	"platformDesc":	"design_1_wrapper",
	"platHandOff":	"C:/Users/Chick/MicrocontrollerFPGA/design_1_wrapper.xsa",
	"platIntHandOff":	"<platformDir>/hw/design_1_wrapper.xsa",
	"deviceType":	"FPGA",
	"platIsPrebuiltAutogen":	"false",
	"platIsNoBootBsp":	"false",
	"hasFsblMakeHasChanges":	"false",
	"hasPmufwMakeHasChanges":	"false",
	"platPreBuiltFlag":	false,
	"platformSamplesDir":	""
}
TRACE::2022-08-15.22:02:49::SCWWriter::formatted JSON is {
	"platformName":	"design_1_wrapper",
	"sprVersion":	"2.0",
	"mode":	"gui",
	"dsaType":	"Fixed",
	"platformDesc":	"design_1_wrapper",
	"platHandOff":	"C:/Users/Chick/MicrocontrollerFPGA/design_1_wrapper.xsa",
	"platIntHandOff":	"<platformDir>/hw/design_1_wrapper.xsa",
	"deviceType":	"FPGA",
	"platIsPrebuiltAutogen":	"false",
	"platIsNoBootBsp":	"false",
	"hasFsblMakeHasChanges":	"false",
	"hasPmufwMakeHasChanges":	"false",
	"platPreBuiltFlag":	false,
	"platformSamplesDir":	"",
	"platActiveSys":	"design_1_wrapper",
	"systems":	[{
			"systemName":	"design_1_wrapper",
			"systemDesc":	"design_1_wrapper",
			"sysIsBootAutoGen":	"true",
			"systemDispName":	"design_1_wrapper"
		}]
}
TRACE::2022-08-15.22:02:49::SCWPlatform::Boot application domains not present, creating them
TRACE::2022-08-15.22:02:49::SCWPlatform::Pure FPGA device, no boot application will be created.
TRACE::2022-08-15.22:02:49::SCWWriter::formatted JSON is {
	"platformName":	"design_1_wrapper",
	"sprVersion":	"2.0",
	"mode":	"gui",
	"dsaType":	"Fixed",
	"platformDesc":	"design_1_wrapper",
	"platHandOff":	"C:/Users/Chick/MicrocontrollerFPGA/design_1_wrapper.xsa",
	"platIntHandOff":	"<platformDir>/hw/design_1_wrapper.xsa",
	"deviceType":	"FPGA",
	"platIsPrebuiltAutogen":	"false",
	"platIsNoBootBsp":	"false",
	"hasFsblMakeHasChanges":	"false",
	"hasPmufwMakeHasChanges":	"false",
	"platPreBuiltFlag":	false,
	"platformSamplesDir":	"",
	"platActiveSys":	"design_1_wrapper",
	"systems":	[{
			"systemName":	"design_1_wrapper",
			"systemDesc":	"design_1_wrapper",
			"sysIsBootAutoGen":	"true",
			"systemDispName":	"design_1_wrapper"
		}]
}
TRACE::2022-08-15.22:02:49::SCWWriter::formatted JSON is {
	"platformName":	"design_1_wrapper",
	"sprVersion":	"2.0",
	"mode":	"gui",
	"dsaType":	"Fixed",
	"platformDesc":	"design_1_wrapper",
	"platHandOff":	"C:/Users/Chick/MicrocontrollerFPGA/design_1_wrapper.xsa",
	"platIntHandOff":	"<platformDir>/hw/design_1_wrapper.xsa",
	"deviceType":	"FPGA",
	"platIsPrebuiltAutogen":	"false",
	"platIsNoBootBsp":	"false",
	"hasFsblMakeHasChanges":	"false",
	"hasPmufwMakeHasChanges":	"false",
	"platPreBuiltFlag":	false,
	"platformSamplesDir":	"",
	"platActiveSys":	"design_1_wrapper",
	"systems":	[{
			"systemName":	"design_1_wrapper",
			"systemDesc":	"design_1_wrapper",
			"sysIsBootAutoGen":	"true",
			"systemDispName":	"design_1_wrapper"
		}]
}
TRACE::2022-08-15.22:02:49::SCWPlatform::Trying to open the hw design at C:/Users/Chick/MicrocontrollerFPGA/wksp/design_1_wrapper/hw/design_1_wrapper.xsa
TRACE::2022-08-15.22:02:49::SCWPlatform::DSA given C:/Users/Chick/MicrocontrollerFPGA/wksp/design_1_wrapper/hw/design_1_wrapper.xsa
TRACE::2022-08-15.22:02:49::SCWPlatform::DSA absoulate path C:/Users/Chick/MicrocontrollerFPGA/wksp/design_1_wrapper/hw/design_1_wrapper.xsa
TRACE::2022-08-15.22:02:49::SCWPlatform::DSA directory C:/Users/Chick/MicrocontrollerFPGA/wksp/design_1_wrapper/hw
TRACE::2022-08-15.22:02:49::SCWPlatform:: Platform Path C:/Users/Chick/MicrocontrollerFPGA/wksp/design_1_wrapper/hw/design_1_wrapper.xsa
TRACE::2022-08-15.22:02:49::SCWPlatform:: Unique name xilinx:arty-s7-50::0.0
TRACE::2022-08-15.22:02:49::SCWPlatform::Trying to set the existing hwdb with name design_1_wrapper_0
TRACE::2022-08-15.22:02:49::SCWPlatform::Opened existing hwdb design_1_wrapper_0
TRACE::2022-08-15.22:02:49::SCWPlatform::Found the Hw Db part of the input DSA
TRACE::2022-08-15.22:02:49::SCWPlatform::Trying to open the hw design at C:/Users/Chick/MicrocontrollerFPGA/wksp/design_1_wrapper/hw/design_1_wrapper.xsa
TRACE::2022-08-15.22:02:49::SCWPlatform::DSA given C:/Users/Chick/MicrocontrollerFPGA/wksp/design_1_wrapper/hw/design_1_wrapper.xsa
TRACE::2022-08-15.22:02:49::SCWPlatform::DSA absoulate path C:/Users/Chick/MicrocontrollerFPGA/wksp/design_1_wrapper/hw/design_1_wrapper.xsa
TRACE::2022-08-15.22:02:49::SCWPlatform::DSA directory C:/Users/Chick/MicrocontrollerFPGA/wksp/design_1_wrapper/hw
TRACE::2022-08-15.22:02:49::SCWPlatform:: Platform Path C:/Users/Chick/MicrocontrollerFPGA/wksp/design_1_wrapper/hw/design_1_wrapper.xsa
TRACE::2022-08-15.22:02:49::SCWPlatform:: Unique name xilinx:arty-s7-50::0.0
TRACE::2022-08-15.22:02:49::SCWPlatform::Trying to set the existing hwdb with name design_1_wrapper_0
TRACE::2022-08-15.22:02:49::SCWPlatform::Opened existing hwdb design_1_wrapper_0
TRACE::2022-08-15.22:02:49::SCWPlatform::Found the Hw Db part of the input DSA
TRACE::2022-08-15.22:02:49::SCWDomain::checking for install qemu data   : 
TRACE::2022-08-15.22:02:49::SCWPlatform::Trying to open the hw design at C:/Users/Chick/MicrocontrollerFPGA/wksp/design_1_wrapper/hw/design_1_wrapper.xsa
TRACE::2022-08-15.22:02:49::SCWPlatform::DSA given C:/Users/Chick/MicrocontrollerFPGA/wksp/design_1_wrapper/hw/design_1_wrapper.xsa
TRACE::2022-08-15.22:02:49::SCWPlatform::DSA absoulate path C:/Users/Chick/MicrocontrollerFPGA/wksp/design_1_wrapper/hw/design_1_wrapper.xsa
TRACE::2022-08-15.22:02:49::SCWPlatform::DSA directory C:/Users/Chick/MicrocontrollerFPGA/wksp/design_1_wrapper/hw
TRACE::2022-08-15.22:02:49::SCWPlatform:: Platform Path C:/Users/Chick/MicrocontrollerFPGA/wksp/design_1_wrapper/hw/design_1_wrapper.xsa
TRACE::2022-08-15.22:02:49::SCWPlatform:: Unique name xilinx:arty-s7-50::0.0
TRACE::2022-08-15.22:02:49::SCWPlatform::Trying to set the existing hwdb with name design_1_wrapper_0
TRACE::2022-08-15.22:02:49::SCWPlatform::Opened existing hwdb design_1_wrapper_0
TRACE::2022-08-15.22:02:49::SCWPlatform::Found the Hw Db part of the input DSA
TRACE::2022-08-15.22:02:49::SCWPlatform::Trying to open the hw design at C:/Users/Chick/MicrocontrollerFPGA/wksp/design_1_wrapper/hw/design_1_wrapper.xsa
TRACE::2022-08-15.22:02:49::SCWPlatform::DSA given C:/Users/Chick/MicrocontrollerFPGA/wksp/design_1_wrapper/hw/design_1_wrapper.xsa
TRACE::2022-08-15.22:02:49::SCWPlatform::DSA absoulate path C:/Users/Chick/MicrocontrollerFPGA/wksp/design_1_wrapper/hw/design_1_wrapper.xsa
TRACE::2022-08-15.22:02:49::SCWPlatform::DSA directory C:/Users/Chick/MicrocontrollerFPGA/wksp/design_1_wrapper/hw
TRACE::2022-08-15.22:02:49::SCWPlatform:: Platform Path C:/Users/Chick/MicrocontrollerFPGA/wksp/design_1_wrapper/hw/design_1_wrapper.xsa
TRACE::2022-08-15.22:02:49::SCWPlatform:: Unique name xilinx:arty-s7-50::0.0
TRACE::2022-08-15.22:02:49::SCWPlatform::Trying to set the existing hwdb with name design_1_wrapper_0
TRACE::2022-08-15.22:02:49::SCWPlatform::Opened existing hwdb design_1_wrapper_0
TRACE::2022-08-15.22:02:49::SCWPlatform::Found the Hw Db part of the input DSA
TRACE::2022-08-15.22:02:49::SCWPlatform::Trying to open the hw design at C:/Users/Chick/MicrocontrollerFPGA/wksp/design_1_wrapper/hw/design_1_wrapper.xsa
TRACE::2022-08-15.22:02:49::SCWPlatform::DSA given C:/Users/Chick/MicrocontrollerFPGA/wksp/design_1_wrapper/hw/design_1_wrapper.xsa
TRACE::2022-08-15.22:02:49::SCWPlatform::DSA absoulate path C:/Users/Chick/MicrocontrollerFPGA/wksp/design_1_wrapper/hw/design_1_wrapper.xsa
TRACE::2022-08-15.22:02:49::SCWPlatform::DSA directory C:/Users/Chick/MicrocontrollerFPGA/wksp/design_1_wrapper/hw
TRACE::2022-08-15.22:02:49::SCWPlatform:: Platform Path C:/Users/Chick/MicrocontrollerFPGA/wksp/design_1_wrapper/hw/design_1_wrapper.xsa
TRACE::2022-08-15.22:02:49::SCWPlatform:: Unique name xilinx:arty-s7-50::0.0
TRACE::2022-08-15.22:02:49::SCWPlatform::Trying to set the existing hwdb with name design_1_wrapper_0
TRACE::2022-08-15.22:02:49::SCWPlatform::Opened existing hwdb design_1_wrapper_0
TRACE::2022-08-15.22:02:49::SCWPlatform::Found the Hw Db part of the input DSA
TRACE::2022-08-15.22:02:49::SCWMssOS::Checking the sw design at  C:/Users/Chick/MicrocontrollerFPGA/wksp/design_1_wrapper/microblaze_0/standalone_microblaze_0/bsp/system.mss
TRACE::2022-08-15.22:02:49::SCWMssOS::DEBUG:  swdes dump  
TRACE::2022-08-15.22:02:49::SCWMssOS::No sw design opened at  C:/Users/Chick/MicrocontrollerFPGA/wksp/design_1_wrapper/microblaze_0/standalone_microblaze_0/bsp/system.mss
TRACE::2022-08-15.22:02:49::SCWMssOS::mss does not exists at C:/Users/Chick/MicrocontrollerFPGA/wksp/design_1_wrapper/microblaze_0/standalone_microblaze_0/bsp/system.mss
TRACE::2022-08-15.22:02:49::SCWMssOS::Creating sw design at  C:/Users/Chick/MicrocontrollerFPGA/wksp/design_1_wrapper/microblaze_0/standalone_microblaze_0/bsp/system.mss
TRACE::2022-08-15.22:02:49::SCWMssOS::Adding the swdes entry, created swdb C:/Users/Chick/MicrocontrollerFPGA/wksp/design_1_wrapper/microblaze_0/standalone_microblaze_0/bsp/system.mss with des name C:/Users/Chick/MicrocontrollerFPGA/wksp/design_1_wrapper/microblaze_0/standalone_microblaze_0/bsp/system.mss
TRACE::2022-08-15.22:02:49::SCWMssOS::updating the scw layer changes to swdes at   C:/Users/Chick/MicrocontrollerFPGA/wksp/design_1_wrapper/microblaze_0/standalone_microblaze_0/bsp/system.mss
TRACE::2022-08-15.22:02:49::SCWMssOS::Writing mss at C:/Users/Chick/MicrocontrollerFPGA/wksp/design_1_wrapper/microblaze_0/standalone_microblaze_0/bsp/system.mss
TRACE::2022-08-15.22:02:49::SCWMssOS::Completed writing the mss file at C:/Users/Chick/MicrocontrollerFPGA/wksp/design_1_wrapper/microblaze_0/standalone_microblaze_0/bsp
TRACE::2022-08-15.22:02:49::SCWMssOS::Picking up changes from newly written mss file into SCW Layer. 
TRACE::2022-08-15.22:02:49::SCWMssOS::Updated the changes from newly written mss file into SCW Layer. 
TRACE::2022-08-15.22:02:49::SCWMssOS::Completed writing the mss file at C:/Users/Chick/MicrocontrollerFPGA/wksp/design_1_wrapper/microblaze_0/standalone_microblaze_0/bsp
TRACE::2022-08-15.22:02:49::SCWMssOS::Forcing BSP Sources regeneration.
TRACE::2022-08-15.22:02:50::SCWMssOS::Saving the mss changes C:/Users/Chick/MicrocontrollerFPGA/wksp/design_1_wrapper/microblaze_0/standalone_microblaze_0/bsp/system.mss
TRACE::2022-08-15.22:02:50::SCWMssOS::Adding the swdes entry, mss present, able to open swdb C:/Users/Chick/MicrocontrollerFPGA/wksp/design_1_wrapper/microblaze_0/standalone_microblaze_0/bsp/system.mss with des name system
TRACE::2022-08-15.22:02:50::SCWMssOS::Writing the mss file completed C:/Users/Chick/MicrocontrollerFPGA/wksp/design_1_wrapper/microblaze_0/standalone_microblaze_0/bsp/system.mss
TRACE::2022-08-15.22:02:50::SCWMssOS::Commit changes completed.
TRACE::2022-08-15.22:02:50::SCWPlatform::Trying to open the hw design at C:/Users/Chick/MicrocontrollerFPGA/wksp/design_1_wrapper/hw/design_1_wrapper.xsa
TRACE::2022-08-15.22:02:50::SCWPlatform::DSA given C:/Users/Chick/MicrocontrollerFPGA/wksp/design_1_wrapper/hw/design_1_wrapper.xsa
TRACE::2022-08-15.22:02:50::SCWPlatform::DSA absoulate path C:/Users/Chick/MicrocontrollerFPGA/wksp/design_1_wrapper/hw/design_1_wrapper.xsa
TRACE::2022-08-15.22:02:50::SCWPlatform::DSA directory C:/Users/Chick/MicrocontrollerFPGA/wksp/design_1_wrapper/hw
TRACE::2022-08-15.22:02:50::SCWPlatform:: Platform Path C:/Users/Chick/MicrocontrollerFPGA/wksp/design_1_wrapper/hw/design_1_wrapper.xsa
TRACE::2022-08-15.22:02:50::SCWPlatform:: Unique name xilinx:arty-s7-50::0.0
TRACE::2022-08-15.22:02:50::SCWPlatform::Trying to set the existing hwdb with name design_1_wrapper_0
TRACE::2022-08-15.22:02:50::SCWPlatform::Opened existing hwdb design_1_wrapper_0
TRACE::2022-08-15.22:02:50::SCWPlatform::Found the Hw Db part of the input DSA
TRACE::2022-08-15.22:02:50::SCWMssOS::Checking the sw design at  C:/Users/Chick/MicrocontrollerFPGA/wksp/design_1_wrapper/microblaze_0/standalone_microblaze_0/bsp/system.mss
TRACE::2022-08-15.22:02:50::SCWMssOS::DEBUG:  swdes dump  C:/Users/Chick/MicrocontrollerFPGA/wksp/design_1_wrapper/microblaze_0/standalone_microblaze_0/bsp/system.mss|system||

TRACE::2022-08-15.22:02:50::SCWMssOS::Sw design exists and opened at  C:/Users/Chick/MicrocontrollerFPGA/wksp/design_1_wrapper/microblaze_0/standalone_microblaze_0/bsp/system.mss
TRACE::2022-08-15.22:02:50::SCWPlatform::Trying to open the hw design at C:/Users/Chick/MicrocontrollerFPGA/wksp/design_1_wrapper/hw/design_1_wrapper.xsa
TRACE::2022-08-15.22:02:50::SCWPlatform::DSA given C:/Users/Chick/MicrocontrollerFPGA/wksp/design_1_wrapper/hw/design_1_wrapper.xsa
TRACE::2022-08-15.22:02:50::SCWPlatform::DSA absoulate path C:/Users/Chick/MicrocontrollerFPGA/wksp/design_1_wrapper/hw/design_1_wrapper.xsa
TRACE::2022-08-15.22:02:50::SCWPlatform::DSA directory C:/Users/Chick/MicrocontrollerFPGA/wksp/design_1_wrapper/hw
TRACE::2022-08-15.22:02:50::SCWPlatform:: Platform Path C:/Users/Chick/MicrocontrollerFPGA/wksp/design_1_wrapper/hw/design_1_wrapper.xsa
TRACE::2022-08-15.22:02:50::SCWPlatform:: Unique name xilinx:arty-s7-50::0.0
TRACE::2022-08-15.22:02:50::SCWPlatform::Trying to set the existing hwdb with name design_1_wrapper_0
TRACE::2022-08-15.22:02:50::SCWPlatform::Opened existing hwdb design_1_wrapper_0
TRACE::2022-08-15.22:02:50::SCWPlatform::Found the Hw Db part of the input DSA
TRACE::2022-08-15.22:02:50::SCWMssOS::Checking the sw design at  C:/Users/Chick/MicrocontrollerFPGA/wksp/design_1_wrapper/microblaze_0/standalone_microblaze_0/bsp/system.mss
TRACE::2022-08-15.22:02:50::SCWMssOS::DEBUG:  swdes dump  C:/Users/Chick/MicrocontrollerFPGA/wksp/design_1_wrapper/microblaze_0/standalone_microblaze_0/bsp/system.mss|system||

TRACE::2022-08-15.22:02:50::SCWMssOS::Sw design exists and opened at  C:/Users/Chick/MicrocontrollerFPGA/wksp/design_1_wrapper/microblaze_0/standalone_microblaze_0/bsp/system.mss
TRACE::2022-08-15.22:02:50::SCWPlatform::Trying to open the hw design at C:/Users/Chick/MicrocontrollerFPGA/wksp/design_1_wrapper/hw/design_1_wrapper.xsa
TRACE::2022-08-15.22:02:50::SCWPlatform::DSA given C:/Users/Chick/MicrocontrollerFPGA/wksp/design_1_wrapper/hw/design_1_wrapper.xsa
TRACE::2022-08-15.22:02:50::SCWPlatform::DSA absoulate path C:/Users/Chick/MicrocontrollerFPGA/wksp/design_1_wrapper/hw/design_1_wrapper.xsa
TRACE::2022-08-15.22:02:50::SCWPlatform::DSA directory C:/Users/Chick/MicrocontrollerFPGA/wksp/design_1_wrapper/hw
TRACE::2022-08-15.22:02:50::SCWPlatform:: Platform Path C:/Users/Chick/MicrocontrollerFPGA/wksp/design_1_wrapper/hw/design_1_wrapper.xsa
TRACE::2022-08-15.22:02:50::SCWPlatform:: Unique name xilinx:arty-s7-50::0.0
TRACE::2022-08-15.22:02:50::SCWPlatform::Trying to set the existing hwdb with name design_1_wrapper_0
TRACE::2022-08-15.22:02:50::SCWPlatform::Opened existing hwdb design_1_wrapper_0
TRACE::2022-08-15.22:02:50::SCWPlatform::Found the Hw Db part of the input DSA
TRACE::2022-08-15.22:02:50::SCWMssOS::Checking the sw design at  C:/Users/Chick/MicrocontrollerFPGA/wksp/design_1_wrapper/microblaze_0/standalone_microblaze_0/bsp/system.mss
TRACE::2022-08-15.22:02:50::SCWMssOS::DEBUG:  swdes dump  C:/Users/Chick/MicrocontrollerFPGA/wksp/design_1_wrapper/microblaze_0/standalone_microblaze_0/bsp/system.mss|system||

TRACE::2022-08-15.22:02:50::SCWMssOS::Sw design exists and opened at  C:/Users/Chick/MicrocontrollerFPGA/wksp/design_1_wrapper/microblaze_0/standalone_microblaze_0/bsp/system.mss
TRACE::2022-08-15.22:02:50::SCWWriter::formatted JSON is {
	"platformName":	"design_1_wrapper",
	"sprVersion":	"2.0",
	"mode":	"gui",
	"dsaType":	"Fixed",
	"platformDesc":	"design_1_wrapper",
	"platHandOff":	"C:/Users/Chick/MicrocontrollerFPGA/design_1_wrapper.xsa",
	"platIntHandOff":	"<platformDir>/hw/design_1_wrapper.xsa",
	"deviceType":	"FPGA",
	"platIsPrebuiltAutogen":	"false",
	"platIsNoBootBsp":	"false",
	"hasFsblMakeHasChanges":	"false",
	"hasPmufwMakeHasChanges":	"false",
	"platPreBuiltFlag":	false,
	"platformSamplesDir":	"",
	"platActiveSys":	"design_1_wrapper",
	"systems":	[{
			"systemName":	"design_1_wrapper",
			"systemDesc":	"design_1_wrapper",
			"sysIsBootAutoGen":	"true",
			"systemDispName":	"design_1_wrapper",
			"sysActiveDom":	"standalone_microblaze_0",
			"sysDefaultDom":	"standalone_microblaze_0",
			"domains":	[{
					"domainName":	"standalone_microblaze_0",
					"domainDispName":	"standalone_microblaze_0",
					"domainDesc":	"standalone_microblaze_0",
					"processors":	"microblaze_0",
					"os":	"standalone",
					"sdxOs":	"standalone",
					"debugEnable":	"False",
					"domRuntimes":	["cpp"],
					"swRepo":	"",
					"mssOsVer":	"7.7",
					"mssFile":	"",
					"md5Digest":	"3b99950e9346d8a591c2fef25963a434",
					"compatibleApp":	"hello_world",
					"domType":	"mssDomain",
					"arch":	"32-bit",
					"appSettings":	{
						"appCompilerFlags":	"",
						"appLinkerFlags":	""
					},
					"addedLibs":	[],
					"libOptions":	{
						"libsContainingOptions":	[]
					},
					"prebuiltLibs":	{
						"prebuiltIncPath":	[],
						"prebuiltLibPath":	[]
					},
					"isolation":	{
					}
				}]
		}]
}
LOG::2022-08-15.22:02:50::SCWPlatform::Started generating the artifacts platform design_1_wrapper
TRACE::2022-08-15.22:02:50::SCWPlatform::Sanity checking of platform is completed
LOG::2022-08-15.22:02:50::SCWPlatform::Started generating the artifacts for system configuration design_1_wrapper
LOG::2022-08-15.22:02:50::SCWSystem::Checking the domain standalone_microblaze_0
LOG::2022-08-15.22:02:50::SCWSystem::Not a boot domain 
LOG::2022-08-15.22:02:50::SCWSystem::Started Processing the domain standalone_microblaze_0
TRACE::2022-08-15.22:02:50::SCWDomain::Generating domain artifcats
TRACE::2022-08-15.22:02:50::SCWMssOS::Generating standalone artifcats
TRACE::2022-08-15.22:02:50::SCWMssOS:: Copying the user libraries. 
TRACE::2022-08-15.22:02:50::SCWPlatform::Trying to open the hw design at C:/Users/Chick/MicrocontrollerFPGA/wksp/design_1_wrapper/hw/design_1_wrapper.xsa
TRACE::2022-08-15.22:02:50::SCWPlatform::DSA given C:/Users/Chick/MicrocontrollerFPGA/wksp/design_1_wrapper/hw/design_1_wrapper.xsa
TRACE::2022-08-15.22:02:50::SCWPlatform::DSA absoulate path C:/Users/Chick/MicrocontrollerFPGA/wksp/design_1_wrapper/hw/design_1_wrapper.xsa
TRACE::2022-08-15.22:02:50::SCWPlatform::DSA directory C:/Users/Chick/MicrocontrollerFPGA/wksp/design_1_wrapper/hw
TRACE::2022-08-15.22:02:50::SCWPlatform:: Platform Path C:/Users/Chick/MicrocontrollerFPGA/wksp/design_1_wrapper/hw/design_1_wrapper.xsa
TRACE::2022-08-15.22:02:50::SCWPlatform:: Unique name xilinx:arty-s7-50::0.0
TRACE::2022-08-15.22:02:50::SCWPlatform::Trying to set the existing hwdb with name design_1_wrapper_0
TRACE::2022-08-15.22:02:50::SCWPlatform::Opened existing hwdb design_1_wrapper_0
TRACE::2022-08-15.22:02:50::SCWPlatform::Found the Hw Db part of the input DSA
TRACE::2022-08-15.22:02:50::SCWMssOS::Checking the sw design at  C:/Users/Chick/MicrocontrollerFPGA/wksp/design_1_wrapper/microblaze_0/standalone_microblaze_0/bsp/system.mss
TRACE::2022-08-15.22:02:50::SCWMssOS::DEBUG:  swdes dump  C:/Users/Chick/MicrocontrollerFPGA/wksp/design_1_wrapper/microblaze_0/standalone_microblaze_0/bsp/system.mss|system||

TRACE::2022-08-15.22:02:50::SCWMssOS::Sw design exists and opened at  C:/Users/Chick/MicrocontrollerFPGA/wksp/design_1_wrapper/microblaze_0/standalone_microblaze_0/bsp/system.mss
TRACE::2022-08-15.22:02:50::SCWMssOS::Completed writing the mss file at C:/Users/Chick/MicrocontrollerFPGA/wksp/design_1_wrapper/microblaze_0/standalone_microblaze_0/bsp
TRACE::2022-08-15.22:02:50::SCWMssOS::Mss edits present, copying mssfile into export location C:/Users/Chick/MicrocontrollerFPGA/wksp/design_1_wrapper/microblaze_0/standalone_microblaze_0/bsp/system.mss
TRACE::2022-08-15.22:02:50::SCWMssOS::bsp generated is upto date with the mss file. Skipping bsp generation.
TRACE::2022-08-15.22:02:50::SCWMssOS::BSP is already built. skipping the bsp build ... 
TRACE::2022-08-15.22:02:50::SCWDomain::Skipping the build for domain :  standalone_microblaze_0
TRACE::2022-08-15.22:02:50::SCWMssOS::skipping the bsp build ... 
TRACE::2022-08-15.22:02:50::SCWMssOS::Copying to export directory.
TRACE::2022-08-15.22:02:50::SCWMssOS:: Checking if to create the Supporting Applications
TRACE::2022-08-15.22:02:50::SCWMssOS:: No Linux domain exists, trying to generate FSBL 
LOG::2022-08-15.22:02:50::SCWSystem::Completed Processing the domain standalone_microblaze_0
LOG::2022-08-15.22:02:50::SCWSystem::Completed Processing the sysconfig design_1_wrapper
LOG::2022-08-15.22:02:50::SCWPlatform::Completed generating the artifacts for system configuration design_1_wrapper
TRACE::2022-08-15.22:02:50::SCWPlatform::Started preparing the platform 
TRACE::2022-08-15.22:02:50::SCWSystem::Writing the bif file for system config design_1_wrapper
TRACE::2022-08-15.22:02:50::SCWSystem::dir created 
TRACE::2022-08-15.22:02:50::SCWSystem::Writing the bif 
TRACE::2022-08-15.22:02:50::SCWPlatform::Started writing the spfm file 
TRACE::2022-08-15.22:02:50::SCWPlatform::Started writing the xpfm file 
TRACE::2022-08-15.22:02:50::SCWPlatform::Completed generating the platform
TRACE::2022-08-15.22:02:50::SCWMssOS::Saving the mss changes C:/Users/Chick/MicrocontrollerFPGA/wksp/design_1_wrapper/microblaze_0/standalone_microblaze_0/bsp/system.mss
TRACE::2022-08-15.22:02:50::SCWMssOS::Found a swdesign opened with the mssfile.
TRACE::2022-08-15.22:02:50::SCWMssOS::Completed writemss as part of save.
TRACE::2022-08-15.22:02:50::SCWMssOS::Commit changes completed.
TRACE::2022-08-15.22:02:50::SCWPlatform::Trying to open the hw design at C:/Users/Chick/MicrocontrollerFPGA/wksp/design_1_wrapper/hw/design_1_wrapper.xsa
TRACE::2022-08-15.22:02:50::SCWPlatform::DSA given C:/Users/Chick/MicrocontrollerFPGA/wksp/design_1_wrapper/hw/design_1_wrapper.xsa
TRACE::2022-08-15.22:02:50::SCWPlatform::DSA absoulate path C:/Users/Chick/MicrocontrollerFPGA/wksp/design_1_wrapper/hw/design_1_wrapper.xsa
TRACE::2022-08-15.22:02:50::SCWPlatform::DSA directory C:/Users/Chick/MicrocontrollerFPGA/wksp/design_1_wrapper/hw
TRACE::2022-08-15.22:02:50::SCWPlatform:: Platform Path C:/Users/Chick/MicrocontrollerFPGA/wksp/design_1_wrapper/hw/design_1_wrapper.xsa
TRACE::2022-08-15.22:02:50::SCWPlatform:: Unique name xilinx:arty-s7-50::0.0
TRACE::2022-08-15.22:02:50::SCWPlatform::Trying to set the existing hwdb with name design_1_wrapper_0
TRACE::2022-08-15.22:02:50::SCWPlatform::Opened existing hwdb design_1_wrapper_0
TRACE::2022-08-15.22:02:50::SCWPlatform::Found the Hw Db part of the input DSA
TRACE::2022-08-15.22:02:50::SCWMssOS::Checking the sw design at  C:/Users/Chick/MicrocontrollerFPGA/wksp/design_1_wrapper/microblaze_0/standalone_microblaze_0/bsp/system.mss
TRACE::2022-08-15.22:02:50::SCWMssOS::DEBUG:  swdes dump  C:/Users/Chick/MicrocontrollerFPGA/wksp/design_1_wrapper/microblaze_0/standalone_microblaze_0/bsp/system.mss|system||

TRACE::2022-08-15.22:02:50::SCWMssOS::Sw design exists and opened at  C:/Users/Chick/MicrocontrollerFPGA/wksp/design_1_wrapper/microblaze_0/standalone_microblaze_0/bsp/system.mss
TRACE::2022-08-15.22:02:50::SCWPlatform::Trying to open the hw design at C:/Users/Chick/MicrocontrollerFPGA/wksp/design_1_wrapper/hw/design_1_wrapper.xsa
TRACE::2022-08-15.22:02:50::SCWPlatform::DSA given C:/Users/Chick/MicrocontrollerFPGA/wksp/design_1_wrapper/hw/design_1_wrapper.xsa
TRACE::2022-08-15.22:02:50::SCWPlatform::DSA absoulate path C:/Users/Chick/MicrocontrollerFPGA/wksp/design_1_wrapper/hw/design_1_wrapper.xsa
TRACE::2022-08-15.22:02:50::SCWPlatform::DSA directory C:/Users/Chick/MicrocontrollerFPGA/wksp/design_1_wrapper/hw
TRACE::2022-08-15.22:02:50::SCWPlatform:: Platform Path C:/Users/Chick/MicrocontrollerFPGA/wksp/design_1_wrapper/hw/design_1_wrapper.xsa
TRACE::2022-08-15.22:02:50::SCWPlatform:: Unique name xilinx:arty-s7-50::0.0
TRACE::2022-08-15.22:02:50::SCWPlatform::Trying to set the existing hwdb with name design_1_wrapper_0
TRACE::2022-08-15.22:02:50::SCWPlatform::Opened existing hwdb design_1_wrapper_0
TRACE::2022-08-15.22:02:50::SCWPlatform::Found the Hw Db part of the input DSA
TRACE::2022-08-15.22:02:50::SCWMssOS::Checking the sw design at  C:/Users/Chick/MicrocontrollerFPGA/wksp/design_1_wrapper/microblaze_0/standalone_microblaze_0/bsp/system.mss
TRACE::2022-08-15.22:02:50::SCWMssOS::DEBUG:  swdes dump  C:/Users/Chick/MicrocontrollerFPGA/wksp/design_1_wrapper/microblaze_0/standalone_microblaze_0/bsp/system.mss|system||

TRACE::2022-08-15.22:02:50::SCWMssOS::Sw design exists and opened at  C:/Users/Chick/MicrocontrollerFPGA/wksp/design_1_wrapper/microblaze_0/standalone_microblaze_0/bsp/system.mss
TRACE::2022-08-15.22:02:50::SCWPlatform::Trying to open the hw design at C:/Users/Chick/MicrocontrollerFPGA/wksp/design_1_wrapper/hw/design_1_wrapper.xsa
TRACE::2022-08-15.22:02:50::SCWPlatform::DSA given C:/Users/Chick/MicrocontrollerFPGA/wksp/design_1_wrapper/hw/design_1_wrapper.xsa
TRACE::2022-08-15.22:02:50::SCWPlatform::DSA absoulate path C:/Users/Chick/MicrocontrollerFPGA/wksp/design_1_wrapper/hw/design_1_wrapper.xsa
TRACE::2022-08-15.22:02:50::SCWPlatform::DSA directory C:/Users/Chick/MicrocontrollerFPGA/wksp/design_1_wrapper/hw
TRACE::2022-08-15.22:02:50::SCWPlatform:: Platform Path C:/Users/Chick/MicrocontrollerFPGA/wksp/design_1_wrapper/hw/design_1_wrapper.xsa
TRACE::2022-08-15.22:02:50::SCWPlatform:: Unique name xilinx:arty-s7-50::0.0
TRACE::2022-08-15.22:02:50::SCWPlatform::Trying to set the existing hwdb with name design_1_wrapper_0
TRACE::2022-08-15.22:02:50::SCWPlatform::Opened existing hwdb design_1_wrapper_0
TRACE::2022-08-15.22:02:50::SCWPlatform::Found the Hw Db part of the input DSA
TRACE::2022-08-15.22:02:50::SCWMssOS::Checking the sw design at  C:/Users/Chick/MicrocontrollerFPGA/wksp/design_1_wrapper/microblaze_0/standalone_microblaze_0/bsp/system.mss
TRACE::2022-08-15.22:02:50::SCWMssOS::DEBUG:  swdes dump  C:/Users/Chick/MicrocontrollerFPGA/wksp/design_1_wrapper/microblaze_0/standalone_microblaze_0/bsp/system.mss|system||

TRACE::2022-08-15.22:02:50::SCWMssOS::Sw design exists and opened at  C:/Users/Chick/MicrocontrollerFPGA/wksp/design_1_wrapper/microblaze_0/standalone_microblaze_0/bsp/system.mss
TRACE::2022-08-15.22:02:50::SCWWriter::formatted JSON is {
	"platformName":	"design_1_wrapper",
	"sprVersion":	"2.0",
	"mode":	"gui",
	"dsaType":	"Fixed",
	"platformDesc":	"design_1_wrapper",
	"platHandOff":	"C:/Users/Chick/MicrocontrollerFPGA/design_1_wrapper.xsa",
	"platIntHandOff":	"<platformDir>/hw/design_1_wrapper.xsa",
	"deviceType":	"FPGA",
	"platIsPrebuiltAutogen":	"false",
	"platIsNoBootBsp":	"false",
	"hasFsblMakeHasChanges":	"false",
	"hasPmufwMakeHasChanges":	"false",
	"platPreBuiltFlag":	false,
	"platformSamplesDir":	"",
	"platActiveSys":	"design_1_wrapper",
	"systems":	[{
			"systemName":	"design_1_wrapper",
			"systemDesc":	"design_1_wrapper",
			"sysIsBootAutoGen":	"true",
			"systemDispName":	"design_1_wrapper",
			"sysActiveDom":	"standalone_microblaze_0",
			"sysDefaultDom":	"standalone_microblaze_0",
			"domains":	[{
					"domainName":	"standalone_microblaze_0",
					"domainDispName":	"standalone_microblaze_0",
					"domainDesc":	"standalone_microblaze_0",
					"processors":	"microblaze_0",
					"os":	"standalone",
					"sdxOs":	"standalone",
					"debugEnable":	"False",
					"domRuntimes":	["cpp"],
					"swRepo":	"",
					"mssOsVer":	"7.7",
					"mssFile":	"",
					"md5Digest":	"3b99950e9346d8a591c2fef25963a434",
					"compatibleApp":	"hello_world",
					"domType":	"mssDomain",
					"arch":	"32-bit",
					"appSettings":	{
						"appCompilerFlags":	"",
						"appLinkerFlags":	""
					},
					"addedLibs":	[],
					"libOptions":	{
						"libsContainingOptions":	[]
					},
					"prebuiltLibs":	{
						"prebuiltIncPath":	[],
						"prebuiltLibPath":	[]
					},
					"isolation":	{
					}
				}]
		}]
}
KEYINFO::2022-08-15.22:02:50::SCWPlatform::updated the xpfm file.
TRACE::2022-08-15.22:02:51::SCWPlatform::Trying to open the hw design at C:/Users/Chick/MicrocontrollerFPGA/wksp/design_1_wrapper/hw/design_1_wrapper.xsa
TRACE::2022-08-15.22:02:51::SCWPlatform::DSA given C:/Users/Chick/MicrocontrollerFPGA/wksp/design_1_wrapper/hw/design_1_wrapper.xsa
TRACE::2022-08-15.22:02:51::SCWPlatform::DSA absoulate path C:/Users/Chick/MicrocontrollerFPGA/wksp/design_1_wrapper/hw/design_1_wrapper.xsa
TRACE::2022-08-15.22:02:51::SCWPlatform::DSA directory C:/Users/Chick/MicrocontrollerFPGA/wksp/design_1_wrapper/hw
TRACE::2022-08-15.22:02:51::SCWPlatform:: Platform Path C:/Users/Chick/MicrocontrollerFPGA/wksp/design_1_wrapper/hw/design_1_wrapper.xsa
TRACE::2022-08-15.22:02:51::SCWPlatform:: Unique name xilinx:arty-s7-50::0.0
TRACE::2022-08-15.22:02:51::SCWPlatform::Trying to set the existing hwdb with name design_1_wrapper_0
TRACE::2022-08-15.22:02:51::SCWPlatform::Opened existing hwdb design_1_wrapper_0
TRACE::2022-08-15.22:02:51::SCWPlatform::Found the Hw Db part of the input DSA
TRACE::2022-08-15.22:02:51::SCWMssOS::Checking the sw design at  C:/Users/Chick/MicrocontrollerFPGA/wksp/design_1_wrapper/microblaze_0/standalone_microblaze_0/bsp/system.mss
TRACE::2022-08-15.22:02:51::SCWMssOS::DEBUG:  swdes dump  C:/Users/Chick/MicrocontrollerFPGA/wksp/design_1_wrapper/microblaze_0/standalone_microblaze_0/bsp/system.mss|system||

TRACE::2022-08-15.22:02:51::SCWMssOS::Sw design exists and opened at  C:/Users/Chick/MicrocontrollerFPGA/wksp/design_1_wrapper/microblaze_0/standalone_microblaze_0/bsp/system.mss
TRACE::2022-08-15.22:02:51::SCWMssOS::Saving the mss changes C:/Users/Chick/MicrocontrollerFPGA/wksp/design_1_wrapper/microblaze_0/standalone_microblaze_0/bsp/system.mss
TRACE::2022-08-15.22:02:51::SCWMssOS::Found a swdesign opened with the mssfile.
TRACE::2022-08-15.22:02:51::SCWMssOS::Completed writemss as part of save.
TRACE::2022-08-15.22:02:51::SCWMssOS::Commit changes completed.
TRACE::2022-08-15.22:02:51::SCWPlatform::Trying to open the hw design at C:/Users/Chick/MicrocontrollerFPGA/wksp/design_1_wrapper/hw/design_1_wrapper.xsa
TRACE::2022-08-15.22:02:51::SCWPlatform::DSA given C:/Users/Chick/MicrocontrollerFPGA/wksp/design_1_wrapper/hw/design_1_wrapper.xsa
TRACE::2022-08-15.22:02:51::SCWPlatform::DSA absoulate path C:/Users/Chick/MicrocontrollerFPGA/wksp/design_1_wrapper/hw/design_1_wrapper.xsa
TRACE::2022-08-15.22:02:51::SCWPlatform::DSA directory C:/Users/Chick/MicrocontrollerFPGA/wksp/design_1_wrapper/hw
TRACE::2022-08-15.22:02:51::SCWPlatform:: Platform Path C:/Users/Chick/MicrocontrollerFPGA/wksp/design_1_wrapper/hw/design_1_wrapper.xsa
TRACE::2022-08-15.22:02:51::SCWPlatform:: Unique name xilinx:arty-s7-50::0.0
TRACE::2022-08-15.22:02:51::SCWPlatform::Trying to set the existing hwdb with name design_1_wrapper_0
TRACE::2022-08-15.22:02:51::SCWPlatform::Opened existing hwdb design_1_wrapper_0
TRACE::2022-08-15.22:02:51::SCWPlatform::Found the Hw Db part of the input DSA
TRACE::2022-08-15.22:02:51::SCWMssOS::Checking the sw design at  C:/Users/Chick/MicrocontrollerFPGA/wksp/design_1_wrapper/microblaze_0/standalone_microblaze_0/bsp/system.mss
TRACE::2022-08-15.22:02:51::SCWMssOS::DEBUG:  swdes dump  C:/Users/Chick/MicrocontrollerFPGA/wksp/design_1_wrapper/microblaze_0/standalone_microblaze_0/bsp/system.mss|system||

TRACE::2022-08-15.22:02:51::SCWMssOS::Sw design exists and opened at  C:/Users/Chick/MicrocontrollerFPGA/wksp/design_1_wrapper/microblaze_0/standalone_microblaze_0/bsp/system.mss
TRACE::2022-08-15.22:02:51::SCWPlatform::Trying to open the hw design at C:/Users/Chick/MicrocontrollerFPGA/wksp/design_1_wrapper/hw/design_1_wrapper.xsa
TRACE::2022-08-15.22:02:51::SCWPlatform::DSA given C:/Users/Chick/MicrocontrollerFPGA/wksp/design_1_wrapper/hw/design_1_wrapper.xsa
TRACE::2022-08-15.22:02:51::SCWPlatform::DSA absoulate path C:/Users/Chick/MicrocontrollerFPGA/wksp/design_1_wrapper/hw/design_1_wrapper.xsa
TRACE::2022-08-15.22:02:51::SCWPlatform::DSA directory C:/Users/Chick/MicrocontrollerFPGA/wksp/design_1_wrapper/hw
TRACE::2022-08-15.22:02:51::SCWPlatform:: Platform Path C:/Users/Chick/MicrocontrollerFPGA/wksp/design_1_wrapper/hw/design_1_wrapper.xsa
TRACE::2022-08-15.22:02:51::SCWPlatform:: Unique name xilinx:arty-s7-50::0.0
TRACE::2022-08-15.22:02:51::SCWPlatform::Trying to set the existing hwdb with name design_1_wrapper_0
TRACE::2022-08-15.22:02:51::SCWPlatform::Opened existing hwdb design_1_wrapper_0
TRACE::2022-08-15.22:02:51::SCWPlatform::Found the Hw Db part of the input DSA
TRACE::2022-08-15.22:02:51::SCWMssOS::Checking the sw design at  C:/Users/Chick/MicrocontrollerFPGA/wksp/design_1_wrapper/microblaze_0/standalone_microblaze_0/bsp/system.mss
TRACE::2022-08-15.22:02:51::SCWMssOS::DEBUG:  swdes dump  C:/Users/Chick/MicrocontrollerFPGA/wksp/design_1_wrapper/microblaze_0/standalone_microblaze_0/bsp/system.mss|system||

TRACE::2022-08-15.22:02:51::SCWMssOS::Sw design exists and opened at  C:/Users/Chick/MicrocontrollerFPGA/wksp/design_1_wrapper/microblaze_0/standalone_microblaze_0/bsp/system.mss
TRACE::2022-08-15.22:02:51::SCWPlatform::Trying to open the hw design at C:/Users/Chick/MicrocontrollerFPGA/wksp/design_1_wrapper/hw/design_1_wrapper.xsa
TRACE::2022-08-15.22:02:51::SCWPlatform::DSA given C:/Users/Chick/MicrocontrollerFPGA/wksp/design_1_wrapper/hw/design_1_wrapper.xsa
TRACE::2022-08-15.22:02:51::SCWPlatform::DSA absoulate path C:/Users/Chick/MicrocontrollerFPGA/wksp/design_1_wrapper/hw/design_1_wrapper.xsa
TRACE::2022-08-15.22:02:51::SCWPlatform::DSA directory C:/Users/Chick/MicrocontrollerFPGA/wksp/design_1_wrapper/hw
TRACE::2022-08-15.22:02:51::SCWPlatform:: Platform Path C:/Users/Chick/MicrocontrollerFPGA/wksp/design_1_wrapper/hw/design_1_wrapper.xsa
TRACE::2022-08-15.22:02:51::SCWPlatform:: Unique name xilinx:arty-s7-50::0.0
TRACE::2022-08-15.22:02:51::SCWPlatform::Trying to set the existing hwdb with name design_1_wrapper_0
TRACE::2022-08-15.22:02:51::SCWPlatform::Opened existing hwdb design_1_wrapper_0
TRACE::2022-08-15.22:02:51::SCWPlatform::Found the Hw Db part of the input DSA
TRACE::2022-08-15.22:02:51::SCWMssOS::Checking the sw design at  C:/Users/Chick/MicrocontrollerFPGA/wksp/design_1_wrapper/microblaze_0/standalone_microblaze_0/bsp/system.mss
TRACE::2022-08-15.22:02:51::SCWMssOS::DEBUG:  swdes dump  C:/Users/Chick/MicrocontrollerFPGA/wksp/design_1_wrapper/microblaze_0/standalone_microblaze_0/bsp/system.mss|system||

TRACE::2022-08-15.22:02:51::SCWMssOS::Sw design exists and opened at  C:/Users/Chick/MicrocontrollerFPGA/wksp/design_1_wrapper/microblaze_0/standalone_microblaze_0/bsp/system.mss
TRACE::2022-08-15.22:02:51::SCWWriter::formatted JSON is {
	"platformName":	"design_1_wrapper",
	"sprVersion":	"2.0",
	"mode":	"gui",
	"dsaType":	"Fixed",
	"platformDesc":	"design_1_wrapper",
	"platHandOff":	"C:/Users/Chick/MicrocontrollerFPGA/design_1_wrapper.xsa",
	"platIntHandOff":	"<platformDir>/hw/design_1_wrapper.xsa",
	"deviceType":	"FPGA",
	"platIsPrebuiltAutogen":	"false",
	"platIsNoBootBsp":	"false",
	"hasFsblMakeHasChanges":	"false",
	"hasPmufwMakeHasChanges":	"false",
	"platPreBuiltFlag":	false,
	"platformSamplesDir":	"",
	"platActiveSys":	"design_1_wrapper",
	"systems":	[{
			"systemName":	"design_1_wrapper",
			"systemDesc":	"design_1_wrapper",
			"sysIsBootAutoGen":	"true",
			"systemDispName":	"design_1_wrapper",
			"sysActiveDom":	"standalone_microblaze_0",
			"sysDefaultDom":	"standalone_microblaze_0",
			"domains":	[{
					"domainName":	"standalone_microblaze_0",
					"domainDispName":	"standalone_microblaze_0",
					"domainDesc":	"standalone_microblaze_0",
					"processors":	"microblaze_0",
					"os":	"standalone",
					"sdxOs":	"standalone",
					"debugEnable":	"False",
					"domRuntimes":	["cpp"],
					"swRepo":	"",
					"mssOsVer":	"7.7",
					"mssFile":	"",
					"md5Digest":	"3b99950e9346d8a591c2fef25963a434",
					"compatibleApp":	"hello_world",
					"domType":	"mssDomain",
					"arch":	"32-bit",
					"appSettings":	{
						"appCompilerFlags":	"",
						"appLinkerFlags":	""
					},
					"addedLibs":	[],
					"libOptions":	{
						"libsContainingOptions":	[]
					},
					"prebuiltLibs":	{
						"prebuiltIncPath":	[],
						"prebuiltLibPath":	[]
					},
					"isolation":	{
					}
				}]
		}]
}
TRACE::2022-08-15.22:02:51::SCWPlatform::Trying to open the hw design at C:/Users/Chick/MicrocontrollerFPGA/wksp/design_1_wrapper/hw/design_1_wrapper.xsa
TRACE::2022-08-15.22:02:51::SCWPlatform::DSA given C:/Users/Chick/MicrocontrollerFPGA/wksp/design_1_wrapper/hw/design_1_wrapper.xsa
TRACE::2022-08-15.22:02:51::SCWPlatform::DSA absoulate path C:/Users/Chick/MicrocontrollerFPGA/wksp/design_1_wrapper/hw/design_1_wrapper.xsa
TRACE::2022-08-15.22:02:51::SCWPlatform::DSA directory C:/Users/Chick/MicrocontrollerFPGA/wksp/design_1_wrapper/hw
TRACE::2022-08-15.22:02:51::SCWPlatform:: Platform Path C:/Users/Chick/MicrocontrollerFPGA/wksp/design_1_wrapper/hw/design_1_wrapper.xsa
TRACE::2022-08-15.22:02:51::SCWPlatform:: Unique name xilinx:arty-s7-50::0.0
TRACE::2022-08-15.22:02:51::SCWPlatform::Trying to set the existing hwdb with name design_1_wrapper_0
TRACE::2022-08-15.22:02:51::SCWPlatform::Opened existing hwdb design_1_wrapper_0
TRACE::2022-08-15.22:02:51::SCWPlatform::Found the Hw Db part of the input DSA
TRACE::2022-08-15.22:02:51::SCWMssOS::Checking the sw design at  C:/Users/Chick/MicrocontrollerFPGA/wksp/design_1_wrapper/microblaze_0/standalone_microblaze_0/bsp/system.mss
TRACE::2022-08-15.22:02:51::SCWMssOS::DEBUG:  swdes dump  C:/Users/Chick/MicrocontrollerFPGA/wksp/design_1_wrapper/microblaze_0/standalone_microblaze_0/bsp/system.mss|system||

TRACE::2022-08-15.22:02:51::SCWMssOS::Sw design exists and opened at  C:/Users/Chick/MicrocontrollerFPGA/wksp/design_1_wrapper/microblaze_0/standalone_microblaze_0/bsp/system.mss
TRACE::2022-08-15.22:02:51::SCWPlatform::Trying to open the hw design at C:/Users/Chick/MicrocontrollerFPGA/wksp/design_1_wrapper/hw/design_1_wrapper.xsa
TRACE::2022-08-15.22:02:51::SCWPlatform::DSA given C:/Users/Chick/MicrocontrollerFPGA/wksp/design_1_wrapper/hw/design_1_wrapper.xsa
TRACE::2022-08-15.22:02:51::SCWPlatform::DSA absoulate path C:/Users/Chick/MicrocontrollerFPGA/wksp/design_1_wrapper/hw/design_1_wrapper.xsa
TRACE::2022-08-15.22:02:51::SCWPlatform::DSA directory C:/Users/Chick/MicrocontrollerFPGA/wksp/design_1_wrapper/hw
TRACE::2022-08-15.22:02:51::SCWPlatform:: Platform Path C:/Users/Chick/MicrocontrollerFPGA/wksp/design_1_wrapper/hw/design_1_wrapper.xsa
TRACE::2022-08-15.22:02:51::SCWPlatform:: Unique name xilinx:arty-s7-50::0.0
TRACE::2022-08-15.22:02:51::SCWPlatform::Trying to set the existing hwdb with name design_1_wrapper_0
TRACE::2022-08-15.22:02:51::SCWPlatform::Opened existing hwdb design_1_wrapper_0
TRACE::2022-08-15.22:02:51::SCWPlatform::Found the Hw Db part of the input DSA
TRACE::2022-08-15.22:02:51::SCWMssOS::Checking the sw design at  C:/Users/Chick/MicrocontrollerFPGA/wksp/design_1_wrapper/microblaze_0/standalone_microblaze_0/bsp/system.mss
TRACE::2022-08-15.22:02:51::SCWMssOS::DEBUG:  swdes dump  C:/Users/Chick/MicrocontrollerFPGA/wksp/design_1_wrapper/microblaze_0/standalone_microblaze_0/bsp/system.mss|system||

TRACE::2022-08-15.22:02:51::SCWMssOS::Sw design exists and opened at  C:/Users/Chick/MicrocontrollerFPGA/wksp/design_1_wrapper/microblaze_0/standalone_microblaze_0/bsp/system.mss
TRACE::2022-08-15.22:02:51::SCWMssOS::Saving the mss changes C:/Users/Chick/MicrocontrollerFPGA/wksp/design_1_wrapper/microblaze_0/standalone_microblaze_0/bsp/system.mss
TRACE::2022-08-15.22:02:51::SCWMssOS::Found a swdesign opened with the mssfile.
TRACE::2022-08-15.22:02:51::SCWMssOS::Completed writemss as part of save.
TRACE::2022-08-15.22:02:51::SCWMssOS::Commit changes completed.
TRACE::2022-08-15.22:02:51::SCWPlatform::Trying to open the hw design at C:/Users/Chick/MicrocontrollerFPGA/wksp/design_1_wrapper/hw/design_1_wrapper.xsa
TRACE::2022-08-15.22:02:51::SCWPlatform::DSA given C:/Users/Chick/MicrocontrollerFPGA/wksp/design_1_wrapper/hw/design_1_wrapper.xsa
TRACE::2022-08-15.22:02:51::SCWPlatform::DSA absoulate path C:/Users/Chick/MicrocontrollerFPGA/wksp/design_1_wrapper/hw/design_1_wrapper.xsa
TRACE::2022-08-15.22:02:51::SCWPlatform::DSA directory C:/Users/Chick/MicrocontrollerFPGA/wksp/design_1_wrapper/hw
TRACE::2022-08-15.22:02:51::SCWPlatform:: Platform Path C:/Users/Chick/MicrocontrollerFPGA/wksp/design_1_wrapper/hw/design_1_wrapper.xsa
TRACE::2022-08-15.22:02:51::SCWPlatform:: Unique name xilinx:arty-s7-50::0.0
TRACE::2022-08-15.22:02:51::SCWPlatform::Trying to set the existing hwdb with name design_1_wrapper_0
TRACE::2022-08-15.22:02:51::SCWPlatform::Opened existing hwdb design_1_wrapper_0
TRACE::2022-08-15.22:02:51::SCWPlatform::Found the Hw Db part of the input DSA
TRACE::2022-08-15.22:02:51::SCWMssOS::Checking the sw design at  C:/Users/Chick/MicrocontrollerFPGA/wksp/design_1_wrapper/microblaze_0/standalone_microblaze_0/bsp/system.mss
TRACE::2022-08-15.22:02:51::SCWMssOS::DEBUG:  swdes dump  C:/Users/Chick/MicrocontrollerFPGA/wksp/design_1_wrapper/microblaze_0/standalone_microblaze_0/bsp/system.mss|system||

TRACE::2022-08-15.22:02:51::SCWMssOS::Sw design exists and opened at  C:/Users/Chick/MicrocontrollerFPGA/wksp/design_1_wrapper/microblaze_0/standalone_microblaze_0/bsp/system.mss
TRACE::2022-08-15.22:02:51::SCWPlatform::Trying to open the hw design at C:/Users/Chick/MicrocontrollerFPGA/wksp/design_1_wrapper/hw/design_1_wrapper.xsa
TRACE::2022-08-15.22:02:51::SCWPlatform::DSA given C:/Users/Chick/MicrocontrollerFPGA/wksp/design_1_wrapper/hw/design_1_wrapper.xsa
TRACE::2022-08-15.22:02:51::SCWPlatform::DSA absoulate path C:/Users/Chick/MicrocontrollerFPGA/wksp/design_1_wrapper/hw/design_1_wrapper.xsa
TRACE::2022-08-15.22:02:51::SCWPlatform::DSA directory C:/Users/Chick/MicrocontrollerFPGA/wksp/design_1_wrapper/hw
TRACE::2022-08-15.22:02:51::SCWPlatform:: Platform Path C:/Users/Chick/MicrocontrollerFPGA/wksp/design_1_wrapper/hw/design_1_wrapper.xsa
TRACE::2022-08-15.22:02:51::SCWPlatform:: Unique name xilinx:arty-s7-50::0.0
TRACE::2022-08-15.22:02:51::SCWPlatform::Trying to set the existing hwdb with name design_1_wrapper_0
TRACE::2022-08-15.22:02:51::SCWPlatform::Opened existing hwdb design_1_wrapper_0
TRACE::2022-08-15.22:02:51::SCWPlatform::Found the Hw Db part of the input DSA
TRACE::2022-08-15.22:02:51::SCWMssOS::Checking the sw design at  C:/Users/Chick/MicrocontrollerFPGA/wksp/design_1_wrapper/microblaze_0/standalone_microblaze_0/bsp/system.mss
TRACE::2022-08-15.22:02:51::SCWMssOS::DEBUG:  swdes dump  C:/Users/Chick/MicrocontrollerFPGA/wksp/design_1_wrapper/microblaze_0/standalone_microblaze_0/bsp/system.mss|system||

TRACE::2022-08-15.22:02:51::SCWMssOS::Sw design exists and opened at  C:/Users/Chick/MicrocontrollerFPGA/wksp/design_1_wrapper/microblaze_0/standalone_microblaze_0/bsp/system.mss
TRACE::2022-08-15.22:02:51::SCWPlatform::Trying to open the hw design at C:/Users/Chick/MicrocontrollerFPGA/wksp/design_1_wrapper/hw/design_1_wrapper.xsa
TRACE::2022-08-15.22:02:51::SCWPlatform::DSA given C:/Users/Chick/MicrocontrollerFPGA/wksp/design_1_wrapper/hw/design_1_wrapper.xsa
TRACE::2022-08-15.22:02:51::SCWPlatform::DSA absoulate path C:/Users/Chick/MicrocontrollerFPGA/wksp/design_1_wrapper/hw/design_1_wrapper.xsa
TRACE::2022-08-15.22:02:51::SCWPlatform::DSA directory C:/Users/Chick/MicrocontrollerFPGA/wksp/design_1_wrapper/hw
TRACE::2022-08-15.22:02:51::SCWPlatform:: Platform Path C:/Users/Chick/MicrocontrollerFPGA/wksp/design_1_wrapper/hw/design_1_wrapper.xsa
TRACE::2022-08-15.22:02:51::SCWPlatform:: Unique name xilinx:arty-s7-50::0.0
TRACE::2022-08-15.22:02:51::SCWPlatform::Trying to set the existing hwdb with name design_1_wrapper_0
TRACE::2022-08-15.22:02:51::SCWPlatform::Opened existing hwdb design_1_wrapper_0
TRACE::2022-08-15.22:02:51::SCWPlatform::Found the Hw Db part of the input DSA
TRACE::2022-08-15.22:02:51::SCWMssOS::Checking the sw design at  C:/Users/Chick/MicrocontrollerFPGA/wksp/design_1_wrapper/microblaze_0/standalone_microblaze_0/bsp/system.mss
TRACE::2022-08-15.22:02:51::SCWMssOS::DEBUG:  swdes dump  C:/Users/Chick/MicrocontrollerFPGA/wksp/design_1_wrapper/microblaze_0/standalone_microblaze_0/bsp/system.mss|system||

TRACE::2022-08-15.22:02:51::SCWMssOS::Sw design exists and opened at  C:/Users/Chick/MicrocontrollerFPGA/wksp/design_1_wrapper/microblaze_0/standalone_microblaze_0/bsp/system.mss
TRACE::2022-08-15.22:02:51::SCWWriter::formatted JSON is {
	"platformName":	"design_1_wrapper",
	"sprVersion":	"2.0",
	"mode":	"gui",
	"dsaType":	"Fixed",
	"platformDesc":	"design_1_wrapper",
	"platHandOff":	"C:/Users/Chick/MicrocontrollerFPGA/design_1_wrapper.xsa",
	"platIntHandOff":	"<platformDir>/hw/design_1_wrapper.xsa",
	"deviceType":	"FPGA",
	"platIsPrebuiltAutogen":	"false",
	"platIsNoBootBsp":	"false",
	"hasFsblMakeHasChanges":	"false",
	"hasPmufwMakeHasChanges":	"false",
	"platPreBuiltFlag":	false,
	"platformSamplesDir":	"",
	"platActiveSys":	"design_1_wrapper",
	"systems":	[{
			"systemName":	"design_1_wrapper",
			"systemDesc":	"design_1_wrapper",
			"sysIsBootAutoGen":	"true",
			"systemDispName":	"design_1_wrapper",
			"sysActiveDom":	"standalone_microblaze_0",
			"sysDefaultDom":	"standalone_microblaze_0",
			"domains":	[{
					"domainName":	"standalone_microblaze_0",
					"domainDispName":	"standalone_microblaze_0",
					"domainDesc":	"standalone_microblaze_0",
					"processors":	"microblaze_0",
					"os":	"standalone",
					"sdxOs":	"standalone",
					"debugEnable":	"False",
					"domRuntimes":	["cpp"],
					"swRepo":	"",
					"mssOsVer":	"7.7",
					"mssFile":	"",
					"md5Digest":	"3b99950e9346d8a591c2fef25963a434",
					"compatibleApp":	"hello_world",
					"domType":	"mssDomain",
					"arch":	"32-bit",
					"appSettings":	{
						"appCompilerFlags":	"",
						"appLinkerFlags":	""
					},
					"addedLibs":	[],
					"libOptions":	{
						"libsContainingOptions":	[]
					},
					"prebuiltLibs":	{
						"prebuiltIncPath":	[],
						"prebuiltLibPath":	[]
					},
					"isolation":	{
					}
				}]
		}]
}
LOG::2022-08-15.22:02:51::SCWPlatform::Started generating the artifacts platform design_1_wrapper
TRACE::2022-08-15.22:02:51::SCWPlatform::Sanity checking of platform is completed
LOG::2022-08-15.22:02:51::SCWPlatform::Started generating the artifacts for system configuration design_1_wrapper
LOG::2022-08-15.22:02:51::SCWSystem::Started Processing the domain standalone_microblaze_0
TRACE::2022-08-15.22:02:51::SCWDomain::Generating domain artifcats
TRACE::2022-08-15.22:02:51::SCWMssOS::Generating standalone artifcats
TRACE::2022-08-15.22:02:51::SCWMssOS:: Copying the user libraries. 
TRACE::2022-08-15.22:02:51::SCWPlatform::Trying to open the hw design at C:/Users/Chick/MicrocontrollerFPGA/wksp/design_1_wrapper/hw/design_1_wrapper.xsa
TRACE::2022-08-15.22:02:51::SCWPlatform::DSA given C:/Users/Chick/MicrocontrollerFPGA/wksp/design_1_wrapper/hw/design_1_wrapper.xsa
TRACE::2022-08-15.22:02:51::SCWPlatform::DSA absoulate path C:/Users/Chick/MicrocontrollerFPGA/wksp/design_1_wrapper/hw/design_1_wrapper.xsa
TRACE::2022-08-15.22:02:51::SCWPlatform::DSA directory C:/Users/Chick/MicrocontrollerFPGA/wksp/design_1_wrapper/hw
TRACE::2022-08-15.22:02:51::SCWPlatform:: Platform Path C:/Users/Chick/MicrocontrollerFPGA/wksp/design_1_wrapper/hw/design_1_wrapper.xsa
TRACE::2022-08-15.22:02:51::SCWPlatform:: Unique name xilinx:arty-s7-50::0.0
TRACE::2022-08-15.22:02:51::SCWPlatform::Trying to set the existing hwdb with name design_1_wrapper_0
TRACE::2022-08-15.22:02:51::SCWPlatform::Opened existing hwdb design_1_wrapper_0
TRACE::2022-08-15.22:02:51::SCWPlatform::Found the Hw Db part of the input DSA
TRACE::2022-08-15.22:02:51::SCWMssOS::Checking the sw design at  C:/Users/Chick/MicrocontrollerFPGA/wksp/design_1_wrapper/microblaze_0/standalone_microblaze_0/bsp/system.mss
TRACE::2022-08-15.22:02:51::SCWMssOS::DEBUG:  swdes dump  C:/Users/Chick/MicrocontrollerFPGA/wksp/design_1_wrapper/microblaze_0/standalone_microblaze_0/bsp/system.mss|system||

TRACE::2022-08-15.22:02:51::SCWMssOS::Sw design exists and opened at  C:/Users/Chick/MicrocontrollerFPGA/wksp/design_1_wrapper/microblaze_0/standalone_microblaze_0/bsp/system.mss
TRACE::2022-08-15.22:02:51::SCWMssOS::Completed writing the mss file at C:/Users/Chick/MicrocontrollerFPGA/wksp/design_1_wrapper/microblaze_0/standalone_microblaze_0/bsp
TRACE::2022-08-15.22:02:51::SCWMssOS::Mss edits present, copying mssfile into export location C:/Users/Chick/MicrocontrollerFPGA/wksp/design_1_wrapper/microblaze_0/standalone_microblaze_0/bsp/system.mss
TRACE::2022-08-15.22:02:51::SCWMssOS::bsp generated is upto date with the mss file. Skipping bsp generation.
TRACE::2022-08-15.22:02:51::SCWMssOS::BSP is already built. skipping the bsp build ... 
TRACE::2022-08-15.22:02:51::SCWDomain::Building the domain as part of full build :  standalone_microblaze_0
TRACE::2022-08-15.22:02:51::SCWMssOS::skipping the bsp build ... 
TRACE::2022-08-15.22:02:51::SCWMssOS::Copying to export directory.
TRACE::2022-08-15.22:02:51::SCWMssOS:: Checking if to create the Supporting Applications
TRACE::2022-08-15.22:02:51::SCWMssOS:: No Linux domain exists, trying to generate FSBL 
LOG::2022-08-15.22:02:51::SCWSystem::Completed Processing the domain standalone_microblaze_0
LOG::2022-08-15.22:02:51::SCWSystem::Completed Processing the sysconfig design_1_wrapper
LOG::2022-08-15.22:02:51::SCWPlatform::Completed generating the artifacts for system configuration design_1_wrapper
TRACE::2022-08-15.22:02:51::SCWPlatform::Started preparing the platform 
TRACE::2022-08-15.22:02:51::SCWSystem::Writing the bif file for system config design_1_wrapper
TRACE::2022-08-15.22:02:51::SCWSystem::dir created 
TRACE::2022-08-15.22:02:51::SCWSystem::Writing the bif 
TRACE::2022-08-15.22:02:51::SCWPlatform::Started writing the spfm file 
TRACE::2022-08-15.22:02:51::SCWPlatform::Started writing the xpfm file 
TRACE::2022-08-15.22:02:51::SCWPlatform::Completed generating the platform
TRACE::2022-08-15.22:02:51::SCWMssOS::Saving the mss changes C:/Users/Chick/MicrocontrollerFPGA/wksp/design_1_wrapper/microblaze_0/standalone_microblaze_0/bsp/system.mss
TRACE::2022-08-15.22:02:51::SCWMssOS::Found a swdesign opened with the mssfile.
TRACE::2022-08-15.22:02:51::SCWMssOS::Completed writemss as part of save.
TRACE::2022-08-15.22:02:51::SCWMssOS::Commit changes completed.
TRACE::2022-08-15.22:02:51::SCWPlatform::Trying to open the hw design at C:/Users/Chick/MicrocontrollerFPGA/wksp/design_1_wrapper/hw/design_1_wrapper.xsa
TRACE::2022-08-15.22:02:51::SCWPlatform::DSA given C:/Users/Chick/MicrocontrollerFPGA/wksp/design_1_wrapper/hw/design_1_wrapper.xsa
TRACE::2022-08-15.22:02:51::SCWPlatform::DSA absoulate path C:/Users/Chick/MicrocontrollerFPGA/wksp/design_1_wrapper/hw/design_1_wrapper.xsa
TRACE::2022-08-15.22:02:51::SCWPlatform::DSA directory C:/Users/Chick/MicrocontrollerFPGA/wksp/design_1_wrapper/hw
TRACE::2022-08-15.22:02:51::SCWPlatform:: Platform Path C:/Users/Chick/MicrocontrollerFPGA/wksp/design_1_wrapper/hw/design_1_wrapper.xsa
TRACE::2022-08-15.22:02:51::SCWPlatform:: Unique name xilinx:arty-s7-50::0.0
TRACE::2022-08-15.22:02:51::SCWPlatform::Trying to set the existing hwdb with name design_1_wrapper_0
TRACE::2022-08-15.22:02:51::SCWPlatform::Opened existing hwdb design_1_wrapper_0
TRACE::2022-08-15.22:02:51::SCWPlatform::Found the Hw Db part of the input DSA
TRACE::2022-08-15.22:02:51::SCWMssOS::Checking the sw design at  C:/Users/Chick/MicrocontrollerFPGA/wksp/design_1_wrapper/microblaze_0/standalone_microblaze_0/bsp/system.mss
TRACE::2022-08-15.22:02:51::SCWMssOS::DEBUG:  swdes dump  C:/Users/Chick/MicrocontrollerFPGA/wksp/design_1_wrapper/microblaze_0/standalone_microblaze_0/bsp/system.mss|system||

TRACE::2022-08-15.22:02:51::SCWMssOS::Sw design exists and opened at  C:/Users/Chick/MicrocontrollerFPGA/wksp/design_1_wrapper/microblaze_0/standalone_microblaze_0/bsp/system.mss
TRACE::2022-08-15.22:02:51::SCWPlatform::Trying to open the hw design at C:/Users/Chick/MicrocontrollerFPGA/wksp/design_1_wrapper/hw/design_1_wrapper.xsa
TRACE::2022-08-15.22:02:51::SCWPlatform::DSA given C:/Users/Chick/MicrocontrollerFPGA/wksp/design_1_wrapper/hw/design_1_wrapper.xsa
TRACE::2022-08-15.22:02:51::SCWPlatform::DSA absoulate path C:/Users/Chick/MicrocontrollerFPGA/wksp/design_1_wrapper/hw/design_1_wrapper.xsa
TRACE::2022-08-15.22:02:51::SCWPlatform::DSA directory C:/Users/Chick/MicrocontrollerFPGA/wksp/design_1_wrapper/hw
TRACE::2022-08-15.22:02:51::SCWPlatform:: Platform Path C:/Users/Chick/MicrocontrollerFPGA/wksp/design_1_wrapper/hw/design_1_wrapper.xsa
TRACE::2022-08-15.22:02:51::SCWPlatform:: Unique name xilinx:arty-s7-50::0.0
TRACE::2022-08-15.22:02:51::SCWPlatform::Trying to set the existing hwdb with name design_1_wrapper_0
TRACE::2022-08-15.22:02:51::SCWPlatform::Opened existing hwdb design_1_wrapper_0
TRACE::2022-08-15.22:02:51::SCWPlatform::Found the Hw Db part of the input DSA
TRACE::2022-08-15.22:02:51::SCWMssOS::Checking the sw design at  C:/Users/Chick/MicrocontrollerFPGA/wksp/design_1_wrapper/microblaze_0/standalone_microblaze_0/bsp/system.mss
TRACE::2022-08-15.22:02:51::SCWMssOS::DEBUG:  swdes dump  C:/Users/Chick/MicrocontrollerFPGA/wksp/design_1_wrapper/microblaze_0/standalone_microblaze_0/bsp/system.mss|system||

TRACE::2022-08-15.22:02:51::SCWMssOS::Sw design exists and opened at  C:/Users/Chick/MicrocontrollerFPGA/wksp/design_1_wrapper/microblaze_0/standalone_microblaze_0/bsp/system.mss
TRACE::2022-08-15.22:02:51::SCWPlatform::Trying to open the hw design at C:/Users/Chick/MicrocontrollerFPGA/wksp/design_1_wrapper/hw/design_1_wrapper.xsa
TRACE::2022-08-15.22:02:51::SCWPlatform::DSA given C:/Users/Chick/MicrocontrollerFPGA/wksp/design_1_wrapper/hw/design_1_wrapper.xsa
TRACE::2022-08-15.22:02:51::SCWPlatform::DSA absoulate path C:/Users/Chick/MicrocontrollerFPGA/wksp/design_1_wrapper/hw/design_1_wrapper.xsa
TRACE::2022-08-15.22:02:51::SCWPlatform::DSA directory C:/Users/Chick/MicrocontrollerFPGA/wksp/design_1_wrapper/hw
TRACE::2022-08-15.22:02:51::SCWPlatform:: Platform Path C:/Users/Chick/MicrocontrollerFPGA/wksp/design_1_wrapper/hw/design_1_wrapper.xsa
TRACE::2022-08-15.22:02:51::SCWPlatform:: Unique name xilinx:arty-s7-50::0.0
TRACE::2022-08-15.22:02:51::SCWPlatform::Trying to set the existing hwdb with name design_1_wrapper_0
TRACE::2022-08-15.22:02:51::SCWPlatform::Opened existing hwdb design_1_wrapper_0
TRACE::2022-08-15.22:02:51::SCWPlatform::Found the Hw Db part of the input DSA
TRACE::2022-08-15.22:02:51::SCWMssOS::Checking the sw design at  C:/Users/Chick/MicrocontrollerFPGA/wksp/design_1_wrapper/microblaze_0/standalone_microblaze_0/bsp/system.mss
TRACE::2022-08-15.22:02:51::SCWMssOS::DEBUG:  swdes dump  C:/Users/Chick/MicrocontrollerFPGA/wksp/design_1_wrapper/microblaze_0/standalone_microblaze_0/bsp/system.mss|system||

TRACE::2022-08-15.22:02:51::SCWMssOS::Sw design exists and opened at  C:/Users/Chick/MicrocontrollerFPGA/wksp/design_1_wrapper/microblaze_0/standalone_microblaze_0/bsp/system.mss
TRACE::2022-08-15.22:02:51::SCWWriter::formatted JSON is {
	"platformName":	"design_1_wrapper",
	"sprVersion":	"2.0",
	"mode":	"gui",
	"dsaType":	"Fixed",
	"platformDesc":	"design_1_wrapper",
	"platHandOff":	"C:/Users/Chick/MicrocontrollerFPGA/design_1_wrapper.xsa",
	"platIntHandOff":	"<platformDir>/hw/design_1_wrapper.xsa",
	"deviceType":	"FPGA",
	"platIsPrebuiltAutogen":	"false",
	"platIsNoBootBsp":	"false",
	"hasFsblMakeHasChanges":	"false",
	"hasPmufwMakeHasChanges":	"false",
	"platPreBuiltFlag":	false,
	"platformSamplesDir":	"",
	"platActiveSys":	"design_1_wrapper",
	"systems":	[{
			"systemName":	"design_1_wrapper",
			"systemDesc":	"design_1_wrapper",
			"sysIsBootAutoGen":	"true",
			"systemDispName":	"design_1_wrapper",
			"sysActiveDom":	"standalone_microblaze_0",
			"sysDefaultDom":	"standalone_microblaze_0",
			"domains":	[{
					"domainName":	"standalone_microblaze_0",
					"domainDispName":	"standalone_microblaze_0",
					"domainDesc":	"standalone_microblaze_0",
					"processors":	"microblaze_0",
					"os":	"standalone",
					"sdxOs":	"standalone",
					"debugEnable":	"False",
					"domRuntimes":	["cpp"],
					"swRepo":	"",
					"mssOsVer":	"7.7",
					"mssFile":	"",
					"md5Digest":	"3b99950e9346d8a591c2fef25963a434",
					"compatibleApp":	"hello_world",
					"domType":	"mssDomain",
					"arch":	"32-bit",
					"appSettings":	{
						"appCompilerFlags":	"",
						"appLinkerFlags":	""
					},
					"addedLibs":	[],
					"libOptions":	{
						"libsContainingOptions":	[]
					},
					"prebuiltLibs":	{
						"prebuiltIncPath":	[],
						"prebuiltLibPath":	[]
					},
					"isolation":	{
					}
				}]
		}]
}
KEYINFO::2022-08-15.22:02:51::SCWPlatform::updated the xpfm file.
LOG::2022-08-15.22:05:42::SCWPlatform::Started generating the artifacts platform design_1_wrapper
TRACE::2022-08-15.22:05:42::SCWPlatform::Sanity checking of platform is completed
LOG::2022-08-15.22:05:42::SCWPlatform::Started generating the artifacts for system configuration design_1_wrapper
LOG::2022-08-15.22:05:42::SCWSystem::Checking the domain standalone_microblaze_0
LOG::2022-08-15.22:05:42::SCWSystem::Not a boot domain 
LOG::2022-08-15.22:05:42::SCWSystem::Started Processing the domain standalone_microblaze_0
TRACE::2022-08-15.22:05:42::SCWDomain::Generating domain artifcats
TRACE::2022-08-15.22:05:42::SCWMssOS::Generating standalone artifcats
TRACE::2022-08-15.22:05:42::SCWMssOS:: Copying the user libraries. 
TRACE::2022-08-15.22:05:42::SCWPlatform::Trying to open the hw design at C:/Users/Chick/MicrocontrollerFPGA/wksp/design_1_wrapper/hw/design_1_wrapper.xsa
TRACE::2022-08-15.22:05:42::SCWPlatform::DSA given C:/Users/Chick/MicrocontrollerFPGA/wksp/design_1_wrapper/hw/design_1_wrapper.xsa
TRACE::2022-08-15.22:05:42::SCWPlatform::DSA absoulate path C:/Users/Chick/MicrocontrollerFPGA/wksp/design_1_wrapper/hw/design_1_wrapper.xsa
TRACE::2022-08-15.22:05:42::SCWPlatform::DSA directory C:/Users/Chick/MicrocontrollerFPGA/wksp/design_1_wrapper/hw
TRACE::2022-08-15.22:05:42::SCWPlatform:: Platform Path C:/Users/Chick/MicrocontrollerFPGA/wksp/design_1_wrapper/hw/design_1_wrapper.xsa
TRACE::2022-08-15.22:05:42::SCWPlatform:: Unique name xilinx:arty-s7-50::0.0
TRACE::2022-08-15.22:05:42::SCWPlatform::Trying to set the existing hwdb with name design_1_wrapper_0
TRACE::2022-08-15.22:05:42::SCWPlatform::Opened existing hwdb design_1_wrapper_0
TRACE::2022-08-15.22:05:42::SCWPlatform::Found the Hw Db part of the input DSA
TRACE::2022-08-15.22:05:42::SCWMssOS::Checking the sw design at  C:/Users/Chick/MicrocontrollerFPGA/wksp/design_1_wrapper/microblaze_0/standalone_microblaze_0/bsp/system.mss
TRACE::2022-08-15.22:05:42::SCWMssOS::DEBUG:  swdes dump  C:/Users/Chick/MicrocontrollerFPGA/wksp/design_1_wrapper/microblaze_0/standalone_microblaze_0/bsp/system.mss|system||

TRACE::2022-08-15.22:05:42::SCWMssOS::Sw design exists and opened at  C:/Users/Chick/MicrocontrollerFPGA/wksp/design_1_wrapper/microblaze_0/standalone_microblaze_0/bsp/system.mss
TRACE::2022-08-15.22:05:42::SCWMssOS::Completed writing the mss file at C:/Users/Chick/MicrocontrollerFPGA/wksp/design_1_wrapper/microblaze_0/standalone_microblaze_0/bsp
TRACE::2022-08-15.22:05:42::SCWMssOS::Mss edits present, copying mssfile into export location C:/Users/Chick/MicrocontrollerFPGA/wksp/design_1_wrapper/microblaze_0/standalone_microblaze_0/bsp/system.mss
TRACE::2022-08-15.22:05:42::SCWMssOS::bsp generated is upto date with the mss file. Skipping bsp generation.
TRACE::2022-08-15.22:05:42::SCWMssOS::BSP is already built. skipping the bsp build ... 
TRACE::2022-08-15.22:05:42::SCWDomain::Building the domain as part of full build :  standalone_microblaze_0
TRACE::2022-08-15.22:05:42::SCWMssOS::doing bsp build ... 
TRACE::2022-08-15.22:05:42::SCWMssOS::System Command Ran  C: & cd  C:/Users/Chick/MicrocontrollerFPGA/wksp/design_1_wrapper/microblaze_0/standalone_microblaze_0/bsp & make 
TRACE::2022-08-15.22:05:42::SCWMssOS::make --no-print-directory seq_libs

TRACE::2022-08-15.22:05:42::SCWMssOS::'Finished building libraries sequentially.'

TRACE::2022-08-15.22:05:42::SCWMssOS::make -j 4 --no-print-directory par_libs

TRACE::2022-08-15.22:05:42::SCWMssOS::"Running Make include in microblaze_0/libsrc/bram_v4_7/src"

TRACE::2022-08-15.22:05:42::SCWMssOS::make -C microblaze_0/libsrc/bram_v4_7/src -s include  "SHELL=CMD" "COMPILER=mb-gcc" "ASSEMBLER=mb-as" "ARCHIVER=mb-ar" "COMPILE
TRACE::2022-08-15.22:05:42::SCWMssOS::R_FLAGS=  -O2 -c -mcpu=v11.0 -mlittle-endian -mxl-soft-mul" "EXTRA_COMPILER_FLAGS=-g -ffunction-sections -fdata-sections -Wall 
TRACE::2022-08-15.22:05:42::SCWMssOS::-Wextra -fno-tree-loop-distribute-patterns"

TRACE::2022-08-15.22:05:42::SCWMssOS::"Running Make include in microblaze_0/libsrc/cpu_v2_15/src"

TRACE::2022-08-15.22:05:42::SCWMssOS::"Running Make include in microblaze_0/libsrc/gpio_v4_9/src"

TRACE::2022-08-15.22:05:42::SCWMssOS::make -C microblaze_0/libsrc/cpu_v2_15/src -s include  "SHELL=CMD" "COMPILER=mb-gcc" "ASSEMBLER=mb-as" "ARCHIVER=mb-ar" "COMPILE
TRACE::2022-08-15.22:05:42::SCWMssOS::R_FLAGS=  -O2 -c -mcpu=v11.0 -mlittle-endian -mxl-soft-mul" "EXTRA_COMPILER_FLAGS=-g -ffunction-sections -fdata-sections -Wall 
TRACE::2022-08-15.22:05:42::SCWMssOS::-Wextra -fno-tree-loop-distribute-patterns"

TRACE::2022-08-15.22:05:42::SCWMssOS::make -C microblaze_0/libsrc/gpio_v4_9/src -s include  "SHELL=CMD" "COMPILER=mb-gcc" "ASSEMBLER=mb-as" "ARCHIVER=mb-ar" "COMPILE
TRACE::2022-08-15.22:05:42::SCWMssOS::R_FLAGS=  -O2 -c -mcpu=v11.0 -mlittle-endian -mxl-soft-mul" "EXTRA_COMPILER_FLAGS=-g -ffunction-sections -fdata-sections -Wall 
TRACE::2022-08-15.22:05:42::SCWMssOS::-Wextra -fno-tree-loop-distribute-patterns"

TRACE::2022-08-15.22:05:42::SCWMssOS::"Running Make include in microblaze_0/libsrc/standalone_v7_7/src"

TRACE::2022-08-15.22:05:42::SCWMssOS::make -C microblaze_0/libsrc/standalone_v7_7/src -s include  "SHELL=CMD" "COMPILER=mb-gcc" "ASSEMBLER=mb-as" "ARCHIVER=mb-ar" "C
TRACE::2022-08-15.22:05:42::SCWMssOS::OMPILER_FLAGS=  -O2 -c -mcpu=v11.0 -mlittle-endian -mxl-soft-mul" "EXTRA_COMPILER_FLAGS=-g -ffunction-sections -fdata-sections 
TRACE::2022-08-15.22:05:42::SCWMssOS::-Wall -Wextra -fno-tree-loop-distribute-patterns"

TRACE::2022-08-15.22:05:42::SCWMssOS::"Running Make include in microblaze_0/libsrc/uartlite_v3_7/src"

TRACE::2022-08-15.22:05:42::SCWMssOS::make -C microblaze_0/libsrc/uartlite_v3_7/src -s include  "SHELL=CMD" "COMPILER=mb-gcc" "ASSEMBLER=mb-as" "ARCHIVER=mb-ar" "COM
TRACE::2022-08-15.22:05:42::SCWMssOS::PILER_FLAGS=  -O2 -c -mcpu=v11.0 -mlittle-endian -mxl-soft-mul" "EXTRA_COMPILER_FLAGS=-g -ffunction-sections -fdata-sections -W
TRACE::2022-08-15.22:05:42::SCWMssOS::all -Wextra -fno-tree-loop-distribute-patterns"

TRACE::2022-08-15.22:05:42::SCWMssOS::"Running Make libs in microblaze_0/libsrc/bram_v4_7/src"

TRACE::2022-08-15.22:05:42::SCWMssOS::make -C microblaze_0/libsrc/bram_v4_7/src -s libs  "SHELL=CMD" "COMPILER=mb-gcc" "ASSEMBLER=mb-as" "ARCHIVER=mb-ar" "COMPILER_F
TRACE::2022-08-15.22:05:42::SCWMssOS::LAGS=  -O2 -c -mcpu=v11.0 -mlittle-endian -mxl-soft-mul" "EXTRA_COMPILER_FLAGS=-g -ffunction-sections -fdata-sections -Wall -We
TRACE::2022-08-15.22:05:42::SCWMssOS::xtra -fno-tree-loop-distribute-patterns"

TRACE::2022-08-15.22:05:42::SCWMssOS::"Running Make libs in microblaze_0/libsrc/cpu_v2_15/src"

TRACE::2022-08-15.22:05:42::SCWMssOS::make -C microblaze_0/libsrc/cpu_v2_15/src -s libs  "SHELL=CMD" "COMPILER=mb-gcc" "ASSEMBLER=mb-as" "ARCHIVER=mb-ar" "COMPILER_F
TRACE::2022-08-15.22:05:42::SCWMssOS::LAGS=  -O2 -c -mcpu=v11.0 -mlittle-endian -mxl-soft-mul" "EXTRA_COMPILER_FLAGS=-g -ffunction-sections -fdata-sections -Wall -We
TRACE::2022-08-15.22:05:42::SCWMssOS::xtra -fno-tree-loop-distribute-patterns"

TRACE::2022-08-15.22:05:42::SCWMssOS::"Running Make libs in microblaze_0/libsrc/gpio_v4_9/src"

TRACE::2022-08-15.22:05:42::SCWMssOS::make -C microblaze_0/libsrc/gpio_v4_9/src -s libs  "SHELL=CMD" "COMPILER=mb-gcc" "ASSEMBLER=mb-as" "ARCHIVER=mb-ar" "COMPILER_F
TRACE::2022-08-15.22:05:42::SCWMssOS::LAGS=  -O2 -c -mcpu=v11.0 -mlittle-endian -mxl-soft-mul" "EXTRA_COMPILER_FLAGS=-g -ffunction-sections -fdata-sections -Wall -We
TRACE::2022-08-15.22:05:42::SCWMssOS::xtra -fno-tree-loop-distribute-patterns"

TRACE::2022-08-15.22:05:42::SCWMssOS::"Running Make libs in microblaze_0/libsrc/standalone_v7_7/src"

TRACE::2022-08-15.22:05:42::SCWMssOS::make -C microblaze_0/libsrc/standalone_v7_7/src -s libs  "SHELL=CMD" "COMPILER=mb-gcc" "ASSEMBLER=mb-as" "ARCHIVER=mb-ar" "COMP
TRACE::2022-08-15.22:05:42::SCWMssOS::ILER_FLAGS=  -O2 -c -mcpu=v11.0 -mlittle-endian -mxl-soft-mul" "EXTRA_COMPILER_FLAGS=-g -ffunction-sections -fdata-sections -Wa
TRACE::2022-08-15.22:05:42::SCWMssOS::ll -Wextra -fno-tree-loop-distribute-patterns"

TRACE::2022-08-15.22:05:43::SCWMssOS::"Running Make libs in microblaze_0/libsrc/uartlite_v3_7/src"

TRACE::2022-08-15.22:05:43::SCWMssOS::make -C microblaze_0/libsrc/uartlite_v3_7/src -s libs  "SHELL=CMD" "COMPILER=mb-gcc" "ASSEMBLER=mb-as" "ARCHIVER=mb-ar" "COMPIL
TRACE::2022-08-15.22:05:43::SCWMssOS::ER_FLAGS=  -O2 -c -mcpu=v11.0 -mlittle-endian -mxl-soft-mul" "EXTRA_COMPILER_FLAGS=-g -ffunction-sections -fdata-sections -Wall
TRACE::2022-08-15.22:05:43::SCWMssOS:: -Wextra -fno-tree-loop-distribute-patterns"

TRACE::2022-08-15.22:05:44::SCWMssOS::"DEBUG NON_LTO_OBJECTS is ../../../lib/microblaze_interrupt_handler.o"

TRACE::2022-08-15.22:05:44::SCWMssOS::'Finished building libraries parallelly.'

TRACE::2022-08-15.22:05:44::SCWMssOS::make --no-print-directory archive

TRACE::2022-08-15.22:05:44::SCWMssOS::mb-ar -r  microblaze_0/lib/libxil.a microblaze_0/lib/xplatform_info.o microblaze_0/lib/xuartlite.o microblaze_0/lib/microblaze_
TRACE::2022-08-15.22:05:44::SCWMssOS::disable_exceptions.o microblaze_0/lib/print.o microblaze_0/lib/_exit.o microblaze_0/lib/xil_testio.o microblaze_0/lib/microblaz
TRACE::2022-08-15.22:05:44::SCWMssOS::e_disable_dcache.o microblaze_0/lib/microblaze_flush_dcache_range.o microblaze_0/lib/microblaze_flush_cache_ext.o microblaze_0/
TRACE::2022-08-15.22:05:44::SCWMssOS::lib/xbram_sinit.o microblaze_0/lib/xil_misc_psreset_api.o microblaze_0/lib/xinterrupt_wrap.o microblaze_0/lib/xil_cache.o micro
TRACE::2022-08-15.22:05:44::SCWMssOS::blaze_0/lib/xil_util.o microblaze_0/lib/inbyte.o microblaze_0/lib/microblaze_exception_handler.o microblaze_0/lib/xbram_g.o mic
TRACE::2022-08-15.22:05:44::SCWMssOS::roblaze_0/lib/microblaze_scrub.o microblaze_0/lib/microblaze_invalidate_dcache.o microblaze_0/lib/microblaze_disable_interrupts
TRACE::2022-08-15.22:05:44::SCWMssOS::.o microblaze_0/lib/xbram_selftest.o microblaze_0/lib/microblaze_interrupt_handler.o microblaze_0/lib/microblaze_disable_icache
TRACE::2022-08-15.22:05:44::SCWMssOS::.o microblaze_0/lib/xgpio_g.o microblaze_0/lib/xil_mem.o microblaze_0/lib/microblaze_flush_cache_ext_range.o microblaze_0/lib/x
TRACE::2022-08-15.22:05:44::SCWMssOS::bram_intr.o microblaze_0/lib/xil_sleepcommon.o microblaze_0/lib/xil_printf.o microblaze_0/lib/xio.o microblaze_0/lib/outbyte.o 
TRACE::2022-08-15.22:05:44::SCWMssOS::microblaze_0/lib/xgpio_intr.o microblaze_0/lib/microblaze_invalidate_dcache_range.o microblaze_0/lib/xuartlite_g.o microblaze_0
TRACE::2022-08-15.22:05:44::SCWMssOS::/lib/microblaze_invalidate_cache_ext.o microblaze_0/lib/microblaze_sleep.o microblaze_0/lib/hw_exception_handler.o microblaze_0
TRACE::2022-08-15.22:05:44::SCWMssOS::/lib/xuartlite_selftest.o microblaze_0/lib/xgpio_sinit.o microblaze_0/lib/microblaze_update_dcache.o microblaze_0/lib/xil_testc
TRACE::2022-08-15.22:05:44::SCWMssOS::ache.o microblaze_0/lib/microblaze_selftest.o microblaze_0/lib/microblaze_interrupts_g.o microblaze_0/lib/microblaze_enable_exc
TRACE::2022-08-15.22:05:44::SCWMssOS::eptions.o microblaze_0/lib/microblaze_enable_dcache.o microblaze_0/lib/xbram.o microblaze_0/lib/microblaze_invalidate_icache_ra
TRACE::2022-08-15.22:05:44::SCWMssOS::nge.o microblaze_0/lib/xuartlite_sinit.o microblaze_0/lib/microblaze_init_dcache_range.o microblaze_0/lib/microblaze_invalidate
TRACE::2022-08-15.22:05:44::SCWMssOS::_icache.o microblaze_0/lib/errno.o microblaze_0/lib/xuartlite_l.o microblaze_0/lib/xuartlite_stats.o microblaze_0/lib/microblaz
TRACE::2022-08-15.22:05:44::SCWMssOS::e_invalidate_cache_ext_range.o microblaze_0/lib/xil_exception.o microblaze_0/lib/pvr.o microblaze_0/lib/xgpio.o microblaze_0/li
TRACE::2022-08-15.22:05:44::SCWMssOS::b/xil_testmem.o microblaze_0/lib/microblaze_update_icache.o microblaze_0/lib/xuartlite_intr.o microblaze_0/lib/microblaze_flush
TRACE::2022-08-15.22:05:44::SCWMssOS::_dcache.o microblaze_0/lib/xil_clocking.o microblaze_0/lib/xil_assert.o microblaze_0/lib/microblaze_enable_interrupts.o microbl
TRACE::2022-08-15.22:05:44::SCWMssOS::aze_0/lib/xgpio_extra.o microblaze_0/lib/microblaze_enable_icache.o microblaze_0/lib/microblaze_init_icache_range.o microblaze_
TRACE::2022-08-15.22:05:44::SCWMssOS::0/lib/fcntl.o microblaze_0/lib/xgpio_selftest.o

TRACE::2022-08-15.22:05:44::SCWMssOS::'Finished building libraries'

TRACE::2022-08-15.22:05:44::SCWMssOS::Copying to export directory.
TRACE::2022-08-15.22:05:44::SCWMssOS:: Checking if to create the Supporting Applications
TRACE::2022-08-15.22:05:44::SCWMssOS:: No Linux domain exists, trying to generate FSBL 
LOG::2022-08-15.22:05:44::SCWSystem::Completed Processing the domain standalone_microblaze_0
LOG::2022-08-15.22:05:44::SCWSystem::Completed Processing the sysconfig design_1_wrapper
LOG::2022-08-15.22:05:44::SCWPlatform::Completed generating the artifacts for system configuration design_1_wrapper
TRACE::2022-08-15.22:05:44::SCWPlatform::Started preparing the platform 
TRACE::2022-08-15.22:05:44::SCWSystem::Writing the bif file for system config design_1_wrapper
TRACE::2022-08-15.22:05:44::SCWSystem::dir created 
TRACE::2022-08-15.22:05:44::SCWSystem::Writing the bif 
TRACE::2022-08-15.22:05:44::SCWPlatform::Started writing the spfm file 
TRACE::2022-08-15.22:05:44::SCWPlatform::Started writing the xpfm file 
TRACE::2022-08-15.22:05:44::SCWPlatform::Completed generating the platform
TRACE::2022-08-15.22:05:44::SCWMssOS::Saving the mss changes C:/Users/Chick/MicrocontrollerFPGA/wksp/design_1_wrapper/microblaze_0/standalone_microblaze_0/bsp/system.mss
TRACE::2022-08-15.22:05:44::SCWMssOS::Found a swdesign opened with the mssfile.
TRACE::2022-08-15.22:05:44::SCWMssOS::Completed writemss as part of save.
TRACE::2022-08-15.22:05:44::SCWMssOS::Commit changes completed.
TRACE::2022-08-15.22:05:44::SCWPlatform::Trying to open the hw design at C:/Users/Chick/MicrocontrollerFPGA/wksp/design_1_wrapper/hw/design_1_wrapper.xsa
TRACE::2022-08-15.22:05:44::SCWPlatform::DSA given C:/Users/Chick/MicrocontrollerFPGA/wksp/design_1_wrapper/hw/design_1_wrapper.xsa
TRACE::2022-08-15.22:05:44::SCWPlatform::DSA absoulate path C:/Users/Chick/MicrocontrollerFPGA/wksp/design_1_wrapper/hw/design_1_wrapper.xsa
TRACE::2022-08-15.22:05:44::SCWPlatform::DSA directory C:/Users/Chick/MicrocontrollerFPGA/wksp/design_1_wrapper/hw
TRACE::2022-08-15.22:05:44::SCWPlatform:: Platform Path C:/Users/Chick/MicrocontrollerFPGA/wksp/design_1_wrapper/hw/design_1_wrapper.xsa
TRACE::2022-08-15.22:05:44::SCWPlatform:: Unique name xilinx:arty-s7-50::0.0
TRACE::2022-08-15.22:05:44::SCWPlatform::Trying to set the existing hwdb with name design_1_wrapper_0
TRACE::2022-08-15.22:05:44::SCWPlatform::Opened existing hwdb design_1_wrapper_0
TRACE::2022-08-15.22:05:44::SCWPlatform::Found the Hw Db part of the input DSA
TRACE::2022-08-15.22:05:44::SCWMssOS::Checking the sw design at  C:/Users/Chick/MicrocontrollerFPGA/wksp/design_1_wrapper/microblaze_0/standalone_microblaze_0/bsp/system.mss
TRACE::2022-08-15.22:05:44::SCWMssOS::DEBUG:  swdes dump  C:/Users/Chick/MicrocontrollerFPGA/wksp/design_1_wrapper/microblaze_0/standalone_microblaze_0/bsp/system.mss|system||

TRACE::2022-08-15.22:05:44::SCWMssOS::Sw design exists and opened at  C:/Users/Chick/MicrocontrollerFPGA/wksp/design_1_wrapper/microblaze_0/standalone_microblaze_0/bsp/system.mss
TRACE::2022-08-15.22:05:44::SCWPlatform::Trying to open the hw design at C:/Users/Chick/MicrocontrollerFPGA/wksp/design_1_wrapper/hw/design_1_wrapper.xsa
TRACE::2022-08-15.22:05:44::SCWPlatform::DSA given C:/Users/Chick/MicrocontrollerFPGA/wksp/design_1_wrapper/hw/design_1_wrapper.xsa
TRACE::2022-08-15.22:05:44::SCWPlatform::DSA absoulate path C:/Users/Chick/MicrocontrollerFPGA/wksp/design_1_wrapper/hw/design_1_wrapper.xsa
TRACE::2022-08-15.22:05:44::SCWPlatform::DSA directory C:/Users/Chick/MicrocontrollerFPGA/wksp/design_1_wrapper/hw
TRACE::2022-08-15.22:05:44::SCWPlatform:: Platform Path C:/Users/Chick/MicrocontrollerFPGA/wksp/design_1_wrapper/hw/design_1_wrapper.xsa
TRACE::2022-08-15.22:05:44::SCWPlatform:: Unique name xilinx:arty-s7-50::0.0
TRACE::2022-08-15.22:05:44::SCWPlatform::Trying to set the existing hwdb with name design_1_wrapper_0
TRACE::2022-08-15.22:05:44::SCWPlatform::Opened existing hwdb design_1_wrapper_0
TRACE::2022-08-15.22:05:44::SCWPlatform::Found the Hw Db part of the input DSA
TRACE::2022-08-15.22:05:44::SCWMssOS::Checking the sw design at  C:/Users/Chick/MicrocontrollerFPGA/wksp/design_1_wrapper/microblaze_0/standalone_microblaze_0/bsp/system.mss
TRACE::2022-08-15.22:05:44::SCWMssOS::DEBUG:  swdes dump  C:/Users/Chick/MicrocontrollerFPGA/wksp/design_1_wrapper/microblaze_0/standalone_microblaze_0/bsp/system.mss|system||

TRACE::2022-08-15.22:05:44::SCWMssOS::Sw design exists and opened at  C:/Users/Chick/MicrocontrollerFPGA/wksp/design_1_wrapper/microblaze_0/standalone_microblaze_0/bsp/system.mss
TRACE::2022-08-15.22:05:44::SCWPlatform::Trying to open the hw design at C:/Users/Chick/MicrocontrollerFPGA/wksp/design_1_wrapper/hw/design_1_wrapper.xsa
TRACE::2022-08-15.22:05:44::SCWPlatform::DSA given C:/Users/Chick/MicrocontrollerFPGA/wksp/design_1_wrapper/hw/design_1_wrapper.xsa
TRACE::2022-08-15.22:05:44::SCWPlatform::DSA absoulate path C:/Users/Chick/MicrocontrollerFPGA/wksp/design_1_wrapper/hw/design_1_wrapper.xsa
TRACE::2022-08-15.22:05:44::SCWPlatform::DSA directory C:/Users/Chick/MicrocontrollerFPGA/wksp/design_1_wrapper/hw
TRACE::2022-08-15.22:05:44::SCWPlatform:: Platform Path C:/Users/Chick/MicrocontrollerFPGA/wksp/design_1_wrapper/hw/design_1_wrapper.xsa
TRACE::2022-08-15.22:05:44::SCWPlatform:: Unique name xilinx:arty-s7-50::0.0
TRACE::2022-08-15.22:05:44::SCWPlatform::Trying to set the existing hwdb with name design_1_wrapper_0
TRACE::2022-08-15.22:05:44::SCWPlatform::Opened existing hwdb design_1_wrapper_0
TRACE::2022-08-15.22:05:44::SCWPlatform::Found the Hw Db part of the input DSA
TRACE::2022-08-15.22:05:44::SCWMssOS::Checking the sw design at  C:/Users/Chick/MicrocontrollerFPGA/wksp/design_1_wrapper/microblaze_0/standalone_microblaze_0/bsp/system.mss
TRACE::2022-08-15.22:05:44::SCWMssOS::DEBUG:  swdes dump  C:/Users/Chick/MicrocontrollerFPGA/wksp/design_1_wrapper/microblaze_0/standalone_microblaze_0/bsp/system.mss|system||

TRACE::2022-08-15.22:05:44::SCWMssOS::Sw design exists and opened at  C:/Users/Chick/MicrocontrollerFPGA/wksp/design_1_wrapper/microblaze_0/standalone_microblaze_0/bsp/system.mss
TRACE::2022-08-15.22:05:44::SCWWriter::formatted JSON is {
	"platformName":	"design_1_wrapper",
	"sprVersion":	"2.0",
	"mode":	"gui",
	"dsaType":	"Fixed",
	"platformDesc":	"design_1_wrapper",
	"platHandOff":	"C:/Users/Chick/MicrocontrollerFPGA/design_1_wrapper.xsa",
	"platIntHandOff":	"<platformDir>/hw/design_1_wrapper.xsa",
	"deviceType":	"FPGA",
	"platIsPrebuiltAutogen":	"false",
	"platIsNoBootBsp":	"false",
	"hasFsblMakeHasChanges":	"false",
	"hasPmufwMakeHasChanges":	"false",
	"platPreBuiltFlag":	false,
	"platformSamplesDir":	"",
	"platActiveSys":	"design_1_wrapper",
	"systems":	[{
			"systemName":	"design_1_wrapper",
			"systemDesc":	"design_1_wrapper",
			"sysIsBootAutoGen":	"true",
			"systemDispName":	"design_1_wrapper",
			"sysActiveDom":	"standalone_microblaze_0",
			"sysDefaultDom":	"standalone_microblaze_0",
			"domains":	[{
					"domainName":	"standalone_microblaze_0",
					"domainDispName":	"standalone_microblaze_0",
					"domainDesc":	"standalone_microblaze_0",
					"processors":	"microblaze_0",
					"os":	"standalone",
					"sdxOs":	"standalone",
					"debugEnable":	"False",
					"domRuntimes":	["cpp"],
					"swRepo":	"",
					"mssOsVer":	"7.7",
					"mssFile":	"",
					"md5Digest":	"3b99950e9346d8a591c2fef25963a434",
					"compatibleApp":	"hello_world",
					"domType":	"mssDomain",
					"arch":	"32-bit",
					"appSettings":	{
						"appCompilerFlags":	"",
						"appLinkerFlags":	""
					},
					"addedLibs":	[],
					"libOptions":	{
						"libsContainingOptions":	[]
					},
					"prebuiltLibs":	{
						"prebuiltIncPath":	[],
						"prebuiltLibPath":	[]
					},
					"isolation":	{
					}
				}]
		}]
}
KEYINFO::2022-08-15.22:05:44::SCWPlatform::updated the xpfm file.
TRACE::2022-08-15.22:05:45::SCWPlatform::Trying to open the hw design at C:/Users/Chick/MicrocontrollerFPGA/wksp/design_1_wrapper/hw/design_1_wrapper.xsa
TRACE::2022-08-15.22:05:45::SCWPlatform::DSA given C:/Users/Chick/MicrocontrollerFPGA/wksp/design_1_wrapper/hw/design_1_wrapper.xsa
TRACE::2022-08-15.22:05:45::SCWPlatform::DSA absoulate path C:/Users/Chick/MicrocontrollerFPGA/wksp/design_1_wrapper/hw/design_1_wrapper.xsa
TRACE::2022-08-15.22:05:45::SCWPlatform::DSA directory C:/Users/Chick/MicrocontrollerFPGA/wksp/design_1_wrapper/hw
TRACE::2022-08-15.22:05:45::SCWPlatform:: Platform Path C:/Users/Chick/MicrocontrollerFPGA/wksp/design_1_wrapper/hw/design_1_wrapper.xsa
TRACE::2022-08-15.22:05:45::SCWPlatform:: Unique name xilinx:arty-s7-50::0.0
TRACE::2022-08-15.22:05:45::SCWPlatform::Trying to set the existing hwdb with name design_1_wrapper_0
TRACE::2022-08-15.22:05:45::SCWPlatform::Opened existing hwdb design_1_wrapper_0
TRACE::2022-08-15.22:05:45::SCWPlatform::Found the Hw Db part of the input DSA
TRACE::2022-08-15.22:05:45::SCWMssOS::Checking the sw design at  C:/Users/Chick/MicrocontrollerFPGA/wksp/design_1_wrapper/microblaze_0/standalone_microblaze_0/bsp/system.mss
TRACE::2022-08-15.22:05:45::SCWMssOS::DEBUG:  swdes dump  C:/Users/Chick/MicrocontrollerFPGA/wksp/design_1_wrapper/microblaze_0/standalone_microblaze_0/bsp/system.mss|system||

TRACE::2022-08-15.22:05:45::SCWMssOS::Sw design exists and opened at  C:/Users/Chick/MicrocontrollerFPGA/wksp/design_1_wrapper/microblaze_0/standalone_microblaze_0/bsp/system.mss
