
*** Running vivado
    with args -log design_1_wrapper.vds -m64 -product Vivado -mode batch -messageDb vivado.pb -notrace -source design_1_wrapper.tcl



****** Vivado v2022.1 (64-bit)
  **** SW Build 3526262 on Mon Apr 18 15:48:16 MDT 2022
  **** IP Build 3524634 on Mon Apr 18 20:55:01 MDT 2022
    ** Copyright 1986-2022 Xilinx, Inc. All Rights Reserved.

source design_1_wrapper.tcl -notrace
INFO: [IP_Flow 19-234] Refreshing IP repositories
INFO: [IP_Flow 19-1704] No user IP repositories specified
INFO: [IP_Flow 19-2313] Loaded Vivado IP repository 'C:/Xilinx/Vivado/2022.1/data/ip'.
add_files: Time (s): cpu = 00:00:07 ; elapsed = 00:00:10 . Memory (MB): peak = 1294.176 ; gain = 0.000
Command: read_checkpoint -auto_incremental -incremental C:/Users/Chick/MicrocontrollerFPGA/MicrocontrollerFPGA.srcs/utils_1/imports/synth_1/design_1_wrapper.dcp
INFO: [Vivado 12-5825] Read reference checkpoint from C:/Users/Chick/MicrocontrollerFPGA/MicrocontrollerFPGA.srcs/utils_1/imports/synth_1/design_1_wrapper.dcp for incremental synthesis
INFO: [Vivado 12-7989] Please ensure there are no constraint changes
Command: synth_design -top design_1_wrapper -part xc7s50csga324-1
Starting synth_design
Attempting to get a license for feature 'Synthesis' and/or device 'xc7s50'
INFO: [Common 17-349] Got license for feature 'Synthesis' and/or device 'xc7s50'
INFO: [Device 21-403] Loading part xc7s50csga324-1
INFO: [Designutils 20-5440] No compile time benefit to using incremental synthesis; A full resynthesis will be run
INFO: [Designutils 20-4379] Flow is switching to default flow due to incremental criteria not met. If you would like to alter this behaviour and have the flow terminate instead, please set the following parameter config_implementation {autoIncr.Synth.RejectBehavior Terminate}
INFO: [Synth 8-7079] Multithreading enabled for synth_design using a maximum of 2 processes.
INFO: [Synth 8-7078] Launching helper process for spawning children vivado processes
INFO: [Synth 8-7075] Helper process launched with PID 19632
WARNING: [Synth 8-9501] generate block is allowed only inside loop and conditional generate in SystemVerilog mode [C:/Xilinx/Vivado/2022.1/data/ip/xpm/xpm_fifo/hdl/xpm_fifo.sv:4023]
---------------------------------------------------------------------------------
Starting RTL Elaboration : Time (s): cpu = 00:00:05 ; elapsed = 00:00:05 . Memory (MB): peak = 1294.176 ; gain = 0.000
---------------------------------------------------------------------------------
INFO: [Synth 8-6157] synthesizing module 'design_1_wrapper' [C:/Users/Chick/MicrocontrollerFPGA/MicrocontrollerFPGA.srcs/sources_1/imports/design_1_wrapper.v:12]
INFO: [Synth 8-6157] synthesizing module 'design_1' [c:/Users/Chick/MicrocontrollerFPGA/MicrocontrollerFPGA.gen/sources_1/bd/design_1/synth/design_1.v:12]
INFO: [Synth 8-6157] synthesizing module 'design_1_axi_gpio_0_0' [C:/Users/Chick/MicrocontrollerFPGA/MicrocontrollerFPGA.runs/synth_1/.Xil/Vivado-21292-OrionsPC/realtime/design_1_axi_gpio_0_0_stub.v:5]
INFO: [Synth 8-6155] done synthesizing module 'design_1_axi_gpio_0_0' (0#1) [C:/Users/Chick/MicrocontrollerFPGA/MicrocontrollerFPGA.runs/synth_1/.Xil/Vivado-21292-OrionsPC/realtime/design_1_axi_gpio_0_0_stub.v:5]
INFO: [Synth 8-6157] synthesizing module 'design_1_axi_smc_0' [C:/Users/Chick/MicrocontrollerFPGA/MicrocontrollerFPGA.runs/synth_1/.Xil/Vivado-21292-OrionsPC/realtime/design_1_axi_smc_0_stub.v:5]
INFO: [Synth 8-6155] done synthesizing module 'design_1_axi_smc_0' (0#1) [C:/Users/Chick/MicrocontrollerFPGA/MicrocontrollerFPGA.runs/synth_1/.Xil/Vivado-21292-OrionsPC/realtime/design_1_axi_smc_0_stub.v:5]
WARNING: [Synth 8-7071] port 'M01_AXI_awprot' of module 'design_1_axi_smc_0' is unconnected for instance 'axi_smc' [c:/Users/Chick/MicrocontrollerFPGA/MicrocontrollerFPGA.gen/sources_1/bd/design_1/synth/design_1.v:258]
WARNING: [Synth 8-7071] port 'M01_AXI_arprot' of module 'design_1_axi_smc_0' is unconnected for instance 'axi_smc' [c:/Users/Chick/MicrocontrollerFPGA/MicrocontrollerFPGA.gen/sources_1/bd/design_1/synth/design_1.v:258]
WARNING: [Synth 8-7071] port 'M02_AXI_awprot' of module 'design_1_axi_smc_0' is unconnected for instance 'axi_smc' [c:/Users/Chick/MicrocontrollerFPGA/MicrocontrollerFPGA.gen/sources_1/bd/design_1/synth/design_1.v:258]
WARNING: [Synth 8-7071] port 'M02_AXI_arprot' of module 'design_1_axi_smc_0' is unconnected for instance 'axi_smc' [c:/Users/Chick/MicrocontrollerFPGA/MicrocontrollerFPGA.gen/sources_1/bd/design_1/synth/design_1.v:258]
WARNING: [Synth 8-7023] instance 'axi_smc' of module 'design_1_axi_smc_0' has 100 connections declared, but only 96 given [c:/Users/Chick/MicrocontrollerFPGA/MicrocontrollerFPGA.gen/sources_1/bd/design_1/synth/design_1.v:258]
INFO: [Synth 8-6157] synthesizing module 'design_1_axi_uartlite_0_0' [C:/Users/Chick/MicrocontrollerFPGA/MicrocontrollerFPGA.runs/synth_1/.Xil/Vivado-21292-OrionsPC/realtime/design_1_axi_uartlite_0_0_stub.v:5]
INFO: [Synth 8-6155] done synthesizing module 'design_1_axi_uartlite_0_0' (0#1) [C:/Users/Chick/MicrocontrollerFPGA/MicrocontrollerFPGA.runs/synth_1/.Xil/Vivado-21292-OrionsPC/realtime/design_1_axi_uartlite_0_0_stub.v:5]
WARNING: [Synth 8-7071] port 'interrupt' of module 'design_1_axi_uartlite_0_0' is unconnected for instance 'axi_uartlite_0' [c:/Users/Chick/MicrocontrollerFPGA/MicrocontrollerFPGA.gen/sources_1/bd/design_1/synth/design_1.v:355]
WARNING: [Synth 8-7023] instance 'axi_uartlite_0' of module 'design_1_axi_uartlite_0_0' has 22 connections declared, but only 21 given [c:/Users/Chick/MicrocontrollerFPGA/MicrocontrollerFPGA.gen/sources_1/bd/design_1/synth/design_1.v:355]
INFO: [Synth 8-6157] synthesizing module 'design_1_clk_wiz_0_0' [C:/Users/Chick/MicrocontrollerFPGA/MicrocontrollerFPGA.runs/synth_1/.Xil/Vivado-21292-OrionsPC/realtime/design_1_clk_wiz_0_0_stub.v:5]
INFO: [Synth 8-6155] done synthesizing module 'design_1_clk_wiz_0_0' (0#1) [C:/Users/Chick/MicrocontrollerFPGA/MicrocontrollerFPGA.runs/synth_1/.Xil/Vivado-21292-OrionsPC/realtime/design_1_clk_wiz_0_0_stub.v:5]
WARNING: [Synth 8-4446] all outputs are unconnected for this instance and logic may be removed [c:/Users/Chick/MicrocontrollerFPGA/MicrocontrollerFPGA.gen/sources_1/bd/design_1/synth/design_1.v:382]
INFO: [Synth 8-6157] synthesizing module 'design_1_ila_0_0' [C:/Users/Chick/MicrocontrollerFPGA/MicrocontrollerFPGA.runs/synth_1/.Xil/Vivado-21292-OrionsPC/realtime/design_1_ila_0_0_stub.v:5]
INFO: [Synth 8-6155] done synthesizing module 'design_1_ila_0_0' (0#1) [C:/Users/Chick/MicrocontrollerFPGA/MicrocontrollerFPGA.runs/synth_1/.Xil/Vivado-21292-OrionsPC/realtime/design_1_ila_0_0_stub.v:5]
INFO: [Synth 8-6157] synthesizing module 'design_1_led_fsm_0_0' [C:/Users/Chick/MicrocontrollerFPGA/MicrocontrollerFPGA.runs/synth_1/.Xil/Vivado-21292-OrionsPC/realtime/design_1_led_fsm_0_0_stub.v:5]
INFO: [Synth 8-6155] done synthesizing module 'design_1_led_fsm_0_0' (0#1) [C:/Users/Chick/MicrocontrollerFPGA/MicrocontrollerFPGA.runs/synth_1/.Xil/Vivado-21292-OrionsPC/realtime/design_1_led_fsm_0_0_stub.v:5]
INFO: [Synth 8-6157] synthesizing module 'design_1_mdm_1_0' [C:/Users/Chick/MicrocontrollerFPGA/MicrocontrollerFPGA.runs/synth_1/.Xil/Vivado-21292-OrionsPC/realtime/design_1_mdm_1_0_stub.v:5]
INFO: [Synth 8-6155] done synthesizing module 'design_1_mdm_1_0' (0#1) [C:/Users/Chick/MicrocontrollerFPGA/MicrocontrollerFPGA.runs/synth_1/.Xil/Vivado-21292-OrionsPC/realtime/design_1_mdm_1_0_stub.v:5]
INFO: [Synth 8-6157] synthesizing module 'design_1_microblaze_0_0' [C:/Users/Chick/MicrocontrollerFPGA/MicrocontrollerFPGA.runs/synth_1/.Xil/Vivado-21292-OrionsPC/realtime/design_1_microblaze_0_0_stub.v:5]
INFO: [Synth 8-6155] done synthesizing module 'design_1_microblaze_0_0' (0#1) [C:/Users/Chick/MicrocontrollerFPGA/MicrocontrollerFPGA.runs/synth_1/.Xil/Vivado-21292-OrionsPC/realtime/design_1_microblaze_0_0_stub.v:5]
WARNING: [Synth 8-7071] port 'Interrupt_Ack' of module 'design_1_microblaze_0_0' is unconnected for instance 'microblaze_0' [c:/Users/Chick/MicrocontrollerFPGA/MicrocontrollerFPGA.gen/sources_1/bd/design_1/synth/design_1.v:407]
WARNING: [Synth 8-7071] port 'M_AXI_IP_AWADDR' of module 'design_1_microblaze_0_0' is unconnected for instance 'microblaze_0' [c:/Users/Chick/MicrocontrollerFPGA/MicrocontrollerFPGA.gen/sources_1/bd/design_1/synth/design_1.v:407]
WARNING: [Synth 8-7071] port 'M_AXI_IP_AWPROT' of module 'design_1_microblaze_0_0' is unconnected for instance 'microblaze_0' [c:/Users/Chick/MicrocontrollerFPGA/MicrocontrollerFPGA.gen/sources_1/bd/design_1/synth/design_1.v:407]
WARNING: [Synth 8-7071] port 'M_AXI_IP_AWVALID' of module 'design_1_microblaze_0_0' is unconnected for instance 'microblaze_0' [c:/Users/Chick/MicrocontrollerFPGA/MicrocontrollerFPGA.gen/sources_1/bd/design_1/synth/design_1.v:407]
WARNING: [Synth 8-7071] port 'M_AXI_IP_WDATA' of module 'design_1_microblaze_0_0' is unconnected for instance 'microblaze_0' [c:/Users/Chick/MicrocontrollerFPGA/MicrocontrollerFPGA.gen/sources_1/bd/design_1/synth/design_1.v:407]
WARNING: [Synth 8-7071] port 'M_AXI_IP_WSTRB' of module 'design_1_microblaze_0_0' is unconnected for instance 'microblaze_0' [c:/Users/Chick/MicrocontrollerFPGA/MicrocontrollerFPGA.gen/sources_1/bd/design_1/synth/design_1.v:407]
WARNING: [Synth 8-7071] port 'M_AXI_IP_WVALID' of module 'design_1_microblaze_0_0' is unconnected for instance 'microblaze_0' [c:/Users/Chick/MicrocontrollerFPGA/MicrocontrollerFPGA.gen/sources_1/bd/design_1/synth/design_1.v:407]
WARNING: [Synth 8-7071] port 'M_AXI_IP_BREADY' of module 'design_1_microblaze_0_0' is unconnected for instance 'microblaze_0' [c:/Users/Chick/MicrocontrollerFPGA/MicrocontrollerFPGA.gen/sources_1/bd/design_1/synth/design_1.v:407]
WARNING: [Synth 8-7023] instance 'microblaze_0' of module 'design_1_microblaze_0_0' has 71 connections declared, but only 63 given [c:/Users/Chick/MicrocontrollerFPGA/MicrocontrollerFPGA.gen/sources_1/bd/design_1/synth/design_1.v:407]
INFO: [Synth 8-6157] synthesizing module 'microblaze_0_local_memory_imp_1K0VQXK' [c:/Users/Chick/MicrocontrollerFPGA/MicrocontrollerFPGA.gen/sources_1/bd/design_1/synth/design_1.v:562]
INFO: [Synth 8-6157] synthesizing module 'design_1_dlmb_bram_if_cntlr_0' [C:/Users/Chick/MicrocontrollerFPGA/MicrocontrollerFPGA.runs/synth_1/.Xil/Vivado-21292-OrionsPC/realtime/design_1_dlmb_bram_if_cntlr_0_stub.v:5]
INFO: [Synth 8-6155] done synthesizing module 'design_1_dlmb_bram_if_cntlr_0' (0#1) [C:/Users/Chick/MicrocontrollerFPGA/MicrocontrollerFPGA.runs/synth_1/.Xil/Vivado-21292-OrionsPC/realtime/design_1_dlmb_bram_if_cntlr_0_stub.v:5]
INFO: [Synth 8-6157] synthesizing module 'design_1_dlmb_v10_0' [C:/Users/Chick/MicrocontrollerFPGA/MicrocontrollerFPGA.runs/synth_1/.Xil/Vivado-21292-OrionsPC/realtime/design_1_dlmb_v10_0_stub.v:5]
INFO: [Synth 8-6155] done synthesizing module 'design_1_dlmb_v10_0' (0#1) [C:/Users/Chick/MicrocontrollerFPGA/MicrocontrollerFPGA.runs/synth_1/.Xil/Vivado-21292-OrionsPC/realtime/design_1_dlmb_v10_0_stub.v:5]
WARNING: [Synth 8-7071] port 'LMB_Rst' of module 'design_1_dlmb_v10_0' is unconnected for instance 'dlmb_v10' [c:/Users/Chick/MicrocontrollerFPGA/MicrocontrollerFPGA.gen/sources_1/bd/design_1/synth/design_1.v:708]
WARNING: [Synth 8-7023] instance 'dlmb_v10' of module 'design_1_dlmb_v10_0' has 25 connections declared, but only 24 given [c:/Users/Chick/MicrocontrollerFPGA/MicrocontrollerFPGA.gen/sources_1/bd/design_1/synth/design_1.v:708]
INFO: [Synth 8-6157] synthesizing module 'design_1_ilmb_bram_if_cntlr_0' [C:/Users/Chick/MicrocontrollerFPGA/MicrocontrollerFPGA.runs/synth_1/.Xil/Vivado-21292-OrionsPC/realtime/design_1_ilmb_bram_if_cntlr_0_stub.v:5]
INFO: [Synth 8-6155] done synthesizing module 'design_1_ilmb_bram_if_cntlr_0' (0#1) [C:/Users/Chick/MicrocontrollerFPGA/MicrocontrollerFPGA.runs/synth_1/.Xil/Vivado-21292-OrionsPC/realtime/design_1_ilmb_bram_if_cntlr_0_stub.v:5]
INFO: [Synth 8-6157] synthesizing module 'design_1_ilmb_v10_0' [C:/Users/Chick/MicrocontrollerFPGA/MicrocontrollerFPGA.runs/synth_1/.Xil/Vivado-21292-OrionsPC/realtime/design_1_ilmb_v10_0_stub.v:5]
INFO: [Synth 8-6155] done synthesizing module 'design_1_ilmb_v10_0' (0#1) [C:/Users/Chick/MicrocontrollerFPGA/MicrocontrollerFPGA.runs/synth_1/.Xil/Vivado-21292-OrionsPC/realtime/design_1_ilmb_v10_0_stub.v:5]
WARNING: [Synth 8-7071] port 'LMB_Rst' of module 'design_1_ilmb_v10_0' is unconnected for instance 'ilmb_v10' [c:/Users/Chick/MicrocontrollerFPGA/MicrocontrollerFPGA.gen/sources_1/bd/design_1/synth/design_1.v:754]
WARNING: [Synth 8-7023] instance 'ilmb_v10' of module 'design_1_ilmb_v10_0' has 25 connections declared, but only 24 given [c:/Users/Chick/MicrocontrollerFPGA/MicrocontrollerFPGA.gen/sources_1/bd/design_1/synth/design_1.v:754]
INFO: [Synth 8-6157] synthesizing module 'design_1_lmb_bram_0' [C:/Users/Chick/MicrocontrollerFPGA/MicrocontrollerFPGA.runs/synth_1/.Xil/Vivado-21292-OrionsPC/realtime/design_1_lmb_bram_0_stub.v:5]
INFO: [Synth 8-6155] done synthesizing module 'design_1_lmb_bram_0' (0#1) [C:/Users/Chick/MicrocontrollerFPGA/MicrocontrollerFPGA.runs/synth_1/.Xil/Vivado-21292-OrionsPC/realtime/design_1_lmb_bram_0_stub.v:5]
WARNING: [Synth 8-7071] port 'rsta_busy' of module 'design_1_lmb_bram_0' is unconnected for instance 'lmb_bram' [c:/Users/Chick/MicrocontrollerFPGA/MicrocontrollerFPGA.gen/sources_1/bd/design_1/synth/design_1.v:779]
WARNING: [Synth 8-7071] port 'rstb_busy' of module 'design_1_lmb_bram_0' is unconnected for instance 'lmb_bram' [c:/Users/Chick/MicrocontrollerFPGA/MicrocontrollerFPGA.gen/sources_1/bd/design_1/synth/design_1.v:779]
WARNING: [Synth 8-7023] instance 'lmb_bram' of module 'design_1_lmb_bram_0' has 16 connections declared, but only 14 given [c:/Users/Chick/MicrocontrollerFPGA/MicrocontrollerFPGA.gen/sources_1/bd/design_1/synth/design_1.v:779]
INFO: [Synth 8-6155] done synthesizing module 'microblaze_0_local_memory_imp_1K0VQXK' (0#1) [c:/Users/Chick/MicrocontrollerFPGA/MicrocontrollerFPGA.gen/sources_1/bd/design_1/synth/design_1.v:562]
INFO: [Synth 8-6157] synthesizing module 'design_1_mig_7series_0_0' [C:/Users/Chick/MicrocontrollerFPGA/MicrocontrollerFPGA.runs/synth_1/.Xil/Vivado-21292-OrionsPC/realtime/design_1_mig_7series_0_0_stub.v:5]
INFO: [Synth 8-6155] done synthesizing module 'design_1_mig_7series_0_0' (0#1) [C:/Users/Chick/MicrocontrollerFPGA/MicrocontrollerFPGA.runs/synth_1/.Xil/Vivado-21292-OrionsPC/realtime/design_1_mig_7series_0_0_stub.v:5]
WARNING: [Synth 8-7071] port 'ui_addn_clk_0' of module 'design_1_mig_7series_0_0' is unconnected for instance 'mig_7series_0' [c:/Users/Chick/MicrocontrollerFPGA/MicrocontrollerFPGA.gen/sources_1/bd/design_1/synth/design_1.v:493]
WARNING: [Synth 8-7071] port 'ui_addn_clk_1' of module 'design_1_mig_7series_0_0' is unconnected for instance 'mig_7series_0' [c:/Users/Chick/MicrocontrollerFPGA/MicrocontrollerFPGA.gen/sources_1/bd/design_1/synth/design_1.v:493]
WARNING: [Synth 8-7071] port 'ui_addn_clk_2' of module 'design_1_mig_7series_0_0' is unconnected for instance 'mig_7series_0' [c:/Users/Chick/MicrocontrollerFPGA/MicrocontrollerFPGA.gen/sources_1/bd/design_1/synth/design_1.v:493]
WARNING: [Synth 8-7071] port 'ui_addn_clk_3' of module 'design_1_mig_7series_0_0' is unconnected for instance 'mig_7series_0' [c:/Users/Chick/MicrocontrollerFPGA/MicrocontrollerFPGA.gen/sources_1/bd/design_1/synth/design_1.v:493]
WARNING: [Synth 8-7071] port 'ui_addn_clk_4' of module 'design_1_mig_7series_0_0' is unconnected for instance 'mig_7series_0' [c:/Users/Chick/MicrocontrollerFPGA/MicrocontrollerFPGA.gen/sources_1/bd/design_1/synth/design_1.v:493]
WARNING: [Synth 8-7071] port 'app_sr_active' of module 'design_1_mig_7series_0_0' is unconnected for instance 'mig_7series_0' [c:/Users/Chick/MicrocontrollerFPGA/MicrocontrollerFPGA.gen/sources_1/bd/design_1/synth/design_1.v:493]
WARNING: [Synth 8-7071] port 'app_ref_ack' of module 'design_1_mig_7series_0_0' is unconnected for instance 'mig_7series_0' [c:/Users/Chick/MicrocontrollerFPGA/MicrocontrollerFPGA.gen/sources_1/bd/design_1/synth/design_1.v:493]
WARNING: [Synth 8-7071] port 'app_zq_ack' of module 'design_1_mig_7series_0_0' is unconnected for instance 'mig_7series_0' [c:/Users/Chick/MicrocontrollerFPGA/MicrocontrollerFPGA.gen/sources_1/bd/design_1/synth/design_1.v:493]
WARNING: [Synth 8-7071] port 's_axi_bid' of module 'design_1_mig_7series_0_0' is unconnected for instance 'mig_7series_0' [c:/Users/Chick/MicrocontrollerFPGA/MicrocontrollerFPGA.gen/sources_1/bd/design_1/synth/design_1.v:493]
WARNING: [Synth 8-7071] port 's_axi_rid' of module 'design_1_mig_7series_0_0' is unconnected for instance 'mig_7series_0' [c:/Users/Chick/MicrocontrollerFPGA/MicrocontrollerFPGA.gen/sources_1/bd/design_1/synth/design_1.v:493]
WARNING: [Synth 8-7071] port 'init_calib_complete' of module 'design_1_mig_7series_0_0' is unconnected for instance 'mig_7series_0' [c:/Users/Chick/MicrocontrollerFPGA/MicrocontrollerFPGA.gen/sources_1/bd/design_1/synth/design_1.v:493]
WARNING: [Synth 8-7071] port 'device_temp' of module 'design_1_mig_7series_0_0' is unconnected for instance 'mig_7series_0' [c:/Users/Chick/MicrocontrollerFPGA/MicrocontrollerFPGA.gen/sources_1/bd/design_1/synth/design_1.v:493]
WARNING: [Synth 8-7023] instance 'mig_7series_0' of module 'design_1_mig_7series_0_0' has 69 connections declared, but only 57 given [c:/Users/Chick/MicrocontrollerFPGA/MicrocontrollerFPGA.gen/sources_1/bd/design_1/synth/design_1.v:493]
INFO: [Synth 8-6157] synthesizing module 'design_1_rst_mig_7series_0_81M_0' [C:/Users/Chick/MicrocontrollerFPGA/MicrocontrollerFPGA.runs/synth_1/.Xil/Vivado-21292-OrionsPC/realtime/design_1_rst_mig_7series_0_81M_0_stub.v:5]
INFO: [Synth 8-6155] done synthesizing module 'design_1_rst_mig_7series_0_81M_0' (0#1) [C:/Users/Chick/MicrocontrollerFPGA/MicrocontrollerFPGA.runs/synth_1/.Xil/Vivado-21292-OrionsPC/realtime/design_1_rst_mig_7series_0_81M_0_stub.v:5]
WARNING: [Synth 8-7071] port 'peripheral_reset' of module 'design_1_rst_mig_7series_0_81M_0' is unconnected for instance 'rst_mig_7series_0_81M' [c:/Users/Chick/MicrocontrollerFPGA/MicrocontrollerFPGA.gen/sources_1/bd/design_1/synth/design_1.v:551]
WARNING: [Synth 8-7071] port 'interconnect_aresetn' of module 'design_1_rst_mig_7series_0_81M_0' is unconnected for instance 'rst_mig_7series_0_81M' [c:/Users/Chick/MicrocontrollerFPGA/MicrocontrollerFPGA.gen/sources_1/bd/design_1/synth/design_1.v:551]
WARNING: [Synth 8-7023] instance 'rst_mig_7series_0_81M' of module 'design_1_rst_mig_7series_0_81M_0' has 10 connections declared, but only 8 given [c:/Users/Chick/MicrocontrollerFPGA/MicrocontrollerFPGA.gen/sources_1/bd/design_1/synth/design_1.v:551]
INFO: [Synth 8-6155] done synthesizing module 'design_1' (0#1) [c:/Users/Chick/MicrocontrollerFPGA/MicrocontrollerFPGA.gen/sources_1/bd/design_1/synth/design_1.v:12]
INFO: [Synth 8-6155] done synthesizing module 'design_1_wrapper' (0#1) [C:/Users/Chick/MicrocontrollerFPGA/MicrocontrollerFPGA.srcs/sources_1/imports/design_1_wrapper.v:12]
INFO: [Synth 8-6071] Mark debug on the nets applies keep_hierarchy on instance 'design_1_i'. This will prevent further optimization [C:/Users/Chick/MicrocontrollerFPGA/MicrocontrollerFPGA.srcs/sources_1/imports/design_1_wrapper.v:84]
INFO: [Synth 8-6071] Mark debug on the nets applies keep_hierarchy on instance 'led_fsm_0'. This will prevent further optimization [c:/Users/Chick/MicrocontrollerFPGA/MicrocontrollerFPGA.gen/sources_1/bd/design_1/synth/design_1.v:388]
INFO: [Synth 8-6071] Mark debug on the nets applies keep_hierarchy on instance 'ila_0'. This will prevent further optimization [c:/Users/Chick/MicrocontrollerFPGA/MicrocontrollerFPGA.gen/sources_1/bd/design_1/synth/design_1.v:382]
INFO: [Synth 8-6071] Mark debug on the nets applies keep_hierarchy on instance 'axi_gpio_0'. This will prevent further optimization [c:/Users/Chick/MicrocontrollerFPGA/MicrocontrollerFPGA.gen/sources_1/bd/design_1/synth/design_1.v:236]
---------------------------------------------------------------------------------
Finished RTL Elaboration : Time (s): cpu = 00:00:07 ; elapsed = 00:00:07 . Memory (MB): peak = 1323.152 ; gain = 28.977
---------------------------------------------------------------------------------
---------------------------------------------------------------------------------
Start Handling Custom Attributes
---------------------------------------------------------------------------------
---------------------------------------------------------------------------------
Finished Handling Custom Attributes : Time (s): cpu = 00:00:07 ; elapsed = 00:00:07 . Memory (MB): peak = 1323.152 ; gain = 28.977
---------------------------------------------------------------------------------
---------------------------------------------------------------------------------
Finished RTL Optimization Phase 1 : Time (s): cpu = 00:00:07 ; elapsed = 00:00:07 . Memory (MB): peak = 1323.152 ; gain = 28.977
---------------------------------------------------------------------------------
Netlist sorting complete. Time (s): cpu = 00:00:00 ; elapsed = 00:00:00.024 . Memory (MB): peak = 1323.152 ; gain = 0.000
INFO: [Project 1-570] Preparing netlist for logic optimization

Processing XDC Constraints
Initializing timing engine
Parsing XDC File [c:/Users/Chick/MicrocontrollerFPGA/MicrocontrollerFPGA.gen/sources_1/bd/design_1/ip/design_1_clk_wiz_0_0/design_1_clk_wiz_0_0/design_1_clk_wiz_0_0_in_context.xdc] for cell 'design_1_i/clk_wiz_0'
Finished Parsing XDC File [c:/Users/Chick/MicrocontrollerFPGA/MicrocontrollerFPGA.gen/sources_1/bd/design_1/ip/design_1_clk_wiz_0_0/design_1_clk_wiz_0_0/design_1_clk_wiz_0_0_in_context.xdc] for cell 'design_1_i/clk_wiz_0'
Parsing XDC File [c:/Users/Chick/MicrocontrollerFPGA/MicrocontrollerFPGA.gen/sources_1/bd/design_1/ip/design_1_mig_7series_0_0/design_1_mig_7series_0_0/design_1_mig_7series_0_0_in_context.xdc] for cell 'design_1_i/mig_7series_0'
Finished Parsing XDC File [c:/Users/Chick/MicrocontrollerFPGA/MicrocontrollerFPGA.gen/sources_1/bd/design_1/ip/design_1_mig_7series_0_0/design_1_mig_7series_0_0/design_1_mig_7series_0_0_in_context.xdc] for cell 'design_1_i/mig_7series_0'
Parsing XDC File [c:/Users/Chick/MicrocontrollerFPGA/MicrocontrollerFPGA.gen/sources_1/bd/design_1/ip/design_1_microblaze_0_0/design_1_microblaze_0_0/design_1_microblaze_0_0_in_context.xdc] for cell 'design_1_i/microblaze_0'
Finished Parsing XDC File [c:/Users/Chick/MicrocontrollerFPGA/MicrocontrollerFPGA.gen/sources_1/bd/design_1/ip/design_1_microblaze_0_0/design_1_microblaze_0_0/design_1_microblaze_0_0_in_context.xdc] for cell 'design_1_i/microblaze_0'
Parsing XDC File [c:/Users/Chick/MicrocontrollerFPGA/MicrocontrollerFPGA.gen/sources_1/bd/design_1/ip/design_1_dlmb_v10_0/design_1_dlmb_v10_0/design_1_dlmb_v10_0_in_context.xdc] for cell 'design_1_i/microblaze_0_local_memory/dlmb_v10'
Finished Parsing XDC File [c:/Users/Chick/MicrocontrollerFPGA/MicrocontrollerFPGA.gen/sources_1/bd/design_1/ip/design_1_dlmb_v10_0/design_1_dlmb_v10_0/design_1_dlmb_v10_0_in_context.xdc] for cell 'design_1_i/microblaze_0_local_memory/dlmb_v10'
Parsing XDC File [c:/Users/Chick/MicrocontrollerFPGA/MicrocontrollerFPGA.gen/sources_1/bd/design_1/ip/design_1_ilmb_v10_0/design_1_ilmb_v10_0/design_1_ilmb_v10_0_in_context.xdc] for cell 'design_1_i/microblaze_0_local_memory/ilmb_v10'
Finished Parsing XDC File [c:/Users/Chick/MicrocontrollerFPGA/MicrocontrollerFPGA.gen/sources_1/bd/design_1/ip/design_1_ilmb_v10_0/design_1_ilmb_v10_0/design_1_ilmb_v10_0_in_context.xdc] for cell 'design_1_i/microblaze_0_local_memory/ilmb_v10'
Parsing XDC File [c:/Users/Chick/MicrocontrollerFPGA/MicrocontrollerFPGA.gen/sources_1/bd/design_1/ip/design_1_dlmb_bram_if_cntlr_0/design_1_dlmb_bram_if_cntlr_0/design_1_dlmb_bram_if_cntlr_0_in_context.xdc] for cell 'design_1_i/microblaze_0_local_memory/dlmb_bram_if_cntlr'
Finished Parsing XDC File [c:/Users/Chick/MicrocontrollerFPGA/MicrocontrollerFPGA.gen/sources_1/bd/design_1/ip/design_1_dlmb_bram_if_cntlr_0/design_1_dlmb_bram_if_cntlr_0/design_1_dlmb_bram_if_cntlr_0_in_context.xdc] for cell 'design_1_i/microblaze_0_local_memory/dlmb_bram_if_cntlr'
Parsing XDC File [c:/Users/Chick/MicrocontrollerFPGA/MicrocontrollerFPGA.gen/sources_1/bd/design_1/ip/design_1_ilmb_bram_if_cntlr_0/design_1_ilmb_bram_if_cntlr_0/design_1_dlmb_bram_if_cntlr_0_in_context.xdc] for cell 'design_1_i/microblaze_0_local_memory/ilmb_bram_if_cntlr'
Finished Parsing XDC File [c:/Users/Chick/MicrocontrollerFPGA/MicrocontrollerFPGA.gen/sources_1/bd/design_1/ip/design_1_ilmb_bram_if_cntlr_0/design_1_ilmb_bram_if_cntlr_0/design_1_dlmb_bram_if_cntlr_0_in_context.xdc] for cell 'design_1_i/microblaze_0_local_memory/ilmb_bram_if_cntlr'
Parsing XDC File [c:/Users/Chick/MicrocontrollerFPGA/MicrocontrollerFPGA.gen/sources_1/bd/design_1/ip/design_1_lmb_bram_0/design_1_lmb_bram_0/design_1_lmb_bram_0_in_context.xdc] for cell 'design_1_i/microblaze_0_local_memory/lmb_bram'
Finished Parsing XDC File [c:/Users/Chick/MicrocontrollerFPGA/MicrocontrollerFPGA.gen/sources_1/bd/design_1/ip/design_1_lmb_bram_0/design_1_lmb_bram_0/design_1_lmb_bram_0_in_context.xdc] for cell 'design_1_i/microblaze_0_local_memory/lmb_bram'
Parsing XDC File [c:/Users/Chick/MicrocontrollerFPGA/MicrocontrollerFPGA.gen/sources_1/bd/design_1/ip/design_1_mdm_1_0/design_1_mdm_1_0/design_1_mdm_1_0_in_context.xdc] for cell 'design_1_i/mdm_1'
Finished Parsing XDC File [c:/Users/Chick/MicrocontrollerFPGA/MicrocontrollerFPGA.gen/sources_1/bd/design_1/ip/design_1_mdm_1_0/design_1_mdm_1_0/design_1_mdm_1_0_in_context.xdc] for cell 'design_1_i/mdm_1'
Parsing XDC File [c:/Users/Chick/MicrocontrollerFPGA/MicrocontrollerFPGA.gen/sources_1/bd/design_1/ip/design_1_rst_mig_7series_0_81M_0/design_1_rst_mig_7series_0_81M_0/design_1_rst_mig_7series_0_81M_0_in_context.xdc] for cell 'design_1_i/rst_mig_7series_0_81M'
Finished Parsing XDC File [c:/Users/Chick/MicrocontrollerFPGA/MicrocontrollerFPGA.gen/sources_1/bd/design_1/ip/design_1_rst_mig_7series_0_81M_0/design_1_rst_mig_7series_0_81M_0/design_1_rst_mig_7series_0_81M_0_in_context.xdc] for cell 'design_1_i/rst_mig_7series_0_81M'
Parsing XDC File [c:/Users/Chick/MicrocontrollerFPGA/MicrocontrollerFPGA.gen/sources_1/bd/design_1/ip/design_1_axi_smc_0/design_1_axi_smc_0/design_1_axi_smc_0_in_context.xdc] for cell 'design_1_i/axi_smc'
Finished Parsing XDC File [c:/Users/Chick/MicrocontrollerFPGA/MicrocontrollerFPGA.gen/sources_1/bd/design_1/ip/design_1_axi_smc_0/design_1_axi_smc_0/design_1_axi_smc_0_in_context.xdc] for cell 'design_1_i/axi_smc'
Parsing XDC File [c:/Users/Chick/MicrocontrollerFPGA/MicrocontrollerFPGA.gen/sources_1/bd/design_1/ip/design_1_axi_uartlite_0_0/design_1_axi_uartlite_0_0/design_1_axi_uartlite_0_0_in_context.xdc] for cell 'design_1_i/axi_uartlite_0'
Finished Parsing XDC File [c:/Users/Chick/MicrocontrollerFPGA/MicrocontrollerFPGA.gen/sources_1/bd/design_1/ip/design_1_axi_uartlite_0_0/design_1_axi_uartlite_0_0/design_1_axi_uartlite_0_0_in_context.xdc] for cell 'design_1_i/axi_uartlite_0'
Parsing XDC File [c:/Users/Chick/MicrocontrollerFPGA/MicrocontrollerFPGA.gen/sources_1/bd/design_1/ip/design_1_led_fsm_0_0/design_1_led_fsm_0_0/design_1_led_fsm_0_0_in_context.xdc] for cell 'design_1_i/led_fsm_0'
Finished Parsing XDC File [c:/Users/Chick/MicrocontrollerFPGA/MicrocontrollerFPGA.gen/sources_1/bd/design_1/ip/design_1_led_fsm_0_0/design_1_led_fsm_0_0/design_1_led_fsm_0_0_in_context.xdc] for cell 'design_1_i/led_fsm_0'
Parsing XDC File [c:/Users/Chick/MicrocontrollerFPGA/MicrocontrollerFPGA.gen/sources_1/bd/design_1/ip/design_1_ila_0_0/design_1_ila_0_0/design_1_ila_0_0_in_context.xdc] for cell 'design_1_i/ila_0'
Finished Parsing XDC File [c:/Users/Chick/MicrocontrollerFPGA/MicrocontrollerFPGA.gen/sources_1/bd/design_1/ip/design_1_ila_0_0/design_1_ila_0_0/design_1_ila_0_0_in_context.xdc] for cell 'design_1_i/ila_0'
Parsing XDC File [c:/Users/Chick/MicrocontrollerFPGA/MicrocontrollerFPGA.gen/sources_1/bd/design_1/ip/design_1_axi_gpio_0_0/design_1_axi_gpio_0_0/design_1_axi_gpio_0_0_in_context.xdc] for cell 'design_1_i/axi_gpio_0'
Finished Parsing XDC File [c:/Users/Chick/MicrocontrollerFPGA/MicrocontrollerFPGA.gen/sources_1/bd/design_1/ip/design_1_axi_gpio_0_0/design_1_axi_gpio_0_0/design_1_axi_gpio_0_0_in_context.xdc] for cell 'design_1_i/axi_gpio_0'
Parsing XDC File [C:/Users/Chick/Downloads/fedevel-master/fedevel-master/youtube_live.xpr/youtube_live/youtube_live.srcs/constrs_1/new/io.xdc]
Finished Parsing XDC File [C:/Users/Chick/Downloads/fedevel-master/fedevel-master/youtube_live.xpr/youtube_live/youtube_live.srcs/constrs_1/new/io.xdc]
INFO: [Project 1-236] Implementation specific constraints were found while reading constraint file [C:/Users/Chick/Downloads/fedevel-master/fedevel-master/youtube_live.xpr/youtube_live/youtube_live.srcs/constrs_1/new/io.xdc]. These constraints will be ignored for synthesis but will be used in implementation. Impacted constraints are listed in the file [.Xil/design_1_wrapper_propImpl.xdc].
Resolution: To avoid this warning, move constraints listed in [.Xil/design_1_wrapper_propImpl.xdc] to another XDC file and exclude this new file from synthesis with the used_in_synthesis property (File Properties dialog in GUI) and re-run elaboration/synthesis.
Parsing XDC File [C:/Users/Chick/MicrocontrollerFPGA/MicrocontrollerFPGA.runs/synth_1/dont_touch.xdc]
Finished Parsing XDC File [C:/Users/Chick/MicrocontrollerFPGA/MicrocontrollerFPGA.runs/synth_1/dont_touch.xdc]
Completed Processing XDC Constraints

Netlist sorting complete. Time (s): cpu = 00:00:00 ; elapsed = 00:00:00 . Memory (MB): peak = 1323.152 ; gain = 0.000
INFO: [Project 1-111] Unisim Transformation Summary:
No Unisim elements were transformed.

Constraint Validation Runtime : Time (s): cpu = 00:00:00 ; elapsed = 00:00:00.008 . Memory (MB): peak = 1323.152 ; gain = 0.000
WARNING: [Timing 38-316] Clock period '20.000' specified during out-of-context synthesis of instance 'design_1_i/microblaze_0_local_memory/lmb_bram' at clock pin 'clka' is different from the actual clock period '12.308', this can lead to different synthesis results.
INFO: [Designutils 20-5440] No compile time benefit to using incremental synthesis; A full resynthesis will be run
INFO: [Designutils 20-4379] Flow is switching to default flow due to incremental criteria not met. If you would like to alter this behaviour and have the flow terminate instead, please set the following parameter config_implementation {autoIncr.Synth.RejectBehavior Terminate}
---------------------------------------------------------------------------------
Finished Constraint Validation : Time (s): cpu = 00:00:15 ; elapsed = 00:00:15 . Memory (MB): peak = 1323.152 ; gain = 28.977
---------------------------------------------------------------------------------
---------------------------------------------------------------------------------
Start Loading Part and Timing Information
---------------------------------------------------------------------------------
Loading part: xc7s50csga324-1
---------------------------------------------------------------------------------
Finished Loading Part and Timing Information : Time (s): cpu = 00:00:15 ; elapsed = 00:00:15 . Memory (MB): peak = 1323.152 ; gain = 28.977
---------------------------------------------------------------------------------
---------------------------------------------------------------------------------
Start Applying 'set_property' XDC Constraints
---------------------------------------------------------------------------------
Applied set_property IO_BUFFER_TYPE = NONE for sys_clock. (constraint file  c:/Users/Chick/MicrocontrollerFPGA/MicrocontrollerFPGA.gen/sources_1/bd/design_1/ip/design_1_clk_wiz_0_0/design_1_clk_wiz_0_0/design_1_clk_wiz_0_0_in_context.xdc, line 3).
Applied set_property CLOCK_BUFFER_TYPE = NONE for sys_clock. (constraint file  c:/Users/Chick/MicrocontrollerFPGA/MicrocontrollerFPGA.gen/sources_1/bd/design_1/ip/design_1_clk_wiz_0_0/design_1_clk_wiz_0_0/design_1_clk_wiz_0_0_in_context.xdc, line 4).
Applied set_property IO_BUFFER_TYPE = NONE for ddr3_sdram_addr[0]. (constraint file  c:/Users/Chick/MicrocontrollerFPGA/MicrocontrollerFPGA.gen/sources_1/bd/design_1/ip/design_1_mig_7series_0_0/design_1_mig_7series_0_0/design_1_mig_7series_0_0_in_context.xdc, line 7).
Applied set_property CLOCK_BUFFER_TYPE = NONE for ddr3_sdram_addr[0]. (constraint file  c:/Users/Chick/MicrocontrollerFPGA/MicrocontrollerFPGA.gen/sources_1/bd/design_1/ip/design_1_mig_7series_0_0/design_1_mig_7series_0_0/design_1_mig_7series_0_0_in_context.xdc, line 8).
Applied set_property IO_BUFFER_TYPE = NONE for ddr3_sdram_addr[10]. (constraint file  c:/Users/Chick/MicrocontrollerFPGA/MicrocontrollerFPGA.gen/sources_1/bd/design_1/ip/design_1_mig_7series_0_0/design_1_mig_7series_0_0/design_1_mig_7series_0_0_in_context.xdc, line 9).
Applied set_property CLOCK_BUFFER_TYPE = NONE for ddr3_sdram_addr[10]. (constraint file  c:/Users/Chick/MicrocontrollerFPGA/MicrocontrollerFPGA.gen/sources_1/bd/design_1/ip/design_1_mig_7series_0_0/design_1_mig_7series_0_0/design_1_mig_7series_0_0_in_context.xdc, line 10).
Applied set_property IO_BUFFER_TYPE = NONE for ddr3_sdram_addr[11]. (constraint file  c:/Users/Chick/MicrocontrollerFPGA/MicrocontrollerFPGA.gen/sources_1/bd/design_1/ip/design_1_mig_7series_0_0/design_1_mig_7series_0_0/design_1_mig_7series_0_0_in_context.xdc, line 11).
Applied set_property CLOCK_BUFFER_TYPE = NONE for ddr3_sdram_addr[11]. (constraint file  c:/Users/Chick/MicrocontrollerFPGA/MicrocontrollerFPGA.gen/sources_1/bd/design_1/ip/design_1_mig_7series_0_0/design_1_mig_7series_0_0/design_1_mig_7series_0_0_in_context.xdc, line 12).
Applied set_property IO_BUFFER_TYPE = NONE for ddr3_sdram_addr[12]. (constraint file  c:/Users/Chick/MicrocontrollerFPGA/MicrocontrollerFPGA.gen/sources_1/bd/design_1/ip/design_1_mig_7series_0_0/design_1_mig_7series_0_0/design_1_mig_7series_0_0_in_context.xdc, line 13).
Applied set_property CLOCK_BUFFER_TYPE = NONE for ddr3_sdram_addr[12]. (constraint file  c:/Users/Chick/MicrocontrollerFPGA/MicrocontrollerFPGA.gen/sources_1/bd/design_1/ip/design_1_mig_7series_0_0/design_1_mig_7series_0_0/design_1_mig_7series_0_0_in_context.xdc, line 14).
Applied set_property IO_BUFFER_TYPE = NONE for ddr3_sdram_addr[13]. (constraint file  c:/Users/Chick/MicrocontrollerFPGA/MicrocontrollerFPGA.gen/sources_1/bd/design_1/ip/design_1_mig_7series_0_0/design_1_mig_7series_0_0/design_1_mig_7series_0_0_in_context.xdc, line 15).
Applied set_property CLOCK_BUFFER_TYPE = NONE for ddr3_sdram_addr[13]. (constraint file  c:/Users/Chick/MicrocontrollerFPGA/MicrocontrollerFPGA.gen/sources_1/bd/design_1/ip/design_1_mig_7series_0_0/design_1_mig_7series_0_0/design_1_mig_7series_0_0_in_context.xdc, line 16).
Applied set_property IO_BUFFER_TYPE = NONE for ddr3_sdram_addr[1]. (constraint file  c:/Users/Chick/MicrocontrollerFPGA/MicrocontrollerFPGA.gen/sources_1/bd/design_1/ip/design_1_mig_7series_0_0/design_1_mig_7series_0_0/design_1_mig_7series_0_0_in_context.xdc, line 17).
Applied set_property CLOCK_BUFFER_TYPE = NONE for ddr3_sdram_addr[1]. (constraint file  c:/Users/Chick/MicrocontrollerFPGA/MicrocontrollerFPGA.gen/sources_1/bd/design_1/ip/design_1_mig_7series_0_0/design_1_mig_7series_0_0/design_1_mig_7series_0_0_in_context.xdc, line 18).
Applied set_property IO_BUFFER_TYPE = NONE for ddr3_sdram_addr[2]. (constraint file  c:/Users/Chick/MicrocontrollerFPGA/MicrocontrollerFPGA.gen/sources_1/bd/design_1/ip/design_1_mig_7series_0_0/design_1_mig_7series_0_0/design_1_mig_7series_0_0_in_context.xdc, line 19).
Applied set_property CLOCK_BUFFER_TYPE = NONE for ddr3_sdram_addr[2]. (constraint file  c:/Users/Chick/MicrocontrollerFPGA/MicrocontrollerFPGA.gen/sources_1/bd/design_1/ip/design_1_mig_7series_0_0/design_1_mig_7series_0_0/design_1_mig_7series_0_0_in_context.xdc, line 20).
Applied set_property IO_BUFFER_TYPE = NONE for ddr3_sdram_addr[3]. (constraint file  c:/Users/Chick/MicrocontrollerFPGA/MicrocontrollerFPGA.gen/sources_1/bd/design_1/ip/design_1_mig_7series_0_0/design_1_mig_7series_0_0/design_1_mig_7series_0_0_in_context.xdc, line 21).
Applied set_property CLOCK_BUFFER_TYPE = NONE for ddr3_sdram_addr[3]. (constraint file  c:/Users/Chick/MicrocontrollerFPGA/MicrocontrollerFPGA.gen/sources_1/bd/design_1/ip/design_1_mig_7series_0_0/design_1_mig_7series_0_0/design_1_mig_7series_0_0_in_context.xdc, line 22).
Applied set_property IO_BUFFER_TYPE = NONE for ddr3_sdram_addr[4]. (constraint file  c:/Users/Chick/MicrocontrollerFPGA/MicrocontrollerFPGA.gen/sources_1/bd/design_1/ip/design_1_mig_7series_0_0/design_1_mig_7series_0_0/design_1_mig_7series_0_0_in_context.xdc, line 23).
Applied set_property CLOCK_BUFFER_TYPE = NONE for ddr3_sdram_addr[4]. (constraint file  c:/Users/Chick/MicrocontrollerFPGA/MicrocontrollerFPGA.gen/sources_1/bd/design_1/ip/design_1_mig_7series_0_0/design_1_mig_7series_0_0/design_1_mig_7series_0_0_in_context.xdc, line 24).
Applied set_property IO_BUFFER_TYPE = NONE for ddr3_sdram_addr[5]. (constraint file  c:/Users/Chick/MicrocontrollerFPGA/MicrocontrollerFPGA.gen/sources_1/bd/design_1/ip/design_1_mig_7series_0_0/design_1_mig_7series_0_0/design_1_mig_7series_0_0_in_context.xdc, line 25).
Applied set_property CLOCK_BUFFER_TYPE = NONE for ddr3_sdram_addr[5]. (constraint file  c:/Users/Chick/MicrocontrollerFPGA/MicrocontrollerFPGA.gen/sources_1/bd/design_1/ip/design_1_mig_7series_0_0/design_1_mig_7series_0_0/design_1_mig_7series_0_0_in_context.xdc, line 26).
Applied set_property IO_BUFFER_TYPE = NONE for ddr3_sdram_addr[6]. (constraint file  c:/Users/Chick/MicrocontrollerFPGA/MicrocontrollerFPGA.gen/sources_1/bd/design_1/ip/design_1_mig_7series_0_0/design_1_mig_7series_0_0/design_1_mig_7series_0_0_in_context.xdc, line 27).
Applied set_property CLOCK_BUFFER_TYPE = NONE for ddr3_sdram_addr[6]. (constraint file  c:/Users/Chick/MicrocontrollerFPGA/MicrocontrollerFPGA.gen/sources_1/bd/design_1/ip/design_1_mig_7series_0_0/design_1_mig_7series_0_0/design_1_mig_7series_0_0_in_context.xdc, line 28).
Applied set_property IO_BUFFER_TYPE = NONE for ddr3_sdram_addr[7]. (constraint file  c:/Users/Chick/MicrocontrollerFPGA/MicrocontrollerFPGA.gen/sources_1/bd/design_1/ip/design_1_mig_7series_0_0/design_1_mig_7series_0_0/design_1_mig_7series_0_0_in_context.xdc, line 29).
Applied set_property CLOCK_BUFFER_TYPE = NONE for ddr3_sdram_addr[7]. (constraint file  c:/Users/Chick/MicrocontrollerFPGA/MicrocontrollerFPGA.gen/sources_1/bd/design_1/ip/design_1_mig_7series_0_0/design_1_mig_7series_0_0/design_1_mig_7series_0_0_in_context.xdc, line 30).
Applied set_property IO_BUFFER_TYPE = NONE for ddr3_sdram_addr[8]. (constraint file  c:/Users/Chick/MicrocontrollerFPGA/MicrocontrollerFPGA.gen/sources_1/bd/design_1/ip/design_1_mig_7series_0_0/design_1_mig_7series_0_0/design_1_mig_7series_0_0_in_context.xdc, line 31).
Applied set_property CLOCK_BUFFER_TYPE = NONE for ddr3_sdram_addr[8]. (constraint file  c:/Users/Chick/MicrocontrollerFPGA/MicrocontrollerFPGA.gen/sources_1/bd/design_1/ip/design_1_mig_7series_0_0/design_1_mig_7series_0_0/design_1_mig_7series_0_0_in_context.xdc, line 32).
Applied set_property IO_BUFFER_TYPE = NONE for ddr3_sdram_addr[9]. (constraint file  c:/Users/Chick/MicrocontrollerFPGA/MicrocontrollerFPGA.gen/sources_1/bd/design_1/ip/design_1_mig_7series_0_0/design_1_mig_7series_0_0/design_1_mig_7series_0_0_in_context.xdc, line 33).
Applied set_property CLOCK_BUFFER_TYPE = NONE for ddr3_sdram_addr[9]. (constraint file  c:/Users/Chick/MicrocontrollerFPGA/MicrocontrollerFPGA.gen/sources_1/bd/design_1/ip/design_1_mig_7series_0_0/design_1_mig_7series_0_0/design_1_mig_7series_0_0_in_context.xdc, line 34).
Applied set_property IO_BUFFER_TYPE = NONE for ddr3_sdram_ba[0]. (constraint file  c:/Users/Chick/MicrocontrollerFPGA/MicrocontrollerFPGA.gen/sources_1/bd/design_1/ip/design_1_mig_7series_0_0/design_1_mig_7series_0_0/design_1_mig_7series_0_0_in_context.xdc, line 35).
Applied set_property CLOCK_BUFFER_TYPE = NONE for ddr3_sdram_ba[0]. (constraint file  c:/Users/Chick/MicrocontrollerFPGA/MicrocontrollerFPGA.gen/sources_1/bd/design_1/ip/design_1_mig_7series_0_0/design_1_mig_7series_0_0/design_1_mig_7series_0_0_in_context.xdc, line 36).
Applied set_property IO_BUFFER_TYPE = NONE for ddr3_sdram_ba[1]. (constraint file  c:/Users/Chick/MicrocontrollerFPGA/MicrocontrollerFPGA.gen/sources_1/bd/design_1/ip/design_1_mig_7series_0_0/design_1_mig_7series_0_0/design_1_mig_7series_0_0_in_context.xdc, line 37).
Applied set_property CLOCK_BUFFER_TYPE = NONE for ddr3_sdram_ba[1]. (constraint file  c:/Users/Chick/MicrocontrollerFPGA/MicrocontrollerFPGA.gen/sources_1/bd/design_1/ip/design_1_mig_7series_0_0/design_1_mig_7series_0_0/design_1_mig_7series_0_0_in_context.xdc, line 38).
Applied set_property IO_BUFFER_TYPE = NONE for ddr3_sdram_ba[2]. (constraint file  c:/Users/Chick/MicrocontrollerFPGA/MicrocontrollerFPGA.gen/sources_1/bd/design_1/ip/design_1_mig_7series_0_0/design_1_mig_7series_0_0/design_1_mig_7series_0_0_in_context.xdc, line 39).
Applied set_property CLOCK_BUFFER_TYPE = NONE for ddr3_sdram_ba[2]. (constraint file  c:/Users/Chick/MicrocontrollerFPGA/MicrocontrollerFPGA.gen/sources_1/bd/design_1/ip/design_1_mig_7series_0_0/design_1_mig_7series_0_0/design_1_mig_7series_0_0_in_context.xdc, line 40).
Applied set_property IO_BUFFER_TYPE = NONE for ddr3_sdram_cas_n. (constraint file  c:/Users/Chick/MicrocontrollerFPGA/MicrocontrollerFPGA.gen/sources_1/bd/design_1/ip/design_1_mig_7series_0_0/design_1_mig_7series_0_0/design_1_mig_7series_0_0_in_context.xdc, line 41).
Applied set_property CLOCK_BUFFER_TYPE = NONE for ddr3_sdram_cas_n. (constraint file  c:/Users/Chick/MicrocontrollerFPGA/MicrocontrollerFPGA.gen/sources_1/bd/design_1/ip/design_1_mig_7series_0_0/design_1_mig_7series_0_0/design_1_mig_7series_0_0_in_context.xdc, line 42).
Applied set_property IO_BUFFER_TYPE = NONE for ddr3_sdram_ck_n[0]. (constraint file  c:/Users/Chick/MicrocontrollerFPGA/MicrocontrollerFPGA.gen/sources_1/bd/design_1/ip/design_1_mig_7series_0_0/design_1_mig_7series_0_0/design_1_mig_7series_0_0_in_context.xdc, line 43).
Applied set_property CLOCK_BUFFER_TYPE = NONE for ddr3_sdram_ck_n[0]. (constraint file  c:/Users/Chick/MicrocontrollerFPGA/MicrocontrollerFPGA.gen/sources_1/bd/design_1/ip/design_1_mig_7series_0_0/design_1_mig_7series_0_0/design_1_mig_7series_0_0_in_context.xdc, line 44).
Applied set_property IO_BUFFER_TYPE = NONE for ddr3_sdram_ck_p[0]. (constraint file  c:/Users/Chick/MicrocontrollerFPGA/MicrocontrollerFPGA.gen/sources_1/bd/design_1/ip/design_1_mig_7series_0_0/design_1_mig_7series_0_0/design_1_mig_7series_0_0_in_context.xdc, line 45).
Applied set_property CLOCK_BUFFER_TYPE = NONE for ddr3_sdram_ck_p[0]. (constraint file  c:/Users/Chick/MicrocontrollerFPGA/MicrocontrollerFPGA.gen/sources_1/bd/design_1/ip/design_1_mig_7series_0_0/design_1_mig_7series_0_0/design_1_mig_7series_0_0_in_context.xdc, line 46).
Applied set_property IO_BUFFER_TYPE = NONE for ddr3_sdram_cke[0]. (constraint file  c:/Users/Chick/MicrocontrollerFPGA/MicrocontrollerFPGA.gen/sources_1/bd/design_1/ip/design_1_mig_7series_0_0/design_1_mig_7series_0_0/design_1_mig_7series_0_0_in_context.xdc, line 47).
Applied set_property CLOCK_BUFFER_TYPE = NONE for ddr3_sdram_cke[0]. (constraint file  c:/Users/Chick/MicrocontrollerFPGA/MicrocontrollerFPGA.gen/sources_1/bd/design_1/ip/design_1_mig_7series_0_0/design_1_mig_7series_0_0/design_1_mig_7series_0_0_in_context.xdc, line 48).
Applied set_property IO_BUFFER_TYPE = NONE for ddr3_sdram_cs_n[0]. (constraint file  c:/Users/Chick/MicrocontrollerFPGA/MicrocontrollerFPGA.gen/sources_1/bd/design_1/ip/design_1_mig_7series_0_0/design_1_mig_7series_0_0/design_1_mig_7series_0_0_in_context.xdc, line 49).
Applied set_property CLOCK_BUFFER_TYPE = NONE for ddr3_sdram_cs_n[0]. (constraint file  c:/Users/Chick/MicrocontrollerFPGA/MicrocontrollerFPGA.gen/sources_1/bd/design_1/ip/design_1_mig_7series_0_0/design_1_mig_7series_0_0/design_1_mig_7series_0_0_in_context.xdc, line 50).
Applied set_property IO_BUFFER_TYPE = NONE for ddr3_sdram_dm[0]. (constraint file  c:/Users/Chick/MicrocontrollerFPGA/MicrocontrollerFPGA.gen/sources_1/bd/design_1/ip/design_1_mig_7series_0_0/design_1_mig_7series_0_0/design_1_mig_7series_0_0_in_context.xdc, line 51).
Applied set_property CLOCK_BUFFER_TYPE = NONE for ddr3_sdram_dm[0]. (constraint file  c:/Users/Chick/MicrocontrollerFPGA/MicrocontrollerFPGA.gen/sources_1/bd/design_1/ip/design_1_mig_7series_0_0/design_1_mig_7series_0_0/design_1_mig_7series_0_0_in_context.xdc, line 52).
Applied set_property IO_BUFFER_TYPE = NONE for ddr3_sdram_dm[1]. (constraint file  c:/Users/Chick/MicrocontrollerFPGA/MicrocontrollerFPGA.gen/sources_1/bd/design_1/ip/design_1_mig_7series_0_0/design_1_mig_7series_0_0/design_1_mig_7series_0_0_in_context.xdc, line 53).
Applied set_property CLOCK_BUFFER_TYPE = NONE for ddr3_sdram_dm[1]. (constraint file  c:/Users/Chick/MicrocontrollerFPGA/MicrocontrollerFPGA.gen/sources_1/bd/design_1/ip/design_1_mig_7series_0_0/design_1_mig_7series_0_0/design_1_mig_7series_0_0_in_context.xdc, line 54).
Applied set_property IO_BUFFER_TYPE = NONE for ddr3_sdram_dq[0]. (constraint file  c:/Users/Chick/MicrocontrollerFPGA/MicrocontrollerFPGA.gen/sources_1/bd/design_1/ip/design_1_mig_7series_0_0/design_1_mig_7series_0_0/design_1_mig_7series_0_0_in_context.xdc, line 55).
Applied set_property CLOCK_BUFFER_TYPE = NONE for ddr3_sdram_dq[0]. (constraint file  c:/Users/Chick/MicrocontrollerFPGA/MicrocontrollerFPGA.gen/sources_1/bd/design_1/ip/design_1_mig_7series_0_0/design_1_mig_7series_0_0/design_1_mig_7series_0_0_in_context.xdc, line 56).
Applied set_property IO_BUFFER_TYPE = NONE for ddr3_sdram_dq[10]. (constraint file  c:/Users/Chick/MicrocontrollerFPGA/MicrocontrollerFPGA.gen/sources_1/bd/design_1/ip/design_1_mig_7series_0_0/design_1_mig_7series_0_0/design_1_mig_7series_0_0_in_context.xdc, line 57).
Applied set_property CLOCK_BUFFER_TYPE = NONE for ddr3_sdram_dq[10]. (constraint file  c:/Users/Chick/MicrocontrollerFPGA/MicrocontrollerFPGA.gen/sources_1/bd/design_1/ip/design_1_mig_7series_0_0/design_1_mig_7series_0_0/design_1_mig_7series_0_0_in_context.xdc, line 58).
Applied set_property IO_BUFFER_TYPE = NONE for ddr3_sdram_dq[11]. (constraint file  c:/Users/Chick/MicrocontrollerFPGA/MicrocontrollerFPGA.gen/sources_1/bd/design_1/ip/design_1_mig_7series_0_0/design_1_mig_7series_0_0/design_1_mig_7series_0_0_in_context.xdc, line 59).
Applied set_property CLOCK_BUFFER_TYPE = NONE for ddr3_sdram_dq[11]. (constraint file  c:/Users/Chick/MicrocontrollerFPGA/MicrocontrollerFPGA.gen/sources_1/bd/design_1/ip/design_1_mig_7series_0_0/design_1_mig_7series_0_0/design_1_mig_7series_0_0_in_context.xdc, line 60).
Applied set_property IO_BUFFER_TYPE = NONE for ddr3_sdram_dq[12]. (constraint file  c:/Users/Chick/MicrocontrollerFPGA/MicrocontrollerFPGA.gen/sources_1/bd/design_1/ip/design_1_mig_7series_0_0/design_1_mig_7series_0_0/design_1_mig_7series_0_0_in_context.xdc, line 61).
Applied set_property CLOCK_BUFFER_TYPE = NONE for ddr3_sdram_dq[12]. (constraint file  c:/Users/Chick/MicrocontrollerFPGA/MicrocontrollerFPGA.gen/sources_1/bd/design_1/ip/design_1_mig_7series_0_0/design_1_mig_7series_0_0/design_1_mig_7series_0_0_in_context.xdc, line 62).
Applied set_property IO_BUFFER_TYPE = NONE for ddr3_sdram_dq[13]. (constraint file  c:/Users/Chick/MicrocontrollerFPGA/MicrocontrollerFPGA.gen/sources_1/bd/design_1/ip/design_1_mig_7series_0_0/design_1_mig_7series_0_0/design_1_mig_7series_0_0_in_context.xdc, line 63).
Applied set_property CLOCK_BUFFER_TYPE = NONE for ddr3_sdram_dq[13]. (constraint file  c:/Users/Chick/MicrocontrollerFPGA/MicrocontrollerFPGA.gen/sources_1/bd/design_1/ip/design_1_mig_7series_0_0/design_1_mig_7series_0_0/design_1_mig_7series_0_0_in_context.xdc, line 64).
Applied set_property IO_BUFFER_TYPE = NONE for ddr3_sdram_dq[14]. (constraint file  c:/Users/Chick/MicrocontrollerFPGA/MicrocontrollerFPGA.gen/sources_1/bd/design_1/ip/design_1_mig_7series_0_0/design_1_mig_7series_0_0/design_1_mig_7series_0_0_in_context.xdc, line 65).
Applied set_property CLOCK_BUFFER_TYPE = NONE for ddr3_sdram_dq[14]. (constraint file  c:/Users/Chick/MicrocontrollerFPGA/MicrocontrollerFPGA.gen/sources_1/bd/design_1/ip/design_1_mig_7series_0_0/design_1_mig_7series_0_0/design_1_mig_7series_0_0_in_context.xdc, line 66).
Applied set_property IO_BUFFER_TYPE = NONE for ddr3_sdram_dq[15]. (constraint file  c:/Users/Chick/MicrocontrollerFPGA/MicrocontrollerFPGA.gen/sources_1/bd/design_1/ip/design_1_mig_7series_0_0/design_1_mig_7series_0_0/design_1_mig_7series_0_0_in_context.xdc, line 67).
Applied set_property CLOCK_BUFFER_TYPE = NONE for ddr3_sdram_dq[15]. (constraint file  c:/Users/Chick/MicrocontrollerFPGA/MicrocontrollerFPGA.gen/sources_1/bd/design_1/ip/design_1_mig_7series_0_0/design_1_mig_7series_0_0/design_1_mig_7series_0_0_in_context.xdc, line 68).
Applied set_property IO_BUFFER_TYPE = NONE for ddr3_sdram_dq[1]. (constraint file  c:/Users/Chick/MicrocontrollerFPGA/MicrocontrollerFPGA.gen/sources_1/bd/design_1/ip/design_1_mig_7series_0_0/design_1_mig_7series_0_0/design_1_mig_7series_0_0_in_context.xdc, line 69).
Applied set_property CLOCK_BUFFER_TYPE = NONE for ddr3_sdram_dq[1]. (constraint file  c:/Users/Chick/MicrocontrollerFPGA/MicrocontrollerFPGA.gen/sources_1/bd/design_1/ip/design_1_mig_7series_0_0/design_1_mig_7series_0_0/design_1_mig_7series_0_0_in_context.xdc, line 70).
Applied set_property IO_BUFFER_TYPE = NONE for ddr3_sdram_dq[2]. (constraint file  c:/Users/Chick/MicrocontrollerFPGA/MicrocontrollerFPGA.gen/sources_1/bd/design_1/ip/design_1_mig_7series_0_0/design_1_mig_7series_0_0/design_1_mig_7series_0_0_in_context.xdc, line 71).
Applied set_property CLOCK_BUFFER_TYPE = NONE for ddr3_sdram_dq[2]. (constraint file  c:/Users/Chick/MicrocontrollerFPGA/MicrocontrollerFPGA.gen/sources_1/bd/design_1/ip/design_1_mig_7series_0_0/design_1_mig_7series_0_0/design_1_mig_7series_0_0_in_context.xdc, line 72).
Applied set_property IO_BUFFER_TYPE = NONE for ddr3_sdram_dq[3]. (constraint file  c:/Users/Chick/MicrocontrollerFPGA/MicrocontrollerFPGA.gen/sources_1/bd/design_1/ip/design_1_mig_7series_0_0/design_1_mig_7series_0_0/design_1_mig_7series_0_0_in_context.xdc, line 73).
Applied set_property CLOCK_BUFFER_TYPE = NONE for ddr3_sdram_dq[3]. (constraint file  c:/Users/Chick/MicrocontrollerFPGA/MicrocontrollerFPGA.gen/sources_1/bd/design_1/ip/design_1_mig_7series_0_0/design_1_mig_7series_0_0/design_1_mig_7series_0_0_in_context.xdc, line 74).
Applied set_property IO_BUFFER_TYPE = NONE for ddr3_sdram_dq[4]. (constraint file  c:/Users/Chick/MicrocontrollerFPGA/MicrocontrollerFPGA.gen/sources_1/bd/design_1/ip/design_1_mig_7series_0_0/design_1_mig_7series_0_0/design_1_mig_7series_0_0_in_context.xdc, line 75).
Applied set_property CLOCK_BUFFER_TYPE = NONE for ddr3_sdram_dq[4]. (constraint file  c:/Users/Chick/MicrocontrollerFPGA/MicrocontrollerFPGA.gen/sources_1/bd/design_1/ip/design_1_mig_7series_0_0/design_1_mig_7series_0_0/design_1_mig_7series_0_0_in_context.xdc, line 76).
Applied set_property IO_BUFFER_TYPE = NONE for ddr3_sdram_dq[5]. (constraint file  c:/Users/Chick/MicrocontrollerFPGA/MicrocontrollerFPGA.gen/sources_1/bd/design_1/ip/design_1_mig_7series_0_0/design_1_mig_7series_0_0/design_1_mig_7series_0_0_in_context.xdc, line 77).
Applied set_property CLOCK_BUFFER_TYPE = NONE for ddr3_sdram_dq[5]. (constraint file  c:/Users/Chick/MicrocontrollerFPGA/MicrocontrollerFPGA.gen/sources_1/bd/design_1/ip/design_1_mig_7series_0_0/design_1_mig_7series_0_0/design_1_mig_7series_0_0_in_context.xdc, line 78).
Applied set_property IO_BUFFER_TYPE = NONE for ddr3_sdram_dq[6]. (constraint file  c:/Users/Chick/MicrocontrollerFPGA/MicrocontrollerFPGA.gen/sources_1/bd/design_1/ip/design_1_mig_7series_0_0/design_1_mig_7series_0_0/design_1_mig_7series_0_0_in_context.xdc, line 79).
Applied set_property CLOCK_BUFFER_TYPE = NONE for ddr3_sdram_dq[6]. (constraint file  c:/Users/Chick/MicrocontrollerFPGA/MicrocontrollerFPGA.gen/sources_1/bd/design_1/ip/design_1_mig_7series_0_0/design_1_mig_7series_0_0/design_1_mig_7series_0_0_in_context.xdc, line 80).
Applied set_property IO_BUFFER_TYPE = NONE for ddr3_sdram_dq[7]. (constraint file  c:/Users/Chick/MicrocontrollerFPGA/MicrocontrollerFPGA.gen/sources_1/bd/design_1/ip/design_1_mig_7series_0_0/design_1_mig_7series_0_0/design_1_mig_7series_0_0_in_context.xdc, line 81).
Applied set_property CLOCK_BUFFER_TYPE = NONE for ddr3_sdram_dq[7]. (constraint file  c:/Users/Chick/MicrocontrollerFPGA/MicrocontrollerFPGA.gen/sources_1/bd/design_1/ip/design_1_mig_7series_0_0/design_1_mig_7series_0_0/design_1_mig_7series_0_0_in_context.xdc, line 82).
Applied set_property IO_BUFFER_TYPE = NONE for ddr3_sdram_dq[8]. (constraint file  c:/Users/Chick/MicrocontrollerFPGA/MicrocontrollerFPGA.gen/sources_1/bd/design_1/ip/design_1_mig_7series_0_0/design_1_mig_7series_0_0/design_1_mig_7series_0_0_in_context.xdc, line 83).
Applied set_property CLOCK_BUFFER_TYPE = NONE for ddr3_sdram_dq[8]. (constraint file  c:/Users/Chick/MicrocontrollerFPGA/MicrocontrollerFPGA.gen/sources_1/bd/design_1/ip/design_1_mig_7series_0_0/design_1_mig_7series_0_0/design_1_mig_7series_0_0_in_context.xdc, line 84).
Applied set_property IO_BUFFER_TYPE = NONE for ddr3_sdram_dq[9]. (constraint file  c:/Users/Chick/MicrocontrollerFPGA/MicrocontrollerFPGA.gen/sources_1/bd/design_1/ip/design_1_mig_7series_0_0/design_1_mig_7series_0_0/design_1_mig_7series_0_0_in_context.xdc, line 85).
Applied set_property CLOCK_BUFFER_TYPE = NONE for ddr3_sdram_dq[9]. (constraint file  c:/Users/Chick/MicrocontrollerFPGA/MicrocontrollerFPGA.gen/sources_1/bd/design_1/ip/design_1_mig_7series_0_0/design_1_mig_7series_0_0/design_1_mig_7series_0_0_in_context.xdc, line 86).
Applied set_property IO_BUFFER_TYPE = NONE for ddr3_sdram_dqs_n[0]. (constraint file  c:/Users/Chick/MicrocontrollerFPGA/MicrocontrollerFPGA.gen/sources_1/bd/design_1/ip/design_1_mig_7series_0_0/design_1_mig_7series_0_0/design_1_mig_7series_0_0_in_context.xdc, line 87).
Applied set_property CLOCK_BUFFER_TYPE = NONE for ddr3_sdram_dqs_n[0]. (constraint file  c:/Users/Chick/MicrocontrollerFPGA/MicrocontrollerFPGA.gen/sources_1/bd/design_1/ip/design_1_mig_7series_0_0/design_1_mig_7series_0_0/design_1_mig_7series_0_0_in_context.xdc, line 88).
Applied set_property IO_BUFFER_TYPE = NONE for ddr3_sdram_dqs_n[1]. (constraint file  c:/Users/Chick/MicrocontrollerFPGA/MicrocontrollerFPGA.gen/sources_1/bd/design_1/ip/design_1_mig_7series_0_0/design_1_mig_7series_0_0/design_1_mig_7series_0_0_in_context.xdc, line 89).
Applied set_property CLOCK_BUFFER_TYPE = NONE for ddr3_sdram_dqs_n[1]. (constraint file  c:/Users/Chick/MicrocontrollerFPGA/MicrocontrollerFPGA.gen/sources_1/bd/design_1/ip/design_1_mig_7series_0_0/design_1_mig_7series_0_0/design_1_mig_7series_0_0_in_context.xdc, line 90).
Applied set_property IO_BUFFER_TYPE = NONE for ddr3_sdram_dqs_p[0]. (constraint file  c:/Users/Chick/MicrocontrollerFPGA/MicrocontrollerFPGA.gen/sources_1/bd/design_1/ip/design_1_mig_7series_0_0/design_1_mig_7series_0_0/design_1_mig_7series_0_0_in_context.xdc, line 91).
Applied set_property CLOCK_BUFFER_TYPE = NONE for ddr3_sdram_dqs_p[0]. (constraint file  c:/Users/Chick/MicrocontrollerFPGA/MicrocontrollerFPGA.gen/sources_1/bd/design_1/ip/design_1_mig_7series_0_0/design_1_mig_7series_0_0/design_1_mig_7series_0_0_in_context.xdc, line 92).
Applied set_property IO_BUFFER_TYPE = NONE for ddr3_sdram_dqs_p[1]. (constraint file  c:/Users/Chick/MicrocontrollerFPGA/MicrocontrollerFPGA.gen/sources_1/bd/design_1/ip/design_1_mig_7series_0_0/design_1_mig_7series_0_0/design_1_mig_7series_0_0_in_context.xdc, line 93).
Applied set_property CLOCK_BUFFER_TYPE = NONE for ddr3_sdram_dqs_p[1]. (constraint file  c:/Users/Chick/MicrocontrollerFPGA/MicrocontrollerFPGA.gen/sources_1/bd/design_1/ip/design_1_mig_7series_0_0/design_1_mig_7series_0_0/design_1_mig_7series_0_0_in_context.xdc, line 94).
Applied set_property IO_BUFFER_TYPE = NONE for ddr3_sdram_odt[0]. (constraint file  c:/Users/Chick/MicrocontrollerFPGA/MicrocontrollerFPGA.gen/sources_1/bd/design_1/ip/design_1_mig_7series_0_0/design_1_mig_7series_0_0/design_1_mig_7series_0_0_in_context.xdc, line 95).
Applied set_property CLOCK_BUFFER_TYPE = NONE for ddr3_sdram_odt[0]. (constraint file  c:/Users/Chick/MicrocontrollerFPGA/MicrocontrollerFPGA.gen/sources_1/bd/design_1/ip/design_1_mig_7series_0_0/design_1_mig_7series_0_0/design_1_mig_7series_0_0_in_context.xdc, line 96).
Applied set_property IO_BUFFER_TYPE = NONE for ddr3_sdram_ras_n. (constraint file  c:/Users/Chick/MicrocontrollerFPGA/MicrocontrollerFPGA.gen/sources_1/bd/design_1/ip/design_1_mig_7series_0_0/design_1_mig_7series_0_0/design_1_mig_7series_0_0_in_context.xdc, line 97).
Applied set_property CLOCK_BUFFER_TYPE = NONE for ddr3_sdram_ras_n. (constraint file  c:/Users/Chick/MicrocontrollerFPGA/MicrocontrollerFPGA.gen/sources_1/bd/design_1/ip/design_1_mig_7series_0_0/design_1_mig_7series_0_0/design_1_mig_7series_0_0_in_context.xdc, line 98).
Applied set_property IO_BUFFER_TYPE = NONE for ddr3_sdram_reset_n. (constraint file  c:/Users/Chick/MicrocontrollerFPGA/MicrocontrollerFPGA.gen/sources_1/bd/design_1/ip/design_1_mig_7series_0_0/design_1_mig_7series_0_0/design_1_mig_7series_0_0_in_context.xdc, line 99).
Applied set_property CLOCK_BUFFER_TYPE = NONE for ddr3_sdram_reset_n. (constraint file  c:/Users/Chick/MicrocontrollerFPGA/MicrocontrollerFPGA.gen/sources_1/bd/design_1/ip/design_1_mig_7series_0_0/design_1_mig_7series_0_0/design_1_mig_7series_0_0_in_context.xdc, line 100).
Applied set_property IO_BUFFER_TYPE = NONE for ddr3_sdram_we_n. (constraint file  c:/Users/Chick/MicrocontrollerFPGA/MicrocontrollerFPGA.gen/sources_1/bd/design_1/ip/design_1_mig_7series_0_0/design_1_mig_7series_0_0/design_1_mig_7series_0_0_in_context.xdc, line 101).
Applied set_property CLOCK_BUFFER_TYPE = NONE for ddr3_sdram_we_n. (constraint file  c:/Users/Chick/MicrocontrollerFPGA/MicrocontrollerFPGA.gen/sources_1/bd/design_1/ip/design_1_mig_7series_0_0/design_1_mig_7series_0_0/design_1_mig_7series_0_0_in_context.xdc, line 102).
Applied set_property KEEP_HIERARCHY = SOFT for design_1_i. (constraint file  auto generated constraint).
Applied set_property KEEP_HIERARCHY = SOFT for design_1_i/clk_wiz_0. (constraint file  auto generated constraint).
Applied set_property KEEP_HIERARCHY = SOFT for design_1_i/mig_7series_0. (constraint file  auto generated constraint).
Applied set_property KEEP_HIERARCHY = SOFT for design_1_i/microblaze_0. (constraint file  auto generated constraint).
Applied set_property KEEP_HIERARCHY = SOFT for design_1_i/microblaze_0_local_memory/dlmb_v10. (constraint file  auto generated constraint).
Applied set_property KEEP_HIERARCHY = SOFT for design_1_i/microblaze_0_local_memory/ilmb_v10. (constraint file  auto generated constraint).
Applied set_property KEEP_HIERARCHY = SOFT for design_1_i/microblaze_0_local_memory/dlmb_bram_if_cntlr. (constraint file  auto generated constraint).
Applied set_property KEEP_HIERARCHY = SOFT for design_1_i/microblaze_0_local_memory/ilmb_bram_if_cntlr. (constraint file  auto generated constraint).
Applied set_property KEEP_HIERARCHY = SOFT for design_1_i/microblaze_0_local_memory/lmb_bram. (constraint file  auto generated constraint).
Applied set_property KEEP_HIERARCHY = SOFT for design_1_i/mdm_1. (constraint file  auto generated constraint).
Applied set_property KEEP_HIERARCHY = SOFT for design_1_i/rst_mig_7series_0_81M. (constraint file  auto generated constraint).
Applied set_property KEEP_HIERARCHY = SOFT for design_1_i/axi_smc. (constraint file  auto generated constraint).
Applied set_property KEEP_HIERARCHY = SOFT for design_1_i/axi_uartlite_0. (constraint file  auto generated constraint).
Applied set_property KEEP_HIERARCHY = SOFT for design_1_i/led_fsm_0. (constraint file  auto generated constraint).
Applied set_property KEEP_HIERARCHY = SOFT for design_1_i/ila_0. (constraint file  auto generated constraint).
Applied set_property KEEP_HIERARCHY = SOFT for design_1_i/axi_gpio_0. (constraint file  auto generated constraint).
---------------------------------------------------------------------------------
Finished applying 'set_property' XDC Constraints : Time (s): cpu = 00:00:15 ; elapsed = 00:00:16 . Memory (MB): peak = 1323.152 ; gain = 28.977
---------------------------------------------------------------------------------
---------------------------------------------------------------------------------
Finished RTL Optimization Phase 2 : Time (s): cpu = 00:00:15 ; elapsed = 00:00:16 . Memory (MB): peak = 1323.152 ; gain = 28.977
---------------------------------------------------------------------------------
---------------------------------------------------------------------------------
Start RTL Component Statistics 
---------------------------------------------------------------------------------
Detailed RTL Component Info : 
---------------------------------------------------------------------------------
Finished RTL Component Statistics 
---------------------------------------------------------------------------------
---------------------------------------------------------------------------------
Start Part Resource Summary
---------------------------------------------------------------------------------
Part Resources:
DSPs: 120 (col length:60)
BRAMs: 150 (col length: RAMB18 60 RAMB36 30)
---------------------------------------------------------------------------------
Finished Part Resource Summary
---------------------------------------------------------------------------------
---------------------------------------------------------------------------------
Start Cross Boundary and Area Optimization
---------------------------------------------------------------------------------
WARNING: [Synth 8-7080] Parallel synthesis criteria is not met
---------------------------------------------------------------------------------
Finished Cross Boundary and Area Optimization : Time (s): cpu = 00:00:17 ; elapsed = 00:00:18 . Memory (MB): peak = 1323.152 ; gain = 28.977
---------------------------------------------------------------------------------
---------------------------------------------------------------------------------
Start Applying XDC Timing Constraints
---------------------------------------------------------------------------------
---------------------------------------------------------------------------------
Finished Applying XDC Timing Constraints : Time (s): cpu = 00:00:23 ; elapsed = 00:00:24 . Memory (MB): peak = 1323.152 ; gain = 28.977
---------------------------------------------------------------------------------
---------------------------------------------------------------------------------
Start Timing Optimization
---------------------------------------------------------------------------------
---------------------------------------------------------------------------------
Finished Timing Optimization : Time (s): cpu = 00:00:23 ; elapsed = 00:00:24 . Memory (MB): peak = 1323.152 ; gain = 28.977
---------------------------------------------------------------------------------
---------------------------------------------------------------------------------
Start Technology Mapping
---------------------------------------------------------------------------------
---------------------------------------------------------------------------------
Finished Technology Mapping : Time (s): cpu = 00:00:23 ; elapsed = 00:00:24 . Memory (MB): peak = 1342.027 ; gain = 47.852
---------------------------------------------------------------------------------
---------------------------------------------------------------------------------
Start IO Insertion
---------------------------------------------------------------------------------
---------------------------------------------------------------------------------
Start Flattening Before IO Insertion
---------------------------------------------------------------------------------
---------------------------------------------------------------------------------
Finished Flattening Before IO Insertion
---------------------------------------------------------------------------------
---------------------------------------------------------------------------------
Start Final Netlist Cleanup
---------------------------------------------------------------------------------
---------------------------------------------------------------------------------
Finished Final Netlist Cleanup
---------------------------------------------------------------------------------
---------------------------------------------------------------------------------
Finished IO Insertion : Time (s): cpu = 00:00:28 ; elapsed = 00:00:29 . Memory (MB): peak = 1346.828 ; gain = 52.652
---------------------------------------------------------------------------------
---------------------------------------------------------------------------------
Start Renaming Generated Instances
---------------------------------------------------------------------------------
---------------------------------------------------------------------------------
Finished Renaming Generated Instances : Time (s): cpu = 00:00:28 ; elapsed = 00:00:29 . Memory (MB): peak = 1346.828 ; gain = 52.652
---------------------------------------------------------------------------------
---------------------------------------------------------------------------------
Start Rebuilding User Hierarchy
---------------------------------------------------------------------------------
---------------------------------------------------------------------------------
Finished Rebuilding User Hierarchy : Time (s): cpu = 00:00:28 ; elapsed = 00:00:29 . Memory (MB): peak = 1346.828 ; gain = 52.652
---------------------------------------------------------------------------------
---------------------------------------------------------------------------------
Start Renaming Generated Ports
---------------------------------------------------------------------------------
---------------------------------------------------------------------------------
Finished Renaming Generated Ports : Time (s): cpu = 00:00:28 ; elapsed = 00:00:29 . Memory (MB): peak = 1346.828 ; gain = 52.652
---------------------------------------------------------------------------------
---------------------------------------------------------------------------------
Start Handling Custom Attributes
---------------------------------------------------------------------------------
---------------------------------------------------------------------------------
Finished Handling Custom Attributes : Time (s): cpu = 00:00:28 ; elapsed = 00:00:29 . Memory (MB): peak = 1346.828 ; gain = 52.652
---------------------------------------------------------------------------------
---------------------------------------------------------------------------------
Start Renaming Generated Nets
---------------------------------------------------------------------------------
---------------------------------------------------------------------------------
Finished Renaming Generated Nets : Time (s): cpu = 00:00:28 ; elapsed = 00:00:29 . Memory (MB): peak = 1346.828 ; gain = 52.652
---------------------------------------------------------------------------------
---------------------------------------------------------------------------------
Start Writing Synthesis Report
---------------------------------------------------------------------------------

Report BlackBoxes: 
+------+---------------------------------+----------+
|      |BlackBox name                    |Instances |
+------+---------------------------------+----------+
|1     |design_1_axi_gpio_0_0            |         1|
|2     |design_1_axi_smc_0               |         1|
|3     |design_1_axi_uartlite_0_0        |         1|
|4     |design_1_clk_wiz_0_0             |         1|
|5     |design_1_ila_0_0                 |         1|
|6     |design_1_led_fsm_0_0             |         1|
|7     |design_1_mdm_1_0                 |         1|
|8     |design_1_microblaze_0_0          |         1|
|9     |design_1_mig_7series_0_0         |         1|
|10    |design_1_rst_mig_7series_0_81M_0 |         1|
|11    |design_1_dlmb_bram_if_cntlr_0    |         1|
|12    |design_1_dlmb_v10_0              |         1|
|13    |design_1_ilmb_bram_if_cntlr_0    |         1|
|14    |design_1_ilmb_v10_0              |         1|
|15    |design_1_lmb_bram_0              |         1|
+------+---------------------------------+----------+

Report Cell Usage: 
+------+-------------------------------+------+
|      |Cell                           |Count |
+------+-------------------------------+------+
|1     |design_1_axi_gpio_0            |     1|
|2     |design_1_axi_smc               |     1|
|3     |design_1_axi_uartlite_0        |     1|
|4     |design_1_clk_wiz_0             |     1|
|5     |design_1_dlmb_bram_if_cntlr    |     1|
|6     |design_1_dlmb_v10              |     1|
|7     |design_1_ila_0                 |     1|
|8     |design_1_ilmb_bram_if_cntlr    |     1|
|9     |design_1_ilmb_v10              |     1|
|10    |design_1_led_fsm_0             |     1|
|11    |design_1_lmb_bram              |     1|
|12    |design_1_mdm_1                 |     1|
|13    |design_1_microblaze_0          |     1|
|14    |design_1_mig_7series_0         |     1|
|15    |design_1_rst_mig_7series_0_81M |     1|
|16    |IBUF                           |     6|
|17    |OBUF                           |     5|
+------+-------------------------------+------+
---------------------------------------------------------------------------------
Finished Writing Synthesis Report : Time (s): cpu = 00:00:28 ; elapsed = 00:00:29 . Memory (MB): peak = 1346.828 ; gain = 52.652
---------------------------------------------------------------------------------
Synthesis finished with 0 errors, 0 critical warnings and 1 warnings.
Synthesis Optimization Runtime : Time (s): cpu = 00:00:19 ; elapsed = 00:00:27 . Memory (MB): peak = 1346.828 ; gain = 52.652
Synthesis Optimization Complete : Time (s): cpu = 00:00:28 ; elapsed = 00:00:29 . Memory (MB): peak = 1346.828 ; gain = 52.652
INFO: [Project 1-571] Translating synthesized netlist
Netlist sorting complete. Time (s): cpu = 00:00:00 ; elapsed = 00:00:00.024 . Memory (MB): peak = 1358.848 ; gain = 0.000
INFO: [Project 1-570] Preparing netlist for logic optimization
INFO: [Opt 31-138] Pushed 0 inverter(s) to 0 load pin(s).
Netlist sorting complete. Time (s): cpu = 00:00:00 ; elapsed = 00:00:00 . Memory (MB): peak = 1367.492 ; gain = 0.000
INFO: [Project 1-111] Unisim Transformation Summary:
No Unisim elements were transformed.

Synth Design complete, checksum: e120b905
INFO: [Common 17-83] Releasing license: Synthesis
62 Infos, 43 Warnings, 0 Critical Warnings and 0 Errors encountered.
synth_design completed successfully
synth_design: Time (s): cpu = 00:00:32 ; elapsed = 00:00:33 . Memory (MB): peak = 1367.492 ; gain = 73.316
INFO: [Common 17-1381] The checkpoint 'C:/Users/Chick/MicrocontrollerFPGA/MicrocontrollerFPGA.runs/synth_1/design_1_wrapper.dcp' has been generated.
INFO: [runtcl-4] Executing : report_utilization -file design_1_wrapper_utilization_synth.rpt -pb design_1_wrapper_utilization_synth.pb
INFO: [Common 17-206] Exiting Vivado at Sun Aug 14 23:30:54 2022...
